[2020-09-21 14:56:55,243] {taskinstance.py:669} INFO - Dependencies all met for <TaskInstance: dag_homer_essay.wr_body 2020-07-27T00:00:00+00:00 [queued]>
[2020-09-21 14:56:55,261] {taskinstance.py:669} INFO - Dependencies all met for <TaskInstance: dag_homer_essay.wr_body 2020-07-27T00:00:00+00:00 [queued]>
[2020-09-21 14:56:55,261] {taskinstance.py:879} INFO - 
--------------------------------------------------------------------------------
[2020-09-21 14:56:55,262] {taskinstance.py:880} INFO - Starting attempt 1 of 1
[2020-09-21 14:56:55,262] {taskinstance.py:881} INFO - 
--------------------------------------------------------------------------------
[2020-09-21 14:56:55,273] {taskinstance.py:900} INFO - Executing <Task(PythonOperator): wr_body> on 2020-07-27T00:00:00+00:00
[2020-09-21 14:56:55,275] {standard_task_runner.py:53} INFO - Started process 20937 to run task
[2020-09-21 14:56:55,402] {logging_mixin.py:112} INFO - Running %s on host %s <TaskInstance: dag_homer_essay.wr_body 2020-07-27T00:00:00+00:00 [running]> b349191ed544
[2020-09-21 14:56:55,423] {logging_mixin.py:112} INFO - Púdrete Flanders
[2020-09-21 14:56:55,423] {logging_mixin.py:112} INFO - Púdrete Flanders
[2020-09-21 14:56:55,423] {logging_mixin.py:112} INFO - Púdrete Flanders
[2020-09-21 14:56:55,423] {logging_mixin.py:112} INFO - Púdrete Flanders
[2020-09-21 14:56:55,424] {logging_mixin.py:112} INFO - Púdrete Flanders
[2020-09-21 14:56:55,424] {logging_mixin.py:112} INFO - Púdrete Flanders
[2020-09-21 14:56:55,424] {logging_mixin.py:112} INFO - Púdrete Flanders
[2020-09-21 14:56:55,424] {logging_mixin.py:112} INFO - Púdrete Flanders
[2020-09-21 14:56:55,424] {logging_mixin.py:112} INFO - Púdrete Flanders
[2020-09-21 14:56:55,424] {logging_mixin.py:112} INFO - Púdrete Flanders
[2020-09-21 14:56:55,424] {logging_mixin.py:112} INFO - Púdrete Flanders
[2020-09-21 14:56:55,424] {logging_mixin.py:112} INFO - Púdrete Flanders
[2020-09-21 14:56:55,424] {logging_mixin.py:112} INFO - Púdrete Flanders
[2020-09-21 14:56:55,424] {logging_mixin.py:112} INFO - Púdrete Flanders
[2020-09-21 14:56:55,424] {logging_mixin.py:112} INFO - Púdrete Flanders
[2020-09-21 14:56:55,424] {logging_mixin.py:112} INFO - Púdrete Flanders
[2020-09-21 14:56:55,424] {logging_mixin.py:112} INFO - Púdrete Flanders
[2020-09-21 14:56:55,424] {logging_mixin.py:112} INFO - Púdrete Flanders
[2020-09-21 14:56:55,424] {logging_mixin.py:112} INFO - Púdrete Flanders
[2020-09-21 14:56:55,424] {logging_mixin.py:112} INFO - Púdrete Flanders
[2020-09-21 14:56:55,424] {logging_mixin.py:112} INFO - Púdrete Flanders
[2020-09-21 14:56:55,424] {logging_mixin.py:112} INFO - Púdrete Flanders
[2020-09-21 14:56:55,424] {logging_mixin.py:112} INFO - Púdrete Flanders
[2020-09-21 14:56:55,424] {logging_mixin.py:112} INFO - Púdrete Flanders
[2020-09-21 14:56:55,424] {logging_mixin.py:112} INFO - Púdrete Flanders
[2020-09-21 14:56:55,424] {logging_mixin.py:112} INFO - Púdrete Flanders
[2020-09-21 14:56:55,425] {logging_mixin.py:112} INFO - Púdrete Flanders
[2020-09-21 14:56:55,425] {logging_mixin.py:112} INFO - Púdrete Flanders
[2020-09-21 14:56:55,425] {logging_mixin.py:112} INFO - Púdrete Flanders
[2020-09-21 14:56:55,425] {logging_mixin.py:112} INFO - Púdrete Flanders
[2020-09-21 14:56:55,425] {logging_mixin.py:112} INFO - Púdrete Flanders
[2020-09-21 14:56:55,425] {logging_mixin.py:112} INFO - Púdrete Flanders
[2020-09-21 14:56:55,425] {logging_mixin.py:112} INFO - Púdrete Flanders
[2020-09-21 14:56:55,425] {logging_mixin.py:112} INFO - Púdrete Flanders
[2020-09-21 14:56:55,425] {logging_mixin.py:112} INFO - Púdrete Flanders
[2020-09-21 14:56:55,425] {logging_mixin.py:112} INFO - Púdrete Flanders
[2020-09-21 14:56:55,425] {logging_mixin.py:112} INFO - Púdrete Flanders
[2020-09-21 14:56:55,425] {logging_mixin.py:112} INFO - Púdrete Flanders
[2020-09-21 14:56:55,425] {logging_mixin.py:112} INFO - Púdrete Flanders
[2020-09-21 14:56:55,425] {logging_mixin.py:112} INFO - Púdrete Flanders
[2020-09-21 14:56:55,425] {logging_mixin.py:112} INFO - Púdrete Flanders
[2020-09-21 14:56:55,425] {logging_mixin.py:112} INFO - Púdrete Flanders
[2020-09-21 14:56:55,425] {logging_mixin.py:112} INFO - Púdrete Flanders
[2020-09-21 14:56:55,425] {logging_mixin.py:112} INFO - Púdrete Flanders
[2020-09-21 14:56:55,425] {logging_mixin.py:112} INFO - Púdrete Flanders
[2020-09-21 14:56:55,425] {logging_mixin.py:112} INFO - Púdrete Flanders
[2020-09-21 14:56:55,425] {logging_mixin.py:112} INFO - Púdrete Flanders
[2020-09-21 14:56:55,425] {logging_mixin.py:112} INFO - Púdrete Flanders
[2020-09-21 14:56:55,426] {logging_mixin.py:112} INFO - Púdrete Flanders
[2020-09-21 14:56:55,426] {logging_mixin.py:112} INFO - Púdrete Flanders
[2020-09-21 14:56:55,426] {python_operator.py:114} INFO - Done. Returned value was: None
[2020-09-21 14:56:55,435] {taskinstance.py:1065} INFO - Marking task as SUCCESS.dag_id=dag_homer_essay, task_id=wr_body, execution_date=20200727T000000, start_date=20200921T145655, end_date=20200921T145655
[2020-09-21 14:57:05,221] {logging_mixin.py:112} INFO - [2020-09-21 14:57:05,221] {local_task_job.py:103} INFO - Task exited with return code 0
