[2020-09-21 15:01:33,790] {taskinstance.py:669} INFO - Dependencies all met for <TaskInstance: dag_homer_essay.wr_body 2020-08-19T00:00:00+00:00 [queued]>
[2020-09-21 15:01:33,817] {taskinstance.py:669} INFO - Dependencies all met for <TaskInstance: dag_homer_essay.wr_body 2020-08-19T00:00:00+00:00 [queued]>
[2020-09-21 15:01:33,818] {taskinstance.py:879} INFO - 
--------------------------------------------------------------------------------
[2020-09-21 15:01:33,818] {taskinstance.py:880} INFO - Starting attempt 1 of 1
[2020-09-21 15:01:33,818] {taskinstance.py:881} INFO - 
--------------------------------------------------------------------------------
[2020-09-21 15:01:33,832] {taskinstance.py:900} INFO - Executing <Task(PythonOperator): wr_body> on 2020-08-19T00:00:00+00:00
[2020-09-21 15:01:33,836] {standard_task_runner.py:53} INFO - Started process 24803 to run task
[2020-09-21 15:01:33,987] {logging_mixin.py:112} INFO - Running %s on host %s <TaskInstance: dag_homer_essay.wr_body 2020-08-19T00:00:00+00:00 [running]> b349191ed544
[2020-09-21 15:01:34,008] {logging_mixin.py:112} INFO - Púdrete Flanders
[2020-09-21 15:01:34,008] {logging_mixin.py:112} INFO - Púdrete Flanders
[2020-09-21 15:01:34,008] {logging_mixin.py:112} INFO - Púdrete Flanders
[2020-09-21 15:01:34,008] {logging_mixin.py:112} INFO - Púdrete Flanders
[2020-09-21 15:01:34,008] {logging_mixin.py:112} INFO - Púdrete Flanders
[2020-09-21 15:01:34,008] {logging_mixin.py:112} INFO - Púdrete Flanders
[2020-09-21 15:01:34,008] {logging_mixin.py:112} INFO - Púdrete Flanders
[2020-09-21 15:01:34,008] {logging_mixin.py:112} INFO - Púdrete Flanders
[2020-09-21 15:01:34,008] {logging_mixin.py:112} INFO - Púdrete Flanders
[2020-09-21 15:01:34,008] {logging_mixin.py:112} INFO - Púdrete Flanders
[2020-09-21 15:01:34,008] {logging_mixin.py:112} INFO - Púdrete Flanders
[2020-09-21 15:01:34,008] {logging_mixin.py:112} INFO - Púdrete Flanders
[2020-09-21 15:01:34,008] {logging_mixin.py:112} INFO - Púdrete Flanders
[2020-09-21 15:01:34,008] {logging_mixin.py:112} INFO - Púdrete Flanders
[2020-09-21 15:01:34,008] {logging_mixin.py:112} INFO - Púdrete Flanders
[2020-09-21 15:01:34,008] {logging_mixin.py:112} INFO - Púdrete Flanders
[2020-09-21 15:01:34,008] {logging_mixin.py:112} INFO - Púdrete Flanders
[2020-09-21 15:01:34,008] {logging_mixin.py:112} INFO - Púdrete Flanders
[2020-09-21 15:01:34,008] {logging_mixin.py:112} INFO - Púdrete Flanders
[2020-09-21 15:01:34,008] {logging_mixin.py:112} INFO - Púdrete Flanders
[2020-09-21 15:01:34,008] {logging_mixin.py:112} INFO - Púdrete Flanders
[2020-09-21 15:01:34,009] {logging_mixin.py:112} INFO - Púdrete Flanders
[2020-09-21 15:01:34,009] {logging_mixin.py:112} INFO - Púdrete Flanders
[2020-09-21 15:01:34,009] {logging_mixin.py:112} INFO - Púdrete Flanders
[2020-09-21 15:01:34,009] {logging_mixin.py:112} INFO - Púdrete Flanders
[2020-09-21 15:01:34,009] {logging_mixin.py:112} INFO - Púdrete Flanders
[2020-09-21 15:01:34,009] {logging_mixin.py:112} INFO - Púdrete Flanders
[2020-09-21 15:01:34,009] {logging_mixin.py:112} INFO - Púdrete Flanders
[2020-09-21 15:01:34,009] {logging_mixin.py:112} INFO - Púdrete Flanders
[2020-09-21 15:01:34,009] {logging_mixin.py:112} INFO - Púdrete Flanders
[2020-09-21 15:01:34,009] {logging_mixin.py:112} INFO - Púdrete Flanders
[2020-09-21 15:01:34,009] {logging_mixin.py:112} INFO - Púdrete Flanders
[2020-09-21 15:01:34,009] {logging_mixin.py:112} INFO - Púdrete Flanders
[2020-09-21 15:01:34,009] {logging_mixin.py:112} INFO - Púdrete Flanders
[2020-09-21 15:01:34,009] {logging_mixin.py:112} INFO - Púdrete Flanders
[2020-09-21 15:01:34,009] {logging_mixin.py:112} INFO - Púdrete Flanders
[2020-09-21 15:01:34,009] {logging_mixin.py:112} INFO - Púdrete Flanders
[2020-09-21 15:01:34,009] {logging_mixin.py:112} INFO - Púdrete Flanders
[2020-09-21 15:01:34,009] {logging_mixin.py:112} INFO - Púdrete Flanders
[2020-09-21 15:01:34,009] {logging_mixin.py:112} INFO - Púdrete Flanders
[2020-09-21 15:01:34,009] {logging_mixin.py:112} INFO - Púdrete Flanders
[2020-09-21 15:01:34,009] {logging_mixin.py:112} INFO - Púdrete Flanders
[2020-09-21 15:01:34,009] {logging_mixin.py:112} INFO - Púdrete Flanders
[2020-09-21 15:01:34,009] {logging_mixin.py:112} INFO - Púdrete Flanders
[2020-09-21 15:01:34,010] {logging_mixin.py:112} INFO - Púdrete Flanders
[2020-09-21 15:01:34,010] {logging_mixin.py:112} INFO - Púdrete Flanders
[2020-09-21 15:01:34,010] {logging_mixin.py:112} INFO - Púdrete Flanders
[2020-09-21 15:01:34,010] {logging_mixin.py:112} INFO - Púdrete Flanders
[2020-09-21 15:01:34,010] {logging_mixin.py:112} INFO - Púdrete Flanders
[2020-09-21 15:01:34,010] {logging_mixin.py:112} INFO - Púdrete Flanders
[2020-09-21 15:01:34,010] {python_operator.py:114} INFO - Done. Returned value was: None
[2020-09-21 15:01:34,018] {taskinstance.py:1065} INFO - Marking task as SUCCESS.dag_id=dag_homer_essay, task_id=wr_body, execution_date=20200819T000000, start_date=20200921T150133, end_date=20200921T150134
[2020-09-21 15:01:43,770] {logging_mixin.py:112} INFO - [2020-09-21 15:01:43,770] {local_task_job.py:103} INFO - Task exited with return code 0
