[2020-09-21 14:43:36,490] {taskinstance.py:669} INFO - Dependencies all met for <TaskInstance: dag_homer_essay.wr_body 2020-09-21T14:42:52.026094+00:00 [queued]>
[2020-09-21 14:43:36,511] {taskinstance.py:669} INFO - Dependencies all met for <TaskInstance: dag_homer_essay.wr_body 2020-09-21T14:42:52.026094+00:00 [queued]>
[2020-09-21 14:43:36,511] {taskinstance.py:879} INFO - 
--------------------------------------------------------------------------------
[2020-09-21 14:43:36,511] {taskinstance.py:880} INFO - Starting attempt 1 of 1
[2020-09-21 14:43:36,511] {taskinstance.py:881} INFO - 
--------------------------------------------------------------------------------
[2020-09-21 14:43:36,526] {taskinstance.py:900} INFO - Executing <Task(PythonOperator): wr_body> on 2020-09-21T14:42:52.026094+00:00
[2020-09-21 14:43:36,529] {standard_task_runner.py:53} INFO - Started process 9848 to run task
[2020-09-21 14:43:36,702] {logging_mixin.py:112} INFO - Running %s on host %s <TaskInstance: dag_homer_essay.wr_body 2020-09-21T14:42:52.026094+00:00 [running]> b349191ed544
[2020-09-21 14:43:36,725] {logging_mixin.py:112} INFO - Púdrete Flanders
[2020-09-21 14:43:36,726] {logging_mixin.py:112} INFO - Púdrete Flanders
[2020-09-21 14:43:36,726] {logging_mixin.py:112} INFO - Púdrete Flanders
[2020-09-21 14:43:36,726] {logging_mixin.py:112} INFO - Púdrete Flanders
[2020-09-21 14:43:36,726] {logging_mixin.py:112} INFO - Púdrete Flanders
[2020-09-21 14:43:36,726] {logging_mixin.py:112} INFO - Púdrete Flanders
[2020-09-21 14:43:36,726] {logging_mixin.py:112} INFO - Púdrete Flanders
[2020-09-21 14:43:36,726] {logging_mixin.py:112} INFO - Púdrete Flanders
[2020-09-21 14:43:36,726] {logging_mixin.py:112} INFO - Púdrete Flanders
[2020-09-21 14:43:36,726] {logging_mixin.py:112} INFO - Púdrete Flanders
[2020-09-21 14:43:36,726] {logging_mixin.py:112} INFO - Púdrete Flanders
[2020-09-21 14:43:36,727] {logging_mixin.py:112} INFO - Púdrete Flanders
[2020-09-21 14:43:36,727] {logging_mixin.py:112} INFO - Púdrete Flanders
[2020-09-21 14:43:36,727] {logging_mixin.py:112} INFO - Púdrete Flanders
[2020-09-21 14:43:36,727] {logging_mixin.py:112} INFO - Púdrete Flanders
[2020-09-21 14:43:36,727] {logging_mixin.py:112} INFO - Púdrete Flanders
[2020-09-21 14:43:36,727] {logging_mixin.py:112} INFO - Púdrete Flanders
[2020-09-21 14:43:36,727] {logging_mixin.py:112} INFO - Púdrete Flanders
[2020-09-21 14:43:36,727] {logging_mixin.py:112} INFO - Púdrete Flanders
[2020-09-21 14:43:36,727] {logging_mixin.py:112} INFO - Púdrete Flanders
[2020-09-21 14:43:36,727] {logging_mixin.py:112} INFO - Púdrete Flanders
[2020-09-21 14:43:36,727] {logging_mixin.py:112} INFO - Púdrete Flanders
[2020-09-21 14:43:36,727] {logging_mixin.py:112} INFO - Púdrete Flanders
[2020-09-21 14:43:36,727] {logging_mixin.py:112} INFO - Púdrete Flanders
[2020-09-21 14:43:36,727] {logging_mixin.py:112} INFO - Púdrete Flanders
[2020-09-21 14:43:36,727] {logging_mixin.py:112} INFO - Púdrete Flanders
[2020-09-21 14:43:36,728] {logging_mixin.py:112} INFO - Púdrete Flanders
[2020-09-21 14:43:36,728] {logging_mixin.py:112} INFO - Púdrete Flanders
[2020-09-21 14:43:36,728] {logging_mixin.py:112} INFO - Púdrete Flanders
[2020-09-21 14:43:36,728] {logging_mixin.py:112} INFO - Púdrete Flanders
[2020-09-21 14:43:36,728] {logging_mixin.py:112} INFO - Púdrete Flanders
[2020-09-21 14:43:36,728] {logging_mixin.py:112} INFO - Púdrete Flanders
[2020-09-21 14:43:36,728] {logging_mixin.py:112} INFO - Púdrete Flanders
[2020-09-21 14:43:36,728] {logging_mixin.py:112} INFO - Púdrete Flanders
[2020-09-21 14:43:36,728] {logging_mixin.py:112} INFO - Púdrete Flanders
[2020-09-21 14:43:36,728] {logging_mixin.py:112} INFO - Púdrete Flanders
[2020-09-21 14:43:36,728] {logging_mixin.py:112} INFO - Púdrete Flanders
[2020-09-21 14:43:36,728] {logging_mixin.py:112} INFO - Púdrete Flanders
[2020-09-21 14:43:36,728] {logging_mixin.py:112} INFO - Púdrete Flanders
[2020-09-21 14:43:36,728] {logging_mixin.py:112} INFO - Púdrete Flanders
[2020-09-21 14:43:36,729] {logging_mixin.py:112} INFO - Púdrete Flanders
[2020-09-21 14:43:36,729] {logging_mixin.py:112} INFO - Púdrete Flanders
[2020-09-21 14:43:36,729] {logging_mixin.py:112} INFO - Púdrete Flanders
[2020-09-21 14:43:36,729] {logging_mixin.py:112} INFO - Púdrete Flanders
[2020-09-21 14:43:36,729] {logging_mixin.py:112} INFO - Púdrete Flanders
[2020-09-21 14:43:36,729] {logging_mixin.py:112} INFO - Púdrete Flanders
[2020-09-21 14:43:36,729] {logging_mixin.py:112} INFO - Púdrete Flanders
[2020-09-21 14:43:36,729] {logging_mixin.py:112} INFO - Púdrete Flanders
[2020-09-21 14:43:36,729] {logging_mixin.py:112} INFO - Púdrete Flanders
[2020-09-21 14:43:36,729] {logging_mixin.py:112} INFO - Púdrete Flanders
[2020-09-21 14:43:36,729] {python_operator.py:114} INFO - Done. Returned value was: None
[2020-09-21 14:43:36,740] {taskinstance.py:1065} INFO - Marking task as SUCCESS.dag_id=dag_homer_essay, task_id=wr_body, execution_date=20200921T144252, start_date=20200921T144336, end_date=20200921T144336
[2020-09-21 14:43:46,484] {logging_mixin.py:112} INFO - [2020-09-21 14:43:46,483] {local_task_job.py:103} INFO - Task exited with return code 0
