[2020-09-21 14:54:17,094] {taskinstance.py:669} INFO - Dependencies all met for <TaskInstance: dag_homer_essay.wr_body 2020-07-14T00:00:00+00:00 [queued]>
[2020-09-21 14:54:17,119] {taskinstance.py:669} INFO - Dependencies all met for <TaskInstance: dag_homer_essay.wr_body 2020-07-14T00:00:00+00:00 [queued]>
[2020-09-21 14:54:17,119] {taskinstance.py:879} INFO - 
--------------------------------------------------------------------------------
[2020-09-21 14:54:17,119] {taskinstance.py:880} INFO - Starting attempt 1 of 1
[2020-09-21 14:54:17,119] {taskinstance.py:881} INFO - 
--------------------------------------------------------------------------------
[2020-09-21 14:54:17,127] {taskinstance.py:900} INFO - Executing <Task(PythonOperator): wr_body> on 2020-07-14T00:00:00+00:00
[2020-09-21 14:54:17,129] {standard_task_runner.py:53} INFO - Started process 18743 to run task
[2020-09-21 14:54:17,236] {logging_mixin.py:112} INFO - Running %s on host %s <TaskInstance: dag_homer_essay.wr_body 2020-07-14T00:00:00+00:00 [running]> b349191ed544
[2020-09-21 14:54:17,257] {logging_mixin.py:112} INFO - Púdrete Flanders
[2020-09-21 14:54:17,257] {logging_mixin.py:112} INFO - Púdrete Flanders
[2020-09-21 14:54:17,257] {logging_mixin.py:112} INFO - Púdrete Flanders
[2020-09-21 14:54:17,258] {logging_mixin.py:112} INFO - Púdrete Flanders
[2020-09-21 14:54:17,258] {logging_mixin.py:112} INFO - Púdrete Flanders
[2020-09-21 14:54:17,258] {logging_mixin.py:112} INFO - Púdrete Flanders
[2020-09-21 14:54:17,258] {logging_mixin.py:112} INFO - Púdrete Flanders
[2020-09-21 14:54:17,258] {logging_mixin.py:112} INFO - Púdrete Flanders
[2020-09-21 14:54:17,258] {logging_mixin.py:112} INFO - Púdrete Flanders
[2020-09-21 14:54:17,258] {logging_mixin.py:112} INFO - Púdrete Flanders
[2020-09-21 14:54:17,258] {logging_mixin.py:112} INFO - Púdrete Flanders
[2020-09-21 14:54:17,258] {logging_mixin.py:112} INFO - Púdrete Flanders
[2020-09-21 14:54:17,258] {logging_mixin.py:112} INFO - Púdrete Flanders
[2020-09-21 14:54:17,258] {logging_mixin.py:112} INFO - Púdrete Flanders
[2020-09-21 14:54:17,258] {logging_mixin.py:112} INFO - Púdrete Flanders
[2020-09-21 14:54:17,258] {logging_mixin.py:112} INFO - Púdrete Flanders
[2020-09-21 14:54:17,258] {logging_mixin.py:112} INFO - Púdrete Flanders
[2020-09-21 14:54:17,259] {logging_mixin.py:112} INFO - Púdrete Flanders
[2020-09-21 14:54:17,259] {logging_mixin.py:112} INFO - Púdrete Flanders
[2020-09-21 14:54:17,259] {logging_mixin.py:112} INFO - Púdrete Flanders
[2020-09-21 14:54:17,259] {logging_mixin.py:112} INFO - Púdrete Flanders
[2020-09-21 14:54:17,259] {logging_mixin.py:112} INFO - Púdrete Flanders
[2020-09-21 14:54:17,259] {logging_mixin.py:112} INFO - Púdrete Flanders
[2020-09-21 14:54:17,259] {logging_mixin.py:112} INFO - Púdrete Flanders
[2020-09-21 14:54:17,259] {logging_mixin.py:112} INFO - Púdrete Flanders
[2020-09-21 14:54:17,259] {logging_mixin.py:112} INFO - Púdrete Flanders
[2020-09-21 14:54:17,259] {logging_mixin.py:112} INFO - Púdrete Flanders
[2020-09-21 14:54:17,259] {logging_mixin.py:112} INFO - Púdrete Flanders
[2020-09-21 14:54:17,259] {logging_mixin.py:112} INFO - Púdrete Flanders
[2020-09-21 14:54:17,259] {logging_mixin.py:112} INFO - Púdrete Flanders
[2020-09-21 14:54:17,259] {logging_mixin.py:112} INFO - Púdrete Flanders
[2020-09-21 14:54:17,259] {logging_mixin.py:112} INFO - Púdrete Flanders
[2020-09-21 14:54:17,260] {logging_mixin.py:112} INFO - Púdrete Flanders
[2020-09-21 14:54:17,260] {logging_mixin.py:112} INFO - Púdrete Flanders
[2020-09-21 14:54:17,260] {logging_mixin.py:112} INFO - Púdrete Flanders
[2020-09-21 14:54:17,260] {logging_mixin.py:112} INFO - Púdrete Flanders
[2020-09-21 14:54:17,260] {logging_mixin.py:112} INFO - Púdrete Flanders
[2020-09-21 14:54:17,260] {logging_mixin.py:112} INFO - Púdrete Flanders
[2020-09-21 14:54:17,260] {logging_mixin.py:112} INFO - Púdrete Flanders
[2020-09-21 14:54:17,260] {logging_mixin.py:112} INFO - Púdrete Flanders
[2020-09-21 14:54:17,260] {logging_mixin.py:112} INFO - Púdrete Flanders
[2020-09-21 14:54:17,260] {logging_mixin.py:112} INFO - Púdrete Flanders
[2020-09-21 14:54:17,260] {logging_mixin.py:112} INFO - Púdrete Flanders
[2020-09-21 14:54:17,260] {logging_mixin.py:112} INFO - Púdrete Flanders
[2020-09-21 14:54:17,260] {logging_mixin.py:112} INFO - Púdrete Flanders
[2020-09-21 14:54:17,260] {logging_mixin.py:112} INFO - Púdrete Flanders
[2020-09-21 14:54:17,261] {logging_mixin.py:112} INFO - Púdrete Flanders
[2020-09-21 14:54:17,261] {logging_mixin.py:112} INFO - Púdrete Flanders
[2020-09-21 14:54:17,261] {logging_mixin.py:112} INFO - Púdrete Flanders
[2020-09-21 14:54:17,261] {logging_mixin.py:112} INFO - Púdrete Flanders
[2020-09-21 14:54:17,261] {python_operator.py:114} INFO - Done. Returned value was: None
[2020-09-21 14:54:17,272] {taskinstance.py:1065} INFO - Marking task as SUCCESS.dag_id=dag_homer_essay, task_id=wr_body, execution_date=20200714T000000, start_date=20200921T145417, end_date=20200921T145417
[2020-09-21 14:54:27,076] {logging_mixin.py:112} INFO - [2020-09-21 14:54:27,076] {local_task_job.py:103} INFO - Task exited with return code 0
