[2020-09-21 14:58:07,570] {taskinstance.py:669} INFO - Dependencies all met for <TaskInstance: dag_homer_essay.wr_body 2020-08-02T00:00:00+00:00 [queued]>
[2020-09-21 14:58:07,594] {taskinstance.py:669} INFO - Dependencies all met for <TaskInstance: dag_homer_essay.wr_body 2020-08-02T00:00:00+00:00 [queued]>
[2020-09-21 14:58:07,594] {taskinstance.py:879} INFO - 
--------------------------------------------------------------------------------
[2020-09-21 14:58:07,594] {taskinstance.py:880} INFO - Starting attempt 1 of 1
[2020-09-21 14:58:07,594] {taskinstance.py:881} INFO - 
--------------------------------------------------------------------------------
[2020-09-21 14:58:07,608] {taskinstance.py:900} INFO - Executing <Task(PythonOperator): wr_body> on 2020-08-02T00:00:00+00:00
[2020-09-21 14:58:07,611] {standard_task_runner.py:53} INFO - Started process 21937 to run task
[2020-09-21 14:58:07,780] {logging_mixin.py:112} INFO - Running %s on host %s <TaskInstance: dag_homer_essay.wr_body 2020-08-02T00:00:00+00:00 [running]> b349191ed544
[2020-09-21 14:58:07,801] {logging_mixin.py:112} INFO - Púdrete Flanders
[2020-09-21 14:58:07,802] {logging_mixin.py:112} INFO - Púdrete Flanders
[2020-09-21 14:58:07,802] {logging_mixin.py:112} INFO - Púdrete Flanders
[2020-09-21 14:58:07,802] {logging_mixin.py:112} INFO - Púdrete Flanders
[2020-09-21 14:58:07,802] {logging_mixin.py:112} INFO - Púdrete Flanders
[2020-09-21 14:58:07,802] {logging_mixin.py:112} INFO - Púdrete Flanders
[2020-09-21 14:58:07,802] {logging_mixin.py:112} INFO - Púdrete Flanders
[2020-09-21 14:58:07,802] {logging_mixin.py:112} INFO - Púdrete Flanders
[2020-09-21 14:58:07,802] {logging_mixin.py:112} INFO - Púdrete Flanders
[2020-09-21 14:58:07,802] {logging_mixin.py:112} INFO - Púdrete Flanders
[2020-09-21 14:58:07,802] {logging_mixin.py:112} INFO - Púdrete Flanders
[2020-09-21 14:58:07,802] {logging_mixin.py:112} INFO - Púdrete Flanders
[2020-09-21 14:58:07,802] {logging_mixin.py:112} INFO - Púdrete Flanders
[2020-09-21 14:58:07,802] {logging_mixin.py:112} INFO - Púdrete Flanders
[2020-09-21 14:58:07,802] {logging_mixin.py:112} INFO - Púdrete Flanders
[2020-09-21 14:58:07,802] {logging_mixin.py:112} INFO - Púdrete Flanders
[2020-09-21 14:58:07,802] {logging_mixin.py:112} INFO - Púdrete Flanders
[2020-09-21 14:58:07,802] {logging_mixin.py:112} INFO - Púdrete Flanders
[2020-09-21 14:58:07,802] {logging_mixin.py:112} INFO - Púdrete Flanders
[2020-09-21 14:58:07,802] {logging_mixin.py:112} INFO - Púdrete Flanders
[2020-09-21 14:58:07,802] {logging_mixin.py:112} INFO - Púdrete Flanders
[2020-09-21 14:58:07,802] {logging_mixin.py:112} INFO - Púdrete Flanders
[2020-09-21 14:58:07,803] {logging_mixin.py:112} INFO - Púdrete Flanders
[2020-09-21 14:58:07,803] {logging_mixin.py:112} INFO - Púdrete Flanders
[2020-09-21 14:58:07,803] {logging_mixin.py:112} INFO - Púdrete Flanders
[2020-09-21 14:58:07,803] {logging_mixin.py:112} INFO - Púdrete Flanders
[2020-09-21 14:58:07,803] {logging_mixin.py:112} INFO - Púdrete Flanders
[2020-09-21 14:58:07,803] {logging_mixin.py:112} INFO - Púdrete Flanders
[2020-09-21 14:58:07,803] {logging_mixin.py:112} INFO - Púdrete Flanders
[2020-09-21 14:58:07,803] {logging_mixin.py:112} INFO - Púdrete Flanders
[2020-09-21 14:58:07,803] {logging_mixin.py:112} INFO - Púdrete Flanders
[2020-09-21 14:58:07,803] {logging_mixin.py:112} INFO - Púdrete Flanders
[2020-09-21 14:58:07,803] {logging_mixin.py:112} INFO - Púdrete Flanders
[2020-09-21 14:58:07,803] {logging_mixin.py:112} INFO - Púdrete Flanders
[2020-09-21 14:58:07,803] {logging_mixin.py:112} INFO - Púdrete Flanders
[2020-09-21 14:58:07,803] {logging_mixin.py:112} INFO - Púdrete Flanders
[2020-09-21 14:58:07,803] {logging_mixin.py:112} INFO - Púdrete Flanders
[2020-09-21 14:58:07,803] {logging_mixin.py:112} INFO - Púdrete Flanders
[2020-09-21 14:58:07,803] {logging_mixin.py:112} INFO - Púdrete Flanders
[2020-09-21 14:58:07,803] {logging_mixin.py:112} INFO - Púdrete Flanders
[2020-09-21 14:58:07,803] {logging_mixin.py:112} INFO - Púdrete Flanders
[2020-09-21 14:58:07,804] {logging_mixin.py:112} INFO - Púdrete Flanders
[2020-09-21 14:58:07,804] {logging_mixin.py:112} INFO - Púdrete Flanders
[2020-09-21 14:58:07,804] {logging_mixin.py:112} INFO - Púdrete Flanders
[2020-09-21 14:58:07,804] {logging_mixin.py:112} INFO - Púdrete Flanders
[2020-09-21 14:58:07,804] {logging_mixin.py:112} INFO - Púdrete Flanders
[2020-09-21 14:58:07,804] {logging_mixin.py:112} INFO - Púdrete Flanders
[2020-09-21 14:58:07,804] {logging_mixin.py:112} INFO - Púdrete Flanders
[2020-09-21 14:58:07,804] {logging_mixin.py:112} INFO - Púdrete Flanders
[2020-09-21 14:58:07,804] {logging_mixin.py:112} INFO - Púdrete Flanders
[2020-09-21 14:58:07,804] {python_operator.py:114} INFO - Done. Returned value was: None
[2020-09-21 14:58:07,814] {taskinstance.py:1065} INFO - Marking task as SUCCESS.dag_id=dag_homer_essay, task_id=wr_body, execution_date=20200802T000000, start_date=20200921T145807, end_date=20200921T145807
[2020-09-21 14:58:17,550] {logging_mixin.py:112} INFO - [2020-09-21 14:58:17,550] {local_task_job.py:103} INFO - Task exited with return code 0
