[2020-09-21 14:49:50,931] {taskinstance.py:669} INFO - Dependencies all met for <TaskInstance: dag_homer_essay.wr_body 2020-06-22T00:00:00+00:00 [queued]>
[2020-09-21 14:49:50,951] {taskinstance.py:669} INFO - Dependencies all met for <TaskInstance: dag_homer_essay.wr_body 2020-06-22T00:00:00+00:00 [queued]>
[2020-09-21 14:49:50,951] {taskinstance.py:879} INFO - 
--------------------------------------------------------------------------------
[2020-09-21 14:49:50,951] {taskinstance.py:880} INFO - Starting attempt 1 of 1
[2020-09-21 14:49:50,951] {taskinstance.py:881} INFO - 
--------------------------------------------------------------------------------
[2020-09-21 14:49:50,964] {taskinstance.py:900} INFO - Executing <Task(PythonOperator): wr_body> on 2020-06-22T00:00:00+00:00
[2020-09-21 14:49:50,967] {standard_task_runner.py:53} INFO - Started process 15046 to run task
[2020-09-21 14:49:51,089] {logging_mixin.py:112} INFO - Running %s on host %s <TaskInstance: dag_homer_essay.wr_body 2020-06-22T00:00:00+00:00 [running]> b349191ed544
[2020-09-21 14:49:51,107] {logging_mixin.py:112} INFO - Púdrete Flanders
[2020-09-21 14:49:51,107] {logging_mixin.py:112} INFO - Púdrete Flanders
[2020-09-21 14:49:51,107] {logging_mixin.py:112} INFO - Púdrete Flanders
[2020-09-21 14:49:51,107] {logging_mixin.py:112} INFO - Púdrete Flanders
[2020-09-21 14:49:51,107] {logging_mixin.py:112} INFO - Púdrete Flanders
[2020-09-21 14:49:51,107] {logging_mixin.py:112} INFO - Púdrete Flanders
[2020-09-21 14:49:51,107] {logging_mixin.py:112} INFO - Púdrete Flanders
[2020-09-21 14:49:51,107] {logging_mixin.py:112} INFO - Púdrete Flanders
[2020-09-21 14:49:51,107] {logging_mixin.py:112} INFO - Púdrete Flanders
[2020-09-21 14:49:51,107] {logging_mixin.py:112} INFO - Púdrete Flanders
[2020-09-21 14:49:51,107] {logging_mixin.py:112} INFO - Púdrete Flanders
[2020-09-21 14:49:51,107] {logging_mixin.py:112} INFO - Púdrete Flanders
[2020-09-21 14:49:51,107] {logging_mixin.py:112} INFO - Púdrete Flanders
[2020-09-21 14:49:51,107] {logging_mixin.py:112} INFO - Púdrete Flanders
[2020-09-21 14:49:51,108] {logging_mixin.py:112} INFO - Púdrete Flanders
[2020-09-21 14:49:51,108] {logging_mixin.py:112} INFO - Púdrete Flanders
[2020-09-21 14:49:51,108] {logging_mixin.py:112} INFO - Púdrete Flanders
[2020-09-21 14:49:51,108] {logging_mixin.py:112} INFO - Púdrete Flanders
[2020-09-21 14:49:51,108] {logging_mixin.py:112} INFO - Púdrete Flanders
[2020-09-21 14:49:51,108] {logging_mixin.py:112} INFO - Púdrete Flanders
[2020-09-21 14:49:51,108] {logging_mixin.py:112} INFO - Púdrete Flanders
[2020-09-21 14:49:51,108] {logging_mixin.py:112} INFO - Púdrete Flanders
[2020-09-21 14:49:51,108] {logging_mixin.py:112} INFO - Púdrete Flanders
[2020-09-21 14:49:51,108] {logging_mixin.py:112} INFO - Púdrete Flanders
[2020-09-21 14:49:51,108] {logging_mixin.py:112} INFO - Púdrete Flanders
[2020-09-21 14:49:51,108] {logging_mixin.py:112} INFO - Púdrete Flanders
[2020-09-21 14:49:51,108] {logging_mixin.py:112} INFO - Púdrete Flanders
[2020-09-21 14:49:51,108] {logging_mixin.py:112} INFO - Púdrete Flanders
[2020-09-21 14:49:51,108] {logging_mixin.py:112} INFO - Púdrete Flanders
[2020-09-21 14:49:51,108] {logging_mixin.py:112} INFO - Púdrete Flanders
[2020-09-21 14:49:51,108] {logging_mixin.py:112} INFO - Púdrete Flanders
[2020-09-21 14:49:51,109] {logging_mixin.py:112} INFO - Púdrete Flanders
[2020-09-21 14:49:51,109] {logging_mixin.py:112} INFO - Púdrete Flanders
[2020-09-21 14:49:51,109] {logging_mixin.py:112} INFO - Púdrete Flanders
[2020-09-21 14:49:51,109] {logging_mixin.py:112} INFO - Púdrete Flanders
[2020-09-21 14:49:51,109] {logging_mixin.py:112} INFO - Púdrete Flanders
[2020-09-21 14:49:51,109] {logging_mixin.py:112} INFO - Púdrete Flanders
[2020-09-21 14:49:51,109] {logging_mixin.py:112} INFO - Púdrete Flanders
[2020-09-21 14:49:51,109] {logging_mixin.py:112} INFO - Púdrete Flanders
[2020-09-21 14:49:51,109] {logging_mixin.py:112} INFO - Púdrete Flanders
[2020-09-21 14:49:51,109] {logging_mixin.py:112} INFO - Púdrete Flanders
[2020-09-21 14:49:51,109] {logging_mixin.py:112} INFO - Púdrete Flanders
[2020-09-21 14:49:51,109] {logging_mixin.py:112} INFO - Púdrete Flanders
[2020-09-21 14:49:51,109] {logging_mixin.py:112} INFO - Púdrete Flanders
[2020-09-21 14:49:51,109] {logging_mixin.py:112} INFO - Púdrete Flanders
[2020-09-21 14:49:51,109] {logging_mixin.py:112} INFO - Púdrete Flanders
[2020-09-21 14:49:51,109] {logging_mixin.py:112} INFO - Púdrete Flanders
[2020-09-21 14:49:51,109] {logging_mixin.py:112} INFO - Púdrete Flanders
[2020-09-21 14:49:51,109] {logging_mixin.py:112} INFO - Púdrete Flanders
[2020-09-21 14:49:51,110] {logging_mixin.py:112} INFO - Púdrete Flanders
[2020-09-21 14:49:51,110] {python_operator.py:114} INFO - Done. Returned value was: None
[2020-09-21 14:49:51,117] {taskinstance.py:1065} INFO - Marking task as SUCCESS.dag_id=dag_homer_essay, task_id=wr_body, execution_date=20200622T000000, start_date=20200921T144950, end_date=20200921T144951
[2020-09-21 14:50:00,907] {logging_mixin.py:112} INFO - [2020-09-21 14:50:00,906] {local_task_job.py:103} INFO - Task exited with return code 0
