[2020-09-21 14:52:29,141] {taskinstance.py:669} INFO - Dependencies all met for <TaskInstance: dag_homer_essay.wr_body 2020-07-05T00:00:00+00:00 [queued]>
[2020-09-21 14:52:29,161] {taskinstance.py:669} INFO - Dependencies all met for <TaskInstance: dag_homer_essay.wr_body 2020-07-05T00:00:00+00:00 [queued]>
[2020-09-21 14:52:29,162] {taskinstance.py:879} INFO - 
--------------------------------------------------------------------------------
[2020-09-21 14:52:29,162] {taskinstance.py:880} INFO - Starting attempt 1 of 1
[2020-09-21 14:52:29,162] {taskinstance.py:881} INFO - 
--------------------------------------------------------------------------------
[2020-09-21 14:52:29,173] {taskinstance.py:900} INFO - Executing <Task(PythonOperator): wr_body> on 2020-07-05T00:00:00+00:00
[2020-09-21 14:52:29,175] {standard_task_runner.py:53} INFO - Started process 17241 to run task
[2020-09-21 14:52:29,297] {logging_mixin.py:112} INFO - Running %s on host %s <TaskInstance: dag_homer_essay.wr_body 2020-07-05T00:00:00+00:00 [running]> b349191ed544
[2020-09-21 14:52:29,317] {logging_mixin.py:112} INFO - Púdrete Flanders
[2020-09-21 14:52:29,317] {logging_mixin.py:112} INFO - Púdrete Flanders
[2020-09-21 14:52:29,317] {logging_mixin.py:112} INFO - Púdrete Flanders
[2020-09-21 14:52:29,317] {logging_mixin.py:112} INFO - Púdrete Flanders
[2020-09-21 14:52:29,317] {logging_mixin.py:112} INFO - Púdrete Flanders
[2020-09-21 14:52:29,317] {logging_mixin.py:112} INFO - Púdrete Flanders
[2020-09-21 14:52:29,317] {logging_mixin.py:112} INFO - Púdrete Flanders
[2020-09-21 14:52:29,317] {logging_mixin.py:112} INFO - Púdrete Flanders
[2020-09-21 14:52:29,317] {logging_mixin.py:112} INFO - Púdrete Flanders
[2020-09-21 14:52:29,317] {logging_mixin.py:112} INFO - Púdrete Flanders
[2020-09-21 14:52:29,318] {logging_mixin.py:112} INFO - Púdrete Flanders
[2020-09-21 14:52:29,318] {logging_mixin.py:112} INFO - Púdrete Flanders
[2020-09-21 14:52:29,318] {logging_mixin.py:112} INFO - Púdrete Flanders
[2020-09-21 14:52:29,318] {logging_mixin.py:112} INFO - Púdrete Flanders
[2020-09-21 14:52:29,318] {logging_mixin.py:112} INFO - Púdrete Flanders
[2020-09-21 14:52:29,318] {logging_mixin.py:112} INFO - Púdrete Flanders
[2020-09-21 14:52:29,318] {logging_mixin.py:112} INFO - Púdrete Flanders
[2020-09-21 14:52:29,318] {logging_mixin.py:112} INFO - Púdrete Flanders
[2020-09-21 14:52:29,318] {logging_mixin.py:112} INFO - Púdrete Flanders
[2020-09-21 14:52:29,318] {logging_mixin.py:112} INFO - Púdrete Flanders
[2020-09-21 14:52:29,318] {logging_mixin.py:112} INFO - Púdrete Flanders
[2020-09-21 14:52:29,318] {logging_mixin.py:112} INFO - Púdrete Flanders
[2020-09-21 14:52:29,318] {logging_mixin.py:112} INFO - Púdrete Flanders
[2020-09-21 14:52:29,318] {logging_mixin.py:112} INFO - Púdrete Flanders
[2020-09-21 14:52:29,318] {logging_mixin.py:112} INFO - Púdrete Flanders
[2020-09-21 14:52:29,318] {logging_mixin.py:112} INFO - Púdrete Flanders
[2020-09-21 14:52:29,318] {logging_mixin.py:112} INFO - Púdrete Flanders
[2020-09-21 14:52:29,319] {logging_mixin.py:112} INFO - Púdrete Flanders
[2020-09-21 14:52:29,319] {logging_mixin.py:112} INFO - Púdrete Flanders
[2020-09-21 14:52:29,319] {logging_mixin.py:112} INFO - Púdrete Flanders
[2020-09-21 14:52:29,319] {logging_mixin.py:112} INFO - Púdrete Flanders
[2020-09-21 14:52:29,319] {logging_mixin.py:112} INFO - Púdrete Flanders
[2020-09-21 14:52:29,319] {logging_mixin.py:112} INFO - Púdrete Flanders
[2020-09-21 14:52:29,319] {logging_mixin.py:112} INFO - Púdrete Flanders
[2020-09-21 14:52:29,319] {logging_mixin.py:112} INFO - Púdrete Flanders
[2020-09-21 14:52:29,319] {logging_mixin.py:112} INFO - Púdrete Flanders
[2020-09-21 14:52:29,319] {logging_mixin.py:112} INFO - Púdrete Flanders
[2020-09-21 14:52:29,319] {logging_mixin.py:112} INFO - Púdrete Flanders
[2020-09-21 14:52:29,319] {logging_mixin.py:112} INFO - Púdrete Flanders
[2020-09-21 14:52:29,319] {logging_mixin.py:112} INFO - Púdrete Flanders
[2020-09-21 14:52:29,319] {logging_mixin.py:112} INFO - Púdrete Flanders
[2020-09-21 14:52:29,319] {logging_mixin.py:112} INFO - Púdrete Flanders
[2020-09-21 14:52:29,319] {logging_mixin.py:112} INFO - Púdrete Flanders
[2020-09-21 14:52:29,319] {logging_mixin.py:112} INFO - Púdrete Flanders
[2020-09-21 14:52:29,319] {logging_mixin.py:112} INFO - Púdrete Flanders
[2020-09-21 14:52:29,319] {logging_mixin.py:112} INFO - Púdrete Flanders
[2020-09-21 14:52:29,319] {logging_mixin.py:112} INFO - Púdrete Flanders
[2020-09-21 14:52:29,320] {logging_mixin.py:112} INFO - Púdrete Flanders
[2020-09-21 14:52:29,320] {logging_mixin.py:112} INFO - Púdrete Flanders
[2020-09-21 14:52:29,320] {logging_mixin.py:112} INFO - Púdrete Flanders
[2020-09-21 14:52:29,320] {python_operator.py:114} INFO - Done. Returned value was: None
[2020-09-21 14:52:29,330] {taskinstance.py:1065} INFO - Marking task as SUCCESS.dag_id=dag_homer_essay, task_id=wr_body, execution_date=20200705T000000, start_date=20200921T145229, end_date=20200921T145229
[2020-09-21 14:52:39,120] {logging_mixin.py:112} INFO - [2020-09-21 14:52:39,120] {local_task_job.py:103} INFO - Task exited with return code 0
