[2020-09-21 14:46:36,579] {taskinstance.py:669} INFO - Dependencies all met for <TaskInstance: dag_homer_essay.wr_body 2020-06-06T00:00:00+00:00 [queued]>
[2020-09-21 14:46:36,593] {taskinstance.py:669} INFO - Dependencies all met for <TaskInstance: dag_homer_essay.wr_body 2020-06-06T00:00:00+00:00 [queued]>
[2020-09-21 14:46:36,593] {taskinstance.py:879} INFO - 
--------------------------------------------------------------------------------
[2020-09-21 14:46:36,593] {taskinstance.py:880} INFO - Starting attempt 1 of 1
[2020-09-21 14:46:36,593] {taskinstance.py:881} INFO - 
--------------------------------------------------------------------------------
[2020-09-21 14:46:36,603] {taskinstance.py:900} INFO - Executing <Task(PythonOperator): wr_body> on 2020-06-06T00:00:00+00:00
[2020-09-21 14:46:36,607] {standard_task_runner.py:53} INFO - Started process 12349 to run task
[2020-09-21 14:46:36,713] {logging_mixin.py:112} INFO - Running %s on host %s <TaskInstance: dag_homer_essay.wr_body 2020-06-06T00:00:00+00:00 [running]> b349191ed544
[2020-09-21 14:46:36,733] {logging_mixin.py:112} INFO - Púdrete Flanders
[2020-09-21 14:46:36,734] {logging_mixin.py:112} INFO - Púdrete Flanders
[2020-09-21 14:46:36,734] {logging_mixin.py:112} INFO - Púdrete Flanders
[2020-09-21 14:46:36,734] {logging_mixin.py:112} INFO - Púdrete Flanders
[2020-09-21 14:46:36,734] {logging_mixin.py:112} INFO - Púdrete Flanders
[2020-09-21 14:46:36,734] {logging_mixin.py:112} INFO - Púdrete Flanders
[2020-09-21 14:46:36,734] {logging_mixin.py:112} INFO - Púdrete Flanders
[2020-09-21 14:46:36,734] {logging_mixin.py:112} INFO - Púdrete Flanders
[2020-09-21 14:46:36,734] {logging_mixin.py:112} INFO - Púdrete Flanders
[2020-09-21 14:46:36,734] {logging_mixin.py:112} INFO - Púdrete Flanders
[2020-09-21 14:46:36,734] {logging_mixin.py:112} INFO - Púdrete Flanders
[2020-09-21 14:46:36,734] {logging_mixin.py:112} INFO - Púdrete Flanders
[2020-09-21 14:46:36,734] {logging_mixin.py:112} INFO - Púdrete Flanders
[2020-09-21 14:46:36,734] {logging_mixin.py:112} INFO - Púdrete Flanders
[2020-09-21 14:46:36,734] {logging_mixin.py:112} INFO - Púdrete Flanders
[2020-09-21 14:46:36,734] {logging_mixin.py:112} INFO - Púdrete Flanders
[2020-09-21 14:46:36,735] {logging_mixin.py:112} INFO - Púdrete Flanders
[2020-09-21 14:46:36,735] {logging_mixin.py:112} INFO - Púdrete Flanders
[2020-09-21 14:46:36,735] {logging_mixin.py:112} INFO - Púdrete Flanders
[2020-09-21 14:46:36,735] {logging_mixin.py:112} INFO - Púdrete Flanders
[2020-09-21 14:46:36,735] {logging_mixin.py:112} INFO - Púdrete Flanders
[2020-09-21 14:46:36,735] {logging_mixin.py:112} INFO - Púdrete Flanders
[2020-09-21 14:46:36,735] {logging_mixin.py:112} INFO - Púdrete Flanders
[2020-09-21 14:46:36,735] {logging_mixin.py:112} INFO - Púdrete Flanders
[2020-09-21 14:46:36,735] {logging_mixin.py:112} INFO - Púdrete Flanders
[2020-09-21 14:46:36,735] {logging_mixin.py:112} INFO - Púdrete Flanders
[2020-09-21 14:46:36,735] {logging_mixin.py:112} INFO - Púdrete Flanders
[2020-09-21 14:46:36,735] {logging_mixin.py:112} INFO - Púdrete Flanders
[2020-09-21 14:46:36,735] {logging_mixin.py:112} INFO - Púdrete Flanders
[2020-09-21 14:46:36,735] {logging_mixin.py:112} INFO - Púdrete Flanders
[2020-09-21 14:46:36,735] {logging_mixin.py:112} INFO - Púdrete Flanders
[2020-09-21 14:46:36,735] {logging_mixin.py:112} INFO - Púdrete Flanders
[2020-09-21 14:46:36,736] {logging_mixin.py:112} INFO - Púdrete Flanders
[2020-09-21 14:46:36,736] {logging_mixin.py:112} INFO - Púdrete Flanders
[2020-09-21 14:46:36,736] {logging_mixin.py:112} INFO - Púdrete Flanders
[2020-09-21 14:46:36,736] {logging_mixin.py:112} INFO - Púdrete Flanders
[2020-09-21 14:46:36,736] {logging_mixin.py:112} INFO - Púdrete Flanders
[2020-09-21 14:46:36,736] {logging_mixin.py:112} INFO - Púdrete Flanders
[2020-09-21 14:46:36,736] {logging_mixin.py:112} INFO - Púdrete Flanders
[2020-09-21 14:46:36,736] {logging_mixin.py:112} INFO - Púdrete Flanders
[2020-09-21 14:46:36,736] {logging_mixin.py:112} INFO - Púdrete Flanders
[2020-09-21 14:46:36,736] {logging_mixin.py:112} INFO - Púdrete Flanders
[2020-09-21 14:46:36,736] {logging_mixin.py:112} INFO - Púdrete Flanders
[2020-09-21 14:46:36,736] {logging_mixin.py:112} INFO - Púdrete Flanders
[2020-09-21 14:46:36,736] {logging_mixin.py:112} INFO - Púdrete Flanders
[2020-09-21 14:46:36,736] {logging_mixin.py:112} INFO - Púdrete Flanders
[2020-09-21 14:46:36,736] {logging_mixin.py:112} INFO - Púdrete Flanders
[2020-09-21 14:46:36,736] {logging_mixin.py:112} INFO - Púdrete Flanders
[2020-09-21 14:46:36,736] {logging_mixin.py:112} INFO - Púdrete Flanders
[2020-09-21 14:46:36,736] {logging_mixin.py:112} INFO - Púdrete Flanders
[2020-09-21 14:46:36,736] {python_operator.py:114} INFO - Done. Returned value was: None
[2020-09-21 14:46:36,746] {taskinstance.py:1065} INFO - Marking task as SUCCESS.dag_id=dag_homer_essay, task_id=wr_body, execution_date=20200606T000000, start_date=20200921T144636, end_date=20200921T144636
[2020-09-21 14:46:46,581] {logging_mixin.py:112} INFO - [2020-09-21 14:46:46,580] {local_task_job.py:103} INFO - Task exited with return code 0
