[2020-09-21 15:02:33,760] {taskinstance.py:669} INFO - Dependencies all met for <TaskInstance: dag_homer_essay.wr_body 2020-08-24T00:00:00+00:00 [queued]>
[2020-09-21 15:02:33,778] {taskinstance.py:669} INFO - Dependencies all met for <TaskInstance: dag_homer_essay.wr_body 2020-08-24T00:00:00+00:00 [queued]>
[2020-09-21 15:02:33,778] {taskinstance.py:879} INFO - 
--------------------------------------------------------------------------------
[2020-09-21 15:02:33,779] {taskinstance.py:880} INFO - Starting attempt 1 of 1
[2020-09-21 15:02:33,779] {taskinstance.py:881} INFO - 
--------------------------------------------------------------------------------
[2020-09-21 15:02:33,793] {taskinstance.py:900} INFO - Executing <Task(PythonOperator): wr_body> on 2020-08-24T00:00:00+00:00
[2020-09-21 15:02:33,795] {standard_task_runner.py:53} INFO - Started process 25632 to run task
[2020-09-21 15:02:33,922] {logging_mixin.py:112} INFO - Running %s on host %s <TaskInstance: dag_homer_essay.wr_body 2020-08-24T00:00:00+00:00 [running]> b349191ed544
[2020-09-21 15:02:33,952] {logging_mixin.py:112} INFO - Púdrete Flanders
[2020-09-21 15:02:33,953] {logging_mixin.py:112} INFO - Púdrete Flanders
[2020-09-21 15:02:33,953] {logging_mixin.py:112} INFO - Púdrete Flanders
[2020-09-21 15:02:33,953] {logging_mixin.py:112} INFO - Púdrete Flanders
[2020-09-21 15:02:33,953] {logging_mixin.py:112} INFO - Púdrete Flanders
[2020-09-21 15:02:33,953] {logging_mixin.py:112} INFO - Púdrete Flanders
[2020-09-21 15:02:33,953] {logging_mixin.py:112} INFO - Púdrete Flanders
[2020-09-21 15:02:33,953] {logging_mixin.py:112} INFO - Púdrete Flanders
[2020-09-21 15:02:33,953] {logging_mixin.py:112} INFO - Púdrete Flanders
[2020-09-21 15:02:33,953] {logging_mixin.py:112} INFO - Púdrete Flanders
[2020-09-21 15:02:33,953] {logging_mixin.py:112} INFO - Púdrete Flanders
[2020-09-21 15:02:33,953] {logging_mixin.py:112} INFO - Púdrete Flanders
[2020-09-21 15:02:33,953] {logging_mixin.py:112} INFO - Púdrete Flanders
[2020-09-21 15:02:33,954] {logging_mixin.py:112} INFO - Púdrete Flanders
[2020-09-21 15:02:33,954] {logging_mixin.py:112} INFO - Púdrete Flanders
[2020-09-21 15:02:33,954] {logging_mixin.py:112} INFO - Púdrete Flanders
[2020-09-21 15:02:33,954] {logging_mixin.py:112} INFO - Púdrete Flanders
[2020-09-21 15:02:33,954] {logging_mixin.py:112} INFO - Púdrete Flanders
[2020-09-21 15:02:33,954] {logging_mixin.py:112} INFO - Púdrete Flanders
[2020-09-21 15:02:33,954] {logging_mixin.py:112} INFO - Púdrete Flanders
[2020-09-21 15:02:33,954] {logging_mixin.py:112} INFO - Púdrete Flanders
[2020-09-21 15:02:33,954] {logging_mixin.py:112} INFO - Púdrete Flanders
[2020-09-21 15:02:33,954] {logging_mixin.py:112} INFO - Púdrete Flanders
[2020-09-21 15:02:33,954] {logging_mixin.py:112} INFO - Púdrete Flanders
[2020-09-21 15:02:33,954] {logging_mixin.py:112} INFO - Púdrete Flanders
[2020-09-21 15:02:33,954] {logging_mixin.py:112} INFO - Púdrete Flanders
[2020-09-21 15:02:33,954] {logging_mixin.py:112} INFO - Púdrete Flanders
[2020-09-21 15:02:33,954] {logging_mixin.py:112} INFO - Púdrete Flanders
[2020-09-21 15:02:33,954] {logging_mixin.py:112} INFO - Púdrete Flanders
[2020-09-21 15:02:33,955] {logging_mixin.py:112} INFO - Púdrete Flanders
[2020-09-21 15:02:33,955] {logging_mixin.py:112} INFO - Púdrete Flanders
[2020-09-21 15:02:33,955] {logging_mixin.py:112} INFO - Púdrete Flanders
[2020-09-21 15:02:33,955] {logging_mixin.py:112} INFO - Púdrete Flanders
[2020-09-21 15:02:33,955] {logging_mixin.py:112} INFO - Púdrete Flanders
[2020-09-21 15:02:33,955] {logging_mixin.py:112} INFO - Púdrete Flanders
[2020-09-21 15:02:33,955] {logging_mixin.py:112} INFO - Púdrete Flanders
[2020-09-21 15:02:33,955] {logging_mixin.py:112} INFO - Púdrete Flanders
[2020-09-21 15:02:33,955] {logging_mixin.py:112} INFO - Púdrete Flanders
[2020-09-21 15:02:33,955] {logging_mixin.py:112} INFO - Púdrete Flanders
[2020-09-21 15:02:33,955] {logging_mixin.py:112} INFO - Púdrete Flanders
[2020-09-21 15:02:33,955] {logging_mixin.py:112} INFO - Púdrete Flanders
[2020-09-21 15:02:33,955] {logging_mixin.py:112} INFO - Púdrete Flanders
[2020-09-21 15:02:33,955] {logging_mixin.py:112} INFO - Púdrete Flanders
[2020-09-21 15:02:33,955] {logging_mixin.py:112} INFO - Púdrete Flanders
[2020-09-21 15:02:33,955] {logging_mixin.py:112} INFO - Púdrete Flanders
[2020-09-21 15:02:33,955] {logging_mixin.py:112} INFO - Púdrete Flanders
[2020-09-21 15:02:33,956] {logging_mixin.py:112} INFO - Púdrete Flanders
[2020-09-21 15:02:33,956] {logging_mixin.py:112} INFO - Púdrete Flanders
[2020-09-21 15:02:33,956] {logging_mixin.py:112} INFO - Púdrete Flanders
[2020-09-21 15:02:33,956] {logging_mixin.py:112} INFO - Púdrete Flanders
[2020-09-21 15:02:33,956] {python_operator.py:114} INFO - Done. Returned value was: None
[2020-09-21 15:02:33,966] {taskinstance.py:1065} INFO - Marking task as SUCCESS.dag_id=dag_homer_essay, task_id=wr_body, execution_date=20200824T000000, start_date=20200921T150233, end_date=20200921T150233
[2020-09-21 15:02:43,743] {logging_mixin.py:112} INFO - [2020-09-21 15:02:43,743] {local_task_job.py:103} INFO - Task exited with return code 0
