[2020-09-21 15:07:24,036] {taskinstance.py:669} INFO - Dependencies all met for <TaskInstance: dag_homer_essay.wr_body 2020-09-17T00:00:00+00:00 [queued]>
[2020-09-21 15:07:24,055] {taskinstance.py:669} INFO - Dependencies all met for <TaskInstance: dag_homer_essay.wr_body 2020-09-17T00:00:00+00:00 [queued]>
[2020-09-21 15:07:24,056] {taskinstance.py:879} INFO - 
--------------------------------------------------------------------------------
[2020-09-21 15:07:24,056] {taskinstance.py:880} INFO - Starting attempt 1 of 1
[2020-09-21 15:07:24,056] {taskinstance.py:881} INFO - 
--------------------------------------------------------------------------------
[2020-09-21 15:07:24,069] {taskinstance.py:900} INFO - Executing <Task(PythonOperator): wr_body> on 2020-09-17T00:00:00+00:00
[2020-09-21 15:07:24,075] {standard_task_runner.py:53} INFO - Started process 29665 to run task
[2020-09-21 15:07:24,261] {logging_mixin.py:112} INFO - Running %s on host %s <TaskInstance: dag_homer_essay.wr_body 2020-09-17T00:00:00+00:00 [running]> b349191ed544
[2020-09-21 15:07:24,292] {logging_mixin.py:112} INFO - Púdrete Flanders
[2020-09-21 15:07:24,292] {logging_mixin.py:112} INFO - Púdrete Flanders
[2020-09-21 15:07:24,292] {logging_mixin.py:112} INFO - Púdrete Flanders
[2020-09-21 15:07:24,292] {logging_mixin.py:112} INFO - Púdrete Flanders
[2020-09-21 15:07:24,292] {logging_mixin.py:112} INFO - Púdrete Flanders
[2020-09-21 15:07:24,292] {logging_mixin.py:112} INFO - Púdrete Flanders
[2020-09-21 15:07:24,292] {logging_mixin.py:112} INFO - Púdrete Flanders
[2020-09-21 15:07:24,293] {logging_mixin.py:112} INFO - Púdrete Flanders
[2020-09-21 15:07:24,293] {logging_mixin.py:112} INFO - Púdrete Flanders
[2020-09-21 15:07:24,293] {logging_mixin.py:112} INFO - Púdrete Flanders
[2020-09-21 15:07:24,293] {logging_mixin.py:112} INFO - Púdrete Flanders
[2020-09-21 15:07:24,293] {logging_mixin.py:112} INFO - Púdrete Flanders
[2020-09-21 15:07:24,293] {logging_mixin.py:112} INFO - Púdrete Flanders
[2020-09-21 15:07:24,293] {logging_mixin.py:112} INFO - Púdrete Flanders
[2020-09-21 15:07:24,293] {logging_mixin.py:112} INFO - Púdrete Flanders
[2020-09-21 15:07:24,293] {logging_mixin.py:112} INFO - Púdrete Flanders
[2020-09-21 15:07:24,293] {logging_mixin.py:112} INFO - Púdrete Flanders
[2020-09-21 15:07:24,293] {logging_mixin.py:112} INFO - Púdrete Flanders
[2020-09-21 15:07:24,293] {logging_mixin.py:112} INFO - Púdrete Flanders
[2020-09-21 15:07:24,293] {logging_mixin.py:112} INFO - Púdrete Flanders
[2020-09-21 15:07:24,293] {logging_mixin.py:112} INFO - Púdrete Flanders
[2020-09-21 15:07:24,293] {logging_mixin.py:112} INFO - Púdrete Flanders
[2020-09-21 15:07:24,293] {logging_mixin.py:112} INFO - Púdrete Flanders
[2020-09-21 15:07:24,293] {logging_mixin.py:112} INFO - Púdrete Flanders
[2020-09-21 15:07:24,293] {logging_mixin.py:112} INFO - Púdrete Flanders
[2020-09-21 15:07:24,293] {logging_mixin.py:112} INFO - Púdrete Flanders
[2020-09-21 15:07:24,294] {logging_mixin.py:112} INFO - Púdrete Flanders
[2020-09-21 15:07:24,294] {logging_mixin.py:112} INFO - Púdrete Flanders
[2020-09-21 15:07:24,294] {logging_mixin.py:112} INFO - Púdrete Flanders
[2020-09-21 15:07:24,294] {logging_mixin.py:112} INFO - Púdrete Flanders
[2020-09-21 15:07:24,294] {logging_mixin.py:112} INFO - Púdrete Flanders
[2020-09-21 15:07:24,294] {logging_mixin.py:112} INFO - Púdrete Flanders
[2020-09-21 15:07:24,294] {logging_mixin.py:112} INFO - Púdrete Flanders
[2020-09-21 15:07:24,294] {logging_mixin.py:112} INFO - Púdrete Flanders
[2020-09-21 15:07:24,294] {logging_mixin.py:112} INFO - Púdrete Flanders
[2020-09-21 15:07:24,294] {logging_mixin.py:112} INFO - Púdrete Flanders
[2020-09-21 15:07:24,294] {logging_mixin.py:112} INFO - Púdrete Flanders
[2020-09-21 15:07:24,294] {logging_mixin.py:112} INFO - Púdrete Flanders
[2020-09-21 15:07:24,294] {logging_mixin.py:112} INFO - Púdrete Flanders
[2020-09-21 15:07:24,294] {logging_mixin.py:112} INFO - Púdrete Flanders
[2020-09-21 15:07:24,294] {logging_mixin.py:112} INFO - Púdrete Flanders
[2020-09-21 15:07:24,294] {logging_mixin.py:112} INFO - Púdrete Flanders
[2020-09-21 15:07:24,294] {logging_mixin.py:112} INFO - Púdrete Flanders
[2020-09-21 15:07:24,294] {logging_mixin.py:112} INFO - Púdrete Flanders
[2020-09-21 15:07:24,294] {logging_mixin.py:112} INFO - Púdrete Flanders
[2020-09-21 15:07:24,294] {logging_mixin.py:112} INFO - Púdrete Flanders
[2020-09-21 15:07:24,295] {logging_mixin.py:112} INFO - Púdrete Flanders
[2020-09-21 15:07:24,295] {logging_mixin.py:112} INFO - Púdrete Flanders
[2020-09-21 15:07:24,295] {logging_mixin.py:112} INFO - Púdrete Flanders
[2020-09-21 15:07:24,295] {logging_mixin.py:112} INFO - Púdrete Flanders
[2020-09-21 15:07:24,295] {python_operator.py:114} INFO - Done. Returned value was: None
[2020-09-21 15:07:24,303] {taskinstance.py:1065} INFO - Marking task as SUCCESS.dag_id=dag_homer_essay, task_id=wr_body, execution_date=20200917T000000, start_date=20200921T150724, end_date=20200921T150724
[2020-09-21 15:07:34,016] {logging_mixin.py:112} INFO - [2020-09-21 15:07:34,016] {local_task_job.py:103} INFO - Task exited with return code 0
