[2020-09-21 14:55:55,285] {taskinstance.py:669} INFO - Dependencies all met for <TaskInstance: dag_homer_essay.wr_body 2020-07-22T00:00:00+00:00 [queued]>
[2020-09-21 14:55:55,308] {taskinstance.py:669} INFO - Dependencies all met for <TaskInstance: dag_homer_essay.wr_body 2020-07-22T00:00:00+00:00 [queued]>
[2020-09-21 14:55:55,309] {taskinstance.py:879} INFO - 
--------------------------------------------------------------------------------
[2020-09-21 14:55:55,309] {taskinstance.py:880} INFO - Starting attempt 1 of 1
[2020-09-21 14:55:55,309] {taskinstance.py:881} INFO - 
--------------------------------------------------------------------------------
[2020-09-21 14:55:55,317] {taskinstance.py:900} INFO - Executing <Task(PythonOperator): wr_body> on 2020-07-22T00:00:00+00:00
[2020-09-21 14:55:55,319] {standard_task_runner.py:53} INFO - Started process 20097 to run task
[2020-09-21 14:55:55,449] {logging_mixin.py:112} INFO - Running %s on host %s <TaskInstance: dag_homer_essay.wr_body 2020-07-22T00:00:00+00:00 [running]> b349191ed544
[2020-09-21 14:55:55,472] {logging_mixin.py:112} INFO - Púdrete Flanders
[2020-09-21 14:55:55,472] {logging_mixin.py:112} INFO - Púdrete Flanders
[2020-09-21 14:55:55,472] {logging_mixin.py:112} INFO - Púdrete Flanders
[2020-09-21 14:55:55,472] {logging_mixin.py:112} INFO - Púdrete Flanders
[2020-09-21 14:55:55,472] {logging_mixin.py:112} INFO - Púdrete Flanders
[2020-09-21 14:55:55,472] {logging_mixin.py:112} INFO - Púdrete Flanders
[2020-09-21 14:55:55,473] {logging_mixin.py:112} INFO - Púdrete Flanders
[2020-09-21 14:55:55,473] {logging_mixin.py:112} INFO - Púdrete Flanders
[2020-09-21 14:55:55,473] {logging_mixin.py:112} INFO - Púdrete Flanders
[2020-09-21 14:55:55,473] {logging_mixin.py:112} INFO - Púdrete Flanders
[2020-09-21 14:55:55,473] {logging_mixin.py:112} INFO - Púdrete Flanders
[2020-09-21 14:55:55,473] {logging_mixin.py:112} INFO - Púdrete Flanders
[2020-09-21 14:55:55,473] {logging_mixin.py:112} INFO - Púdrete Flanders
[2020-09-21 14:55:55,473] {logging_mixin.py:112} INFO - Púdrete Flanders
[2020-09-21 14:55:55,473] {logging_mixin.py:112} INFO - Púdrete Flanders
[2020-09-21 14:55:55,473] {logging_mixin.py:112} INFO - Púdrete Flanders
[2020-09-21 14:55:55,473] {logging_mixin.py:112} INFO - Púdrete Flanders
[2020-09-21 14:55:55,473] {logging_mixin.py:112} INFO - Púdrete Flanders
[2020-09-21 14:55:55,473] {logging_mixin.py:112} INFO - Púdrete Flanders
[2020-09-21 14:55:55,474] {logging_mixin.py:112} INFO - Púdrete Flanders
[2020-09-21 14:55:55,474] {logging_mixin.py:112} INFO - Púdrete Flanders
[2020-09-21 14:55:55,474] {logging_mixin.py:112} INFO - Púdrete Flanders
[2020-09-21 14:55:55,474] {logging_mixin.py:112} INFO - Púdrete Flanders
[2020-09-21 14:55:55,474] {logging_mixin.py:112} INFO - Púdrete Flanders
[2020-09-21 14:55:55,474] {logging_mixin.py:112} INFO - Púdrete Flanders
[2020-09-21 14:55:55,474] {logging_mixin.py:112} INFO - Púdrete Flanders
[2020-09-21 14:55:55,474] {logging_mixin.py:112} INFO - Púdrete Flanders
[2020-09-21 14:55:55,474] {logging_mixin.py:112} INFO - Púdrete Flanders
[2020-09-21 14:55:55,474] {logging_mixin.py:112} INFO - Púdrete Flanders
[2020-09-21 14:55:55,474] {logging_mixin.py:112} INFO - Púdrete Flanders
[2020-09-21 14:55:55,474] {logging_mixin.py:112} INFO - Púdrete Flanders
[2020-09-21 14:55:55,474] {logging_mixin.py:112} INFO - Púdrete Flanders
[2020-09-21 14:55:55,474] {logging_mixin.py:112} INFO - Púdrete Flanders
[2020-09-21 14:55:55,474] {logging_mixin.py:112} INFO - Púdrete Flanders
[2020-09-21 14:55:55,474] {logging_mixin.py:112} INFO - Púdrete Flanders
[2020-09-21 14:55:55,474] {logging_mixin.py:112} INFO - Púdrete Flanders
[2020-09-21 14:55:55,474] {logging_mixin.py:112} INFO - Púdrete Flanders
[2020-09-21 14:55:55,474] {logging_mixin.py:112} INFO - Púdrete Flanders
[2020-09-21 14:55:55,475] {logging_mixin.py:112} INFO - Púdrete Flanders
[2020-09-21 14:55:55,475] {logging_mixin.py:112} INFO - Púdrete Flanders
[2020-09-21 14:55:55,475] {logging_mixin.py:112} INFO - Púdrete Flanders
[2020-09-21 14:55:55,475] {logging_mixin.py:112} INFO - Púdrete Flanders
[2020-09-21 14:55:55,475] {logging_mixin.py:112} INFO - Púdrete Flanders
[2020-09-21 14:55:55,475] {logging_mixin.py:112} INFO - Púdrete Flanders
[2020-09-21 14:55:55,475] {logging_mixin.py:112} INFO - Púdrete Flanders
[2020-09-21 14:55:55,475] {logging_mixin.py:112} INFO - Púdrete Flanders
[2020-09-21 14:55:55,475] {logging_mixin.py:112} INFO - Púdrete Flanders
[2020-09-21 14:55:55,475] {logging_mixin.py:112} INFO - Púdrete Flanders
[2020-09-21 14:55:55,475] {logging_mixin.py:112} INFO - Púdrete Flanders
[2020-09-21 14:55:55,475] {logging_mixin.py:112} INFO - Púdrete Flanders
[2020-09-21 14:55:55,475] {python_operator.py:114} INFO - Done. Returned value was: None
[2020-09-21 14:55:55,487] {taskinstance.py:1065} INFO - Marking task as SUCCESS.dag_id=dag_homer_essay, task_id=wr_body, execution_date=20200722T000000, start_date=20200921T145555, end_date=20200921T145555
[2020-09-21 14:56:05,269] {logging_mixin.py:112} INFO - [2020-09-21 14:56:05,268] {local_task_job.py:103} INFO - Task exited with return code 0
