[2020-09-21 14:57:19,257] {taskinstance.py:669} INFO - Dependencies all met for <TaskInstance: dag_homer_essay.wr_body 2020-07-29T00:00:00+00:00 [queued]>
[2020-09-21 14:57:19,280] {taskinstance.py:669} INFO - Dependencies all met for <TaskInstance: dag_homer_essay.wr_body 2020-07-29T00:00:00+00:00 [queued]>
[2020-09-21 14:57:19,280] {taskinstance.py:879} INFO - 
--------------------------------------------------------------------------------
[2020-09-21 14:57:19,281] {taskinstance.py:880} INFO - Starting attempt 1 of 1
[2020-09-21 14:57:19,281] {taskinstance.py:881} INFO - 
--------------------------------------------------------------------------------
[2020-09-21 14:57:19,289] {taskinstance.py:900} INFO - Executing <Task(PythonOperator): wr_body> on 2020-07-29T00:00:00+00:00
[2020-09-21 14:57:19,291] {standard_task_runner.py:53} INFO - Started process 21263 to run task
[2020-09-21 14:57:19,419] {logging_mixin.py:112} INFO - Running %s on host %s <TaskInstance: dag_homer_essay.wr_body 2020-07-29T00:00:00+00:00 [running]> b349191ed544
[2020-09-21 14:57:19,447] {logging_mixin.py:112} INFO - Púdrete Flanders
[2020-09-21 14:57:19,447] {logging_mixin.py:112} INFO - Púdrete Flanders
[2020-09-21 14:57:19,447] {logging_mixin.py:112} INFO - Púdrete Flanders
[2020-09-21 14:57:19,447] {logging_mixin.py:112} INFO - Púdrete Flanders
[2020-09-21 14:57:19,447] {logging_mixin.py:112} INFO - Púdrete Flanders
[2020-09-21 14:57:19,447] {logging_mixin.py:112} INFO - Púdrete Flanders
[2020-09-21 14:57:19,448] {logging_mixin.py:112} INFO - Púdrete Flanders
[2020-09-21 14:57:19,448] {logging_mixin.py:112} INFO - Púdrete Flanders
[2020-09-21 14:57:19,448] {logging_mixin.py:112} INFO - Púdrete Flanders
[2020-09-21 14:57:19,448] {logging_mixin.py:112} INFO - Púdrete Flanders
[2020-09-21 14:57:19,448] {logging_mixin.py:112} INFO - Púdrete Flanders
[2020-09-21 14:57:19,448] {logging_mixin.py:112} INFO - Púdrete Flanders
[2020-09-21 14:57:19,448] {logging_mixin.py:112} INFO - Púdrete Flanders
[2020-09-21 14:57:19,448] {logging_mixin.py:112} INFO - Púdrete Flanders
[2020-09-21 14:57:19,448] {logging_mixin.py:112} INFO - Púdrete Flanders
[2020-09-21 14:57:19,448] {logging_mixin.py:112} INFO - Púdrete Flanders
[2020-09-21 14:57:19,448] {logging_mixin.py:112} INFO - Púdrete Flanders
[2020-09-21 14:57:19,448] {logging_mixin.py:112} INFO - Púdrete Flanders
[2020-09-21 14:57:19,448] {logging_mixin.py:112} INFO - Púdrete Flanders
[2020-09-21 14:57:19,448] {logging_mixin.py:112} INFO - Púdrete Flanders
[2020-09-21 14:57:19,448] {logging_mixin.py:112} INFO - Púdrete Flanders
[2020-09-21 14:57:19,448] {logging_mixin.py:112} INFO - Púdrete Flanders
[2020-09-21 14:57:19,448] {logging_mixin.py:112} INFO - Púdrete Flanders
[2020-09-21 14:57:19,448] {logging_mixin.py:112} INFO - Púdrete Flanders
[2020-09-21 14:57:19,448] {logging_mixin.py:112} INFO - Púdrete Flanders
[2020-09-21 14:57:19,448] {logging_mixin.py:112} INFO - Púdrete Flanders
[2020-09-21 14:57:19,448] {logging_mixin.py:112} INFO - Púdrete Flanders
[2020-09-21 14:57:19,449] {logging_mixin.py:112} INFO - Púdrete Flanders
[2020-09-21 14:57:19,449] {logging_mixin.py:112} INFO - Púdrete Flanders
[2020-09-21 14:57:19,449] {logging_mixin.py:112} INFO - Púdrete Flanders
[2020-09-21 14:57:19,449] {logging_mixin.py:112} INFO - Púdrete Flanders
[2020-09-21 14:57:19,449] {logging_mixin.py:112} INFO - Púdrete Flanders
[2020-09-21 14:57:19,449] {logging_mixin.py:112} INFO - Púdrete Flanders
[2020-09-21 14:57:19,449] {logging_mixin.py:112} INFO - Púdrete Flanders
[2020-09-21 14:57:19,449] {logging_mixin.py:112} INFO - Púdrete Flanders
[2020-09-21 14:57:19,449] {logging_mixin.py:112} INFO - Púdrete Flanders
[2020-09-21 14:57:19,449] {logging_mixin.py:112} INFO - Púdrete Flanders
[2020-09-21 14:57:19,449] {logging_mixin.py:112} INFO - Púdrete Flanders
[2020-09-21 14:57:19,449] {logging_mixin.py:112} INFO - Púdrete Flanders
[2020-09-21 14:57:19,449] {logging_mixin.py:112} INFO - Púdrete Flanders
[2020-09-21 14:57:19,449] {logging_mixin.py:112} INFO - Púdrete Flanders
[2020-09-21 14:57:19,449] {logging_mixin.py:112} INFO - Púdrete Flanders
[2020-09-21 14:57:19,449] {logging_mixin.py:112} INFO - Púdrete Flanders
[2020-09-21 14:57:19,449] {logging_mixin.py:112} INFO - Púdrete Flanders
[2020-09-21 14:57:19,449] {logging_mixin.py:112} INFO - Púdrete Flanders
[2020-09-21 14:57:19,450] {logging_mixin.py:112} INFO - Púdrete Flanders
[2020-09-21 14:57:19,450] {logging_mixin.py:112} INFO - Púdrete Flanders
[2020-09-21 14:57:19,450] {logging_mixin.py:112} INFO - Púdrete Flanders
[2020-09-21 14:57:19,450] {logging_mixin.py:112} INFO - Púdrete Flanders
[2020-09-21 14:57:19,450] {logging_mixin.py:112} INFO - Púdrete Flanders
[2020-09-21 14:57:19,450] {python_operator.py:114} INFO - Done. Returned value was: None
[2020-09-21 14:57:19,461] {taskinstance.py:1065} INFO - Marking task as SUCCESS.dag_id=dag_homer_essay, task_id=wr_body, execution_date=20200729T000000, start_date=20200921T145719, end_date=20200921T145719
[2020-09-21 14:57:29,247] {logging_mixin.py:112} INFO - [2020-09-21 14:57:29,246] {local_task_job.py:103} INFO - Task exited with return code 0
