[2020-09-21 15:04:09,901] {taskinstance.py:669} INFO - Dependencies all met for <TaskInstance: dag_homer_essay.wr_body 2020-09-01T00:00:00+00:00 [queued]>
[2020-09-21 15:04:09,926] {taskinstance.py:669} INFO - Dependencies all met for <TaskInstance: dag_homer_essay.wr_body 2020-09-01T00:00:00+00:00 [queued]>
[2020-09-21 15:04:09,927] {taskinstance.py:879} INFO - 
--------------------------------------------------------------------------------
[2020-09-21 15:04:09,927] {taskinstance.py:880} INFO - Starting attempt 1 of 1
[2020-09-21 15:04:09,927] {taskinstance.py:881} INFO - 
--------------------------------------------------------------------------------
[2020-09-21 15:04:09,941] {taskinstance.py:900} INFO - Executing <Task(PythonOperator): wr_body> on 2020-09-01T00:00:00+00:00
[2020-09-21 15:04:09,944] {standard_task_runner.py:53} INFO - Started process 26977 to run task
[2020-09-21 15:04:10,073] {logging_mixin.py:112} INFO - Running %s on host %s <TaskInstance: dag_homer_essay.wr_body 2020-09-01T00:00:00+00:00 [running]> b349191ed544
[2020-09-21 15:04:10,092] {logging_mixin.py:112} INFO - Púdrete Flanders
[2020-09-21 15:04:10,092] {logging_mixin.py:112} INFO - Púdrete Flanders
[2020-09-21 15:04:10,092] {logging_mixin.py:112} INFO - Púdrete Flanders
[2020-09-21 15:04:10,092] {logging_mixin.py:112} INFO - Púdrete Flanders
[2020-09-21 15:04:10,092] {logging_mixin.py:112} INFO - Púdrete Flanders
[2020-09-21 15:04:10,092] {logging_mixin.py:112} INFO - Púdrete Flanders
[2020-09-21 15:04:10,092] {logging_mixin.py:112} INFO - Púdrete Flanders
[2020-09-21 15:04:10,092] {logging_mixin.py:112} INFO - Púdrete Flanders
[2020-09-21 15:04:10,092] {logging_mixin.py:112} INFO - Púdrete Flanders
[2020-09-21 15:04:10,092] {logging_mixin.py:112} INFO - Púdrete Flanders
[2020-09-21 15:04:10,092] {logging_mixin.py:112} INFO - Púdrete Flanders
[2020-09-21 15:04:10,092] {logging_mixin.py:112} INFO - Púdrete Flanders
[2020-09-21 15:04:10,093] {logging_mixin.py:112} INFO - Púdrete Flanders
[2020-09-21 15:04:10,093] {logging_mixin.py:112} INFO - Púdrete Flanders
[2020-09-21 15:04:10,093] {logging_mixin.py:112} INFO - Púdrete Flanders
[2020-09-21 15:04:10,093] {logging_mixin.py:112} INFO - Púdrete Flanders
[2020-09-21 15:04:10,093] {logging_mixin.py:112} INFO - Púdrete Flanders
[2020-09-21 15:04:10,093] {logging_mixin.py:112} INFO - Púdrete Flanders
[2020-09-21 15:04:10,093] {logging_mixin.py:112} INFO - Púdrete Flanders
[2020-09-21 15:04:10,093] {logging_mixin.py:112} INFO - Púdrete Flanders
[2020-09-21 15:04:10,093] {logging_mixin.py:112} INFO - Púdrete Flanders
[2020-09-21 15:04:10,093] {logging_mixin.py:112} INFO - Púdrete Flanders
[2020-09-21 15:04:10,093] {logging_mixin.py:112} INFO - Púdrete Flanders
[2020-09-21 15:04:10,093] {logging_mixin.py:112} INFO - Púdrete Flanders
[2020-09-21 15:04:10,093] {logging_mixin.py:112} INFO - Púdrete Flanders
[2020-09-21 15:04:10,093] {logging_mixin.py:112} INFO - Púdrete Flanders
[2020-09-21 15:04:10,093] {logging_mixin.py:112} INFO - Púdrete Flanders
[2020-09-21 15:04:10,093] {logging_mixin.py:112} INFO - Púdrete Flanders
[2020-09-21 15:04:10,093] {logging_mixin.py:112} INFO - Púdrete Flanders
[2020-09-21 15:04:10,093] {logging_mixin.py:112} INFO - Púdrete Flanders
[2020-09-21 15:04:10,093] {logging_mixin.py:112} INFO - Púdrete Flanders
[2020-09-21 15:04:10,094] {logging_mixin.py:112} INFO - Púdrete Flanders
[2020-09-21 15:04:10,094] {logging_mixin.py:112} INFO - Púdrete Flanders
[2020-09-21 15:04:10,094] {logging_mixin.py:112} INFO - Púdrete Flanders
[2020-09-21 15:04:10,094] {logging_mixin.py:112} INFO - Púdrete Flanders
[2020-09-21 15:04:10,094] {logging_mixin.py:112} INFO - Púdrete Flanders
[2020-09-21 15:04:10,094] {logging_mixin.py:112} INFO - Púdrete Flanders
[2020-09-21 15:04:10,094] {logging_mixin.py:112} INFO - Púdrete Flanders
[2020-09-21 15:04:10,094] {logging_mixin.py:112} INFO - Púdrete Flanders
[2020-09-21 15:04:10,094] {logging_mixin.py:112} INFO - Púdrete Flanders
[2020-09-21 15:04:10,094] {logging_mixin.py:112} INFO - Púdrete Flanders
[2020-09-21 15:04:10,094] {logging_mixin.py:112} INFO - Púdrete Flanders
[2020-09-21 15:04:10,094] {logging_mixin.py:112} INFO - Púdrete Flanders
[2020-09-21 15:04:10,094] {logging_mixin.py:112} INFO - Púdrete Flanders
[2020-09-21 15:04:10,095] {logging_mixin.py:112} INFO - Púdrete Flanders
[2020-09-21 15:04:10,095] {logging_mixin.py:112} INFO - Púdrete Flanders
[2020-09-21 15:04:10,095] {logging_mixin.py:112} INFO - Púdrete Flanders
[2020-09-21 15:04:10,095] {logging_mixin.py:112} INFO - Púdrete Flanders
[2020-09-21 15:04:10,095] {logging_mixin.py:112} INFO - Púdrete Flanders
[2020-09-21 15:04:10,095] {logging_mixin.py:112} INFO - Púdrete Flanders
[2020-09-21 15:04:10,095] {python_operator.py:114} INFO - Done. Returned value was: None
[2020-09-21 15:04:10,104] {taskinstance.py:1065} INFO - Marking task as SUCCESS.dag_id=dag_homer_essay, task_id=wr_body, execution_date=20200901T000000, start_date=20200921T150409, end_date=20200921T150410
[2020-09-21 15:04:19,880] {logging_mixin.py:112} INFO - [2020-09-21 15:04:19,880] {local_task_job.py:103} INFO - Task exited with return code 0
