[2020-09-21 14:44:36,481] {taskinstance.py:669} INFO - Dependencies all met for <TaskInstance: dag_homer_essay.wr_body 2020-05-27T00:00:00+00:00 [queued]>
[2020-09-21 14:44:36,497] {taskinstance.py:669} INFO - Dependencies all met for <TaskInstance: dag_homer_essay.wr_body 2020-05-27T00:00:00+00:00 [queued]>
[2020-09-21 14:44:36,497] {taskinstance.py:879} INFO - 
--------------------------------------------------------------------------------
[2020-09-21 14:44:36,497] {taskinstance.py:880} INFO - Starting attempt 1 of 1
[2020-09-21 14:44:36,497] {taskinstance.py:881} INFO - 
--------------------------------------------------------------------------------
[2020-09-21 14:44:36,507] {taskinstance.py:900} INFO - Executing <Task(PythonOperator): wr_body> on 2020-05-27T00:00:00+00:00
[2020-09-21 14:44:36,509] {standard_task_runner.py:53} INFO - Started process 10679 to run task
[2020-09-21 14:44:36,613] {logging_mixin.py:112} INFO - Running %s on host %s <TaskInstance: dag_homer_essay.wr_body 2020-05-27T00:00:00+00:00 [running]> b349191ed544
[2020-09-21 14:44:36,633] {logging_mixin.py:112} INFO - Púdrete Flanders
[2020-09-21 14:44:36,633] {logging_mixin.py:112} INFO - Púdrete Flanders
[2020-09-21 14:44:36,633] {logging_mixin.py:112} INFO - Púdrete Flanders
[2020-09-21 14:44:36,634] {logging_mixin.py:112} INFO - Púdrete Flanders
[2020-09-21 14:44:36,634] {logging_mixin.py:112} INFO - Púdrete Flanders
[2020-09-21 14:44:36,634] {logging_mixin.py:112} INFO - Púdrete Flanders
[2020-09-21 14:44:36,634] {logging_mixin.py:112} INFO - Púdrete Flanders
[2020-09-21 14:44:36,634] {logging_mixin.py:112} INFO - Púdrete Flanders
[2020-09-21 14:44:36,634] {logging_mixin.py:112} INFO - Púdrete Flanders
[2020-09-21 14:44:36,634] {logging_mixin.py:112} INFO - Púdrete Flanders
[2020-09-21 14:44:36,634] {logging_mixin.py:112} INFO - Púdrete Flanders
[2020-09-21 14:44:36,634] {logging_mixin.py:112} INFO - Púdrete Flanders
[2020-09-21 14:44:36,634] {logging_mixin.py:112} INFO - Púdrete Flanders
[2020-09-21 14:44:36,634] {logging_mixin.py:112} INFO - Púdrete Flanders
[2020-09-21 14:44:36,634] {logging_mixin.py:112} INFO - Púdrete Flanders
[2020-09-21 14:44:36,634] {logging_mixin.py:112} INFO - Púdrete Flanders
[2020-09-21 14:44:36,634] {logging_mixin.py:112} INFO - Púdrete Flanders
[2020-09-21 14:44:36,634] {logging_mixin.py:112} INFO - Púdrete Flanders
[2020-09-21 14:44:36,634] {logging_mixin.py:112} INFO - Púdrete Flanders
[2020-09-21 14:44:36,634] {logging_mixin.py:112} INFO - Púdrete Flanders
[2020-09-21 14:44:36,635] {logging_mixin.py:112} INFO - Púdrete Flanders
[2020-09-21 14:44:36,635] {logging_mixin.py:112} INFO - Púdrete Flanders
[2020-09-21 14:44:36,635] {logging_mixin.py:112} INFO - Púdrete Flanders
[2020-09-21 14:44:36,635] {logging_mixin.py:112} INFO - Púdrete Flanders
[2020-09-21 14:44:36,635] {logging_mixin.py:112} INFO - Púdrete Flanders
[2020-09-21 14:44:36,635] {logging_mixin.py:112} INFO - Púdrete Flanders
[2020-09-21 14:44:36,635] {logging_mixin.py:112} INFO - Púdrete Flanders
[2020-09-21 14:44:36,635] {logging_mixin.py:112} INFO - Púdrete Flanders
[2020-09-21 14:44:36,635] {logging_mixin.py:112} INFO - Púdrete Flanders
[2020-09-21 14:44:36,635] {logging_mixin.py:112} INFO - Púdrete Flanders
[2020-09-21 14:44:36,635] {logging_mixin.py:112} INFO - Púdrete Flanders
[2020-09-21 14:44:36,635] {logging_mixin.py:112} INFO - Púdrete Flanders
[2020-09-21 14:44:36,635] {logging_mixin.py:112} INFO - Púdrete Flanders
[2020-09-21 14:44:36,635] {logging_mixin.py:112} INFO - Púdrete Flanders
[2020-09-21 14:44:36,635] {logging_mixin.py:112} INFO - Púdrete Flanders
[2020-09-21 14:44:36,635] {logging_mixin.py:112} INFO - Púdrete Flanders
[2020-09-21 14:44:36,636] {logging_mixin.py:112} INFO - Púdrete Flanders
[2020-09-21 14:44:36,636] {logging_mixin.py:112} INFO - Púdrete Flanders
[2020-09-21 14:44:36,636] {logging_mixin.py:112} INFO - Púdrete Flanders
[2020-09-21 14:44:36,636] {logging_mixin.py:112} INFO - Púdrete Flanders
[2020-09-21 14:44:36,636] {logging_mixin.py:112} INFO - Púdrete Flanders
[2020-09-21 14:44:36,636] {logging_mixin.py:112} INFO - Púdrete Flanders
[2020-09-21 14:44:36,636] {logging_mixin.py:112} INFO - Púdrete Flanders
[2020-09-21 14:44:36,636] {logging_mixin.py:112} INFO - Púdrete Flanders
[2020-09-21 14:44:36,636] {logging_mixin.py:112} INFO - Púdrete Flanders
[2020-09-21 14:44:36,636] {logging_mixin.py:112} INFO - Púdrete Flanders
[2020-09-21 14:44:36,636] {logging_mixin.py:112} INFO - Púdrete Flanders
[2020-09-21 14:44:36,636] {logging_mixin.py:112} INFO - Púdrete Flanders
[2020-09-21 14:44:36,636] {logging_mixin.py:112} INFO - Púdrete Flanders
[2020-09-21 14:44:36,636] {logging_mixin.py:112} INFO - Púdrete Flanders
[2020-09-21 14:44:36,636] {python_operator.py:114} INFO - Done. Returned value was: None
[2020-09-21 14:44:36,645] {taskinstance.py:1065} INFO - Marking task as SUCCESS.dag_id=dag_homer_essay, task_id=wr_body, execution_date=20200527T000000, start_date=20200921T144436, end_date=20200921T144436
[2020-09-21 14:44:46,465] {logging_mixin.py:112} INFO - [2020-09-21 14:44:46,465] {local_task_job.py:103} INFO - Task exited with return code 0
