[2020-09-21 15:02:21,829] {taskinstance.py:669} INFO - Dependencies all met for <TaskInstance: dag_homer_essay.wr_body 2020-08-23T00:00:00+00:00 [queued]>
[2020-09-21 15:02:21,865] {taskinstance.py:669} INFO - Dependencies all met for <TaskInstance: dag_homer_essay.wr_body 2020-08-23T00:00:00+00:00 [queued]>
[2020-09-21 15:02:21,866] {taskinstance.py:879} INFO - 
--------------------------------------------------------------------------------
[2020-09-21 15:02:21,866] {taskinstance.py:880} INFO - Starting attempt 1 of 1
[2020-09-21 15:02:21,866] {taskinstance.py:881} INFO - 
--------------------------------------------------------------------------------
[2020-09-21 15:02:21,878] {taskinstance.py:900} INFO - Executing <Task(PythonOperator): wr_body> on 2020-08-23T00:00:00+00:00
[2020-09-21 15:02:21,883] {standard_task_runner.py:53} INFO - Started process 25471 to run task
[2020-09-21 15:02:22,015] {logging_mixin.py:112} INFO - Running %s on host %s <TaskInstance: dag_homer_essay.wr_body 2020-08-23T00:00:00+00:00 [running]> b349191ed544
[2020-09-21 15:02:22,033] {logging_mixin.py:112} INFO - Púdrete Flanders
[2020-09-21 15:02:22,033] {logging_mixin.py:112} INFO - Púdrete Flanders
[2020-09-21 15:02:22,033] {logging_mixin.py:112} INFO - Púdrete Flanders
[2020-09-21 15:02:22,033] {logging_mixin.py:112} INFO - Púdrete Flanders
[2020-09-21 15:02:22,033] {logging_mixin.py:112} INFO - Púdrete Flanders
[2020-09-21 15:02:22,033] {logging_mixin.py:112} INFO - Púdrete Flanders
[2020-09-21 15:02:22,033] {logging_mixin.py:112} INFO - Púdrete Flanders
[2020-09-21 15:02:22,033] {logging_mixin.py:112} INFO - Púdrete Flanders
[2020-09-21 15:02:22,034] {logging_mixin.py:112} INFO - Púdrete Flanders
[2020-09-21 15:02:22,034] {logging_mixin.py:112} INFO - Púdrete Flanders
[2020-09-21 15:02:22,034] {logging_mixin.py:112} INFO - Púdrete Flanders
[2020-09-21 15:02:22,034] {logging_mixin.py:112} INFO - Púdrete Flanders
[2020-09-21 15:02:22,034] {logging_mixin.py:112} INFO - Púdrete Flanders
[2020-09-21 15:02:22,034] {logging_mixin.py:112} INFO - Púdrete Flanders
[2020-09-21 15:02:22,034] {logging_mixin.py:112} INFO - Púdrete Flanders
[2020-09-21 15:02:22,034] {logging_mixin.py:112} INFO - Púdrete Flanders
[2020-09-21 15:02:22,034] {logging_mixin.py:112} INFO - Púdrete Flanders
[2020-09-21 15:02:22,034] {logging_mixin.py:112} INFO - Púdrete Flanders
[2020-09-21 15:02:22,034] {logging_mixin.py:112} INFO - Púdrete Flanders
[2020-09-21 15:02:22,034] {logging_mixin.py:112} INFO - Púdrete Flanders
[2020-09-21 15:02:22,034] {logging_mixin.py:112} INFO - Púdrete Flanders
[2020-09-21 15:02:22,034] {logging_mixin.py:112} INFO - Púdrete Flanders
[2020-09-21 15:02:22,034] {logging_mixin.py:112} INFO - Púdrete Flanders
[2020-09-21 15:02:22,034] {logging_mixin.py:112} INFO - Púdrete Flanders
[2020-09-21 15:02:22,034] {logging_mixin.py:112} INFO - Púdrete Flanders
[2020-09-21 15:02:22,034] {logging_mixin.py:112} INFO - Púdrete Flanders
[2020-09-21 15:02:22,034] {logging_mixin.py:112} INFO - Púdrete Flanders
[2020-09-21 15:02:22,034] {logging_mixin.py:112} INFO - Púdrete Flanders
[2020-09-21 15:02:22,034] {logging_mixin.py:112} INFO - Púdrete Flanders
[2020-09-21 15:02:22,035] {logging_mixin.py:112} INFO - Púdrete Flanders
[2020-09-21 15:02:22,035] {logging_mixin.py:112} INFO - Púdrete Flanders
[2020-09-21 15:02:22,035] {logging_mixin.py:112} INFO - Púdrete Flanders
[2020-09-21 15:02:22,035] {logging_mixin.py:112} INFO - Púdrete Flanders
[2020-09-21 15:02:22,035] {logging_mixin.py:112} INFO - Púdrete Flanders
[2020-09-21 15:02:22,035] {logging_mixin.py:112} INFO - Púdrete Flanders
[2020-09-21 15:02:22,035] {logging_mixin.py:112} INFO - Púdrete Flanders
[2020-09-21 15:02:22,035] {logging_mixin.py:112} INFO - Púdrete Flanders
[2020-09-21 15:02:22,035] {logging_mixin.py:112} INFO - Púdrete Flanders
[2020-09-21 15:02:22,035] {logging_mixin.py:112} INFO - Púdrete Flanders
[2020-09-21 15:02:22,035] {logging_mixin.py:112} INFO - Púdrete Flanders
[2020-09-21 15:02:22,035] {logging_mixin.py:112} INFO - Púdrete Flanders
[2020-09-21 15:02:22,035] {logging_mixin.py:112} INFO - Púdrete Flanders
[2020-09-21 15:02:22,035] {logging_mixin.py:112} INFO - Púdrete Flanders
[2020-09-21 15:02:22,035] {logging_mixin.py:112} INFO - Púdrete Flanders
[2020-09-21 15:02:22,035] {logging_mixin.py:112} INFO - Púdrete Flanders
[2020-09-21 15:02:22,035] {logging_mixin.py:112} INFO - Púdrete Flanders
[2020-09-21 15:02:22,035] {logging_mixin.py:112} INFO - Púdrete Flanders
[2020-09-21 15:02:22,035] {logging_mixin.py:112} INFO - Púdrete Flanders
[2020-09-21 15:02:22,035] {logging_mixin.py:112} INFO - Púdrete Flanders
[2020-09-21 15:02:22,035] {logging_mixin.py:112} INFO - Púdrete Flanders
[2020-09-21 15:02:22,036] {python_operator.py:114} INFO - Done. Returned value was: None
[2020-09-21 15:02:22,043] {taskinstance.py:1065} INFO - Marking task as SUCCESS.dag_id=dag_homer_essay, task_id=wr_body, execution_date=20200823T000000, start_date=20200921T150221, end_date=20200921T150222
[2020-09-21 15:02:31,810] {logging_mixin.py:112} INFO - [2020-09-21 15:02:31,810] {local_task_job.py:103} INFO - Task exited with return code 0
