[2020-09-21 14:55:05,245] {taskinstance.py:669} INFO - Dependencies all met for <TaskInstance: dag_homer_essay.wr_body 2020-07-18T00:00:00+00:00 [queued]>
[2020-09-21 14:55:05,279] {taskinstance.py:669} INFO - Dependencies all met for <TaskInstance: dag_homer_essay.wr_body 2020-07-18T00:00:00+00:00 [queued]>
[2020-09-21 14:55:05,280] {taskinstance.py:879} INFO - 
--------------------------------------------------------------------------------
[2020-09-21 14:55:05,280] {taskinstance.py:880} INFO - Starting attempt 1 of 1
[2020-09-21 14:55:05,280] {taskinstance.py:881} INFO - 
--------------------------------------------------------------------------------
[2020-09-21 14:55:05,288] {taskinstance.py:900} INFO - Executing <Task(PythonOperator): wr_body> on 2020-07-18T00:00:00+00:00
[2020-09-21 14:55:05,291] {standard_task_runner.py:53} INFO - Started process 19406 to run task
[2020-09-21 14:55:05,446] {logging_mixin.py:112} INFO - Running %s on host %s <TaskInstance: dag_homer_essay.wr_body 2020-07-18T00:00:00+00:00 [running]> b349191ed544
[2020-09-21 14:55:05,464] {logging_mixin.py:112} INFO - Púdrete Flanders
[2020-09-21 14:55:05,465] {logging_mixin.py:112} INFO - Púdrete Flanders
[2020-09-21 14:55:05,465] {logging_mixin.py:112} INFO - Púdrete Flanders
[2020-09-21 14:55:05,465] {logging_mixin.py:112} INFO - Púdrete Flanders
[2020-09-21 14:55:05,465] {logging_mixin.py:112} INFO - Púdrete Flanders
[2020-09-21 14:55:05,465] {logging_mixin.py:112} INFO - Púdrete Flanders
[2020-09-21 14:55:05,465] {logging_mixin.py:112} INFO - Púdrete Flanders
[2020-09-21 14:55:05,465] {logging_mixin.py:112} INFO - Púdrete Flanders
[2020-09-21 14:55:05,465] {logging_mixin.py:112} INFO - Púdrete Flanders
[2020-09-21 14:55:05,465] {logging_mixin.py:112} INFO - Púdrete Flanders
[2020-09-21 14:55:05,465] {logging_mixin.py:112} INFO - Púdrete Flanders
[2020-09-21 14:55:05,465] {logging_mixin.py:112} INFO - Púdrete Flanders
[2020-09-21 14:55:05,465] {logging_mixin.py:112} INFO - Púdrete Flanders
[2020-09-21 14:55:05,465] {logging_mixin.py:112} INFO - Púdrete Flanders
[2020-09-21 14:55:05,465] {logging_mixin.py:112} INFO - Púdrete Flanders
[2020-09-21 14:55:05,465] {logging_mixin.py:112} INFO - Púdrete Flanders
[2020-09-21 14:55:05,465] {logging_mixin.py:112} INFO - Púdrete Flanders
[2020-09-21 14:55:05,465] {logging_mixin.py:112} INFO - Púdrete Flanders
[2020-09-21 14:55:05,465] {logging_mixin.py:112} INFO - Púdrete Flanders
[2020-09-21 14:55:05,465] {logging_mixin.py:112} INFO - Púdrete Flanders
[2020-09-21 14:55:05,465] {logging_mixin.py:112} INFO - Púdrete Flanders
[2020-09-21 14:55:05,465] {logging_mixin.py:112} INFO - Púdrete Flanders
[2020-09-21 14:55:05,466] {logging_mixin.py:112} INFO - Púdrete Flanders
[2020-09-21 14:55:05,466] {logging_mixin.py:112} INFO - Púdrete Flanders
[2020-09-21 14:55:05,466] {logging_mixin.py:112} INFO - Púdrete Flanders
[2020-09-21 14:55:05,466] {logging_mixin.py:112} INFO - Púdrete Flanders
[2020-09-21 14:55:05,466] {logging_mixin.py:112} INFO - Púdrete Flanders
[2020-09-21 14:55:05,466] {logging_mixin.py:112} INFO - Púdrete Flanders
[2020-09-21 14:55:05,466] {logging_mixin.py:112} INFO - Púdrete Flanders
[2020-09-21 14:55:05,466] {logging_mixin.py:112} INFO - Púdrete Flanders
[2020-09-21 14:55:05,466] {logging_mixin.py:112} INFO - Púdrete Flanders
[2020-09-21 14:55:05,466] {logging_mixin.py:112} INFO - Púdrete Flanders
[2020-09-21 14:55:05,466] {logging_mixin.py:112} INFO - Púdrete Flanders
[2020-09-21 14:55:05,466] {logging_mixin.py:112} INFO - Púdrete Flanders
[2020-09-21 14:55:05,466] {logging_mixin.py:112} INFO - Púdrete Flanders
[2020-09-21 14:55:05,466] {logging_mixin.py:112} INFO - Púdrete Flanders
[2020-09-21 14:55:05,466] {logging_mixin.py:112} INFO - Púdrete Flanders
[2020-09-21 14:55:05,466] {logging_mixin.py:112} INFO - Púdrete Flanders
[2020-09-21 14:55:05,466] {logging_mixin.py:112} INFO - Púdrete Flanders
[2020-09-21 14:55:05,466] {logging_mixin.py:112} INFO - Púdrete Flanders
[2020-09-21 14:55:05,466] {logging_mixin.py:112} INFO - Púdrete Flanders
[2020-09-21 14:55:05,466] {logging_mixin.py:112} INFO - Púdrete Flanders
[2020-09-21 14:55:05,466] {logging_mixin.py:112} INFO - Púdrete Flanders
[2020-09-21 14:55:05,467] {logging_mixin.py:112} INFO - Púdrete Flanders
[2020-09-21 14:55:05,467] {logging_mixin.py:112} INFO - Púdrete Flanders
[2020-09-21 14:55:05,467] {logging_mixin.py:112} INFO - Púdrete Flanders
[2020-09-21 14:55:05,467] {logging_mixin.py:112} INFO - Púdrete Flanders
[2020-09-21 14:55:05,467] {logging_mixin.py:112} INFO - Púdrete Flanders
[2020-09-21 14:55:05,467] {logging_mixin.py:112} INFO - Púdrete Flanders
[2020-09-21 14:55:05,467] {logging_mixin.py:112} INFO - Púdrete Flanders
[2020-09-21 14:55:05,467] {python_operator.py:114} INFO - Done. Returned value was: None
[2020-09-21 14:55:05,475] {taskinstance.py:1065} INFO - Marking task as SUCCESS.dag_id=dag_homer_essay, task_id=wr_body, execution_date=20200718T000000, start_date=20200921T145505, end_date=20200921T145505
[2020-09-21 14:55:15,217] {logging_mixin.py:112} INFO - [2020-09-21 14:55:15,216] {local_task_job.py:103} INFO - Task exited with return code 0
