[2020-09-21 15:03:34,026] {taskinstance.py:669} INFO - Dependencies all met for <TaskInstance: dag_homer_essay.wr_body 2020-08-29T00:00:00+00:00 [queued]>
[2020-09-21 15:03:34,047] {taskinstance.py:669} INFO - Dependencies all met for <TaskInstance: dag_homer_essay.wr_body 2020-08-29T00:00:00+00:00 [queued]>
[2020-09-21 15:03:34,047] {taskinstance.py:879} INFO - 
--------------------------------------------------------------------------------
[2020-09-21 15:03:34,047] {taskinstance.py:880} INFO - Starting attempt 1 of 1
[2020-09-21 15:03:34,047] {taskinstance.py:881} INFO - 
--------------------------------------------------------------------------------
[2020-09-21 15:03:34,061] {taskinstance.py:900} INFO - Executing <Task(PythonOperator): wr_body> on 2020-08-29T00:00:00+00:00
[2020-09-21 15:03:34,064] {standard_task_runner.py:53} INFO - Started process 26473 to run task
[2020-09-21 15:03:34,172] {logging_mixin.py:112} INFO - Running %s on host %s <TaskInstance: dag_homer_essay.wr_body 2020-08-29T00:00:00+00:00 [running]> b349191ed544
[2020-09-21 15:03:34,193] {logging_mixin.py:112} INFO - Púdrete Flanders
[2020-09-21 15:03:34,193] {logging_mixin.py:112} INFO - Púdrete Flanders
[2020-09-21 15:03:34,193] {logging_mixin.py:112} INFO - Púdrete Flanders
[2020-09-21 15:03:34,193] {logging_mixin.py:112} INFO - Púdrete Flanders
[2020-09-21 15:03:34,193] {logging_mixin.py:112} INFO - Púdrete Flanders
[2020-09-21 15:03:34,193] {logging_mixin.py:112} INFO - Púdrete Flanders
[2020-09-21 15:03:34,193] {logging_mixin.py:112} INFO - Púdrete Flanders
[2020-09-21 15:03:34,193] {logging_mixin.py:112} INFO - Púdrete Flanders
[2020-09-21 15:03:34,193] {logging_mixin.py:112} INFO - Púdrete Flanders
[2020-09-21 15:03:34,194] {logging_mixin.py:112} INFO - Púdrete Flanders
[2020-09-21 15:03:34,194] {logging_mixin.py:112} INFO - Púdrete Flanders
[2020-09-21 15:03:34,194] {logging_mixin.py:112} INFO - Púdrete Flanders
[2020-09-21 15:03:34,194] {logging_mixin.py:112} INFO - Púdrete Flanders
[2020-09-21 15:03:34,194] {logging_mixin.py:112} INFO - Púdrete Flanders
[2020-09-21 15:03:34,194] {logging_mixin.py:112} INFO - Púdrete Flanders
[2020-09-21 15:03:34,194] {logging_mixin.py:112} INFO - Púdrete Flanders
[2020-09-21 15:03:34,194] {logging_mixin.py:112} INFO - Púdrete Flanders
[2020-09-21 15:03:34,194] {logging_mixin.py:112} INFO - Púdrete Flanders
[2020-09-21 15:03:34,194] {logging_mixin.py:112} INFO - Púdrete Flanders
[2020-09-21 15:03:34,194] {logging_mixin.py:112} INFO - Púdrete Flanders
[2020-09-21 15:03:34,194] {logging_mixin.py:112} INFO - Púdrete Flanders
[2020-09-21 15:03:34,194] {logging_mixin.py:112} INFO - Púdrete Flanders
[2020-09-21 15:03:34,194] {logging_mixin.py:112} INFO - Púdrete Flanders
[2020-09-21 15:03:34,194] {logging_mixin.py:112} INFO - Púdrete Flanders
[2020-09-21 15:03:34,194] {logging_mixin.py:112} INFO - Púdrete Flanders
[2020-09-21 15:03:34,194] {logging_mixin.py:112} INFO - Púdrete Flanders
[2020-09-21 15:03:34,194] {logging_mixin.py:112} INFO - Púdrete Flanders
[2020-09-21 15:03:34,194] {logging_mixin.py:112} INFO - Púdrete Flanders
[2020-09-21 15:03:34,194] {logging_mixin.py:112} INFO - Púdrete Flanders
[2020-09-21 15:03:34,194] {logging_mixin.py:112} INFO - Púdrete Flanders
[2020-09-21 15:03:34,195] {logging_mixin.py:112} INFO - Púdrete Flanders
[2020-09-21 15:03:34,195] {logging_mixin.py:112} INFO - Púdrete Flanders
[2020-09-21 15:03:34,195] {logging_mixin.py:112} INFO - Púdrete Flanders
[2020-09-21 15:03:34,195] {logging_mixin.py:112} INFO - Púdrete Flanders
[2020-09-21 15:03:34,195] {logging_mixin.py:112} INFO - Púdrete Flanders
[2020-09-21 15:03:34,195] {logging_mixin.py:112} INFO - Púdrete Flanders
[2020-09-21 15:03:34,195] {logging_mixin.py:112} INFO - Púdrete Flanders
[2020-09-21 15:03:34,195] {logging_mixin.py:112} INFO - Púdrete Flanders
[2020-09-21 15:03:34,195] {logging_mixin.py:112} INFO - Púdrete Flanders
[2020-09-21 15:03:34,195] {logging_mixin.py:112} INFO - Púdrete Flanders
[2020-09-21 15:03:34,195] {logging_mixin.py:112} INFO - Púdrete Flanders
[2020-09-21 15:03:34,195] {logging_mixin.py:112} INFO - Púdrete Flanders
[2020-09-21 15:03:34,195] {logging_mixin.py:112} INFO - Púdrete Flanders
[2020-09-21 15:03:34,195] {logging_mixin.py:112} INFO - Púdrete Flanders
[2020-09-21 15:03:34,195] {logging_mixin.py:112} INFO - Púdrete Flanders
[2020-09-21 15:03:34,195] {logging_mixin.py:112} INFO - Púdrete Flanders
[2020-09-21 15:03:34,195] {logging_mixin.py:112} INFO - Púdrete Flanders
[2020-09-21 15:03:34,195] {logging_mixin.py:112} INFO - Púdrete Flanders
[2020-09-21 15:03:34,195] {logging_mixin.py:112} INFO - Púdrete Flanders
[2020-09-21 15:03:34,195] {logging_mixin.py:112} INFO - Púdrete Flanders
[2020-09-21 15:03:34,195] {python_operator.py:114} INFO - Done. Returned value was: None
[2020-09-21 15:03:34,204] {taskinstance.py:1065} INFO - Marking task as SUCCESS.dag_id=dag_homer_essay, task_id=wr_body, execution_date=20200829T000000, start_date=20200921T150334, end_date=20200921T150334
[2020-09-21 15:03:44,010] {logging_mixin.py:112} INFO - [2020-09-21 15:03:44,010] {local_task_job.py:103} INFO - Task exited with return code 0
