[2020-09-21 14:47:50,682] {taskinstance.py:669} INFO - Dependencies all met for <TaskInstance: dag_homer_essay.wr_body 2020-06-12T00:00:00+00:00 [queued]>
[2020-09-21 14:47:50,695] {taskinstance.py:669} INFO - Dependencies all met for <TaskInstance: dag_homer_essay.wr_body 2020-06-12T00:00:00+00:00 [queued]>
[2020-09-21 14:47:50,695] {taskinstance.py:879} INFO - 
--------------------------------------------------------------------------------
[2020-09-21 14:47:50,695] {taskinstance.py:880} INFO - Starting attempt 1 of 1
[2020-09-21 14:47:50,695] {taskinstance.py:881} INFO - 
--------------------------------------------------------------------------------
[2020-09-21 14:47:50,704] {taskinstance.py:900} INFO - Executing <Task(PythonOperator): wr_body> on 2020-06-12T00:00:00+00:00
[2020-09-21 14:47:50,706] {standard_task_runner.py:53} INFO - Started process 13368 to run task
[2020-09-21 14:47:50,818] {logging_mixin.py:112} INFO - Running %s on host %s <TaskInstance: dag_homer_essay.wr_body 2020-06-12T00:00:00+00:00 [running]> b349191ed544
[2020-09-21 14:47:50,835] {logging_mixin.py:112} INFO - Púdrete Flanders
[2020-09-21 14:47:50,835] {logging_mixin.py:112} INFO - Púdrete Flanders
[2020-09-21 14:47:50,836] {logging_mixin.py:112} INFO - Púdrete Flanders
[2020-09-21 14:47:50,836] {logging_mixin.py:112} INFO - Púdrete Flanders
[2020-09-21 14:47:50,836] {logging_mixin.py:112} INFO - Púdrete Flanders
[2020-09-21 14:47:50,836] {logging_mixin.py:112} INFO - Púdrete Flanders
[2020-09-21 14:47:50,836] {logging_mixin.py:112} INFO - Púdrete Flanders
[2020-09-21 14:47:50,836] {logging_mixin.py:112} INFO - Púdrete Flanders
[2020-09-21 14:47:50,836] {logging_mixin.py:112} INFO - Púdrete Flanders
[2020-09-21 14:47:50,836] {logging_mixin.py:112} INFO - Púdrete Flanders
[2020-09-21 14:47:50,836] {logging_mixin.py:112} INFO - Púdrete Flanders
[2020-09-21 14:47:50,836] {logging_mixin.py:112} INFO - Púdrete Flanders
[2020-09-21 14:47:50,836] {logging_mixin.py:112} INFO - Púdrete Flanders
[2020-09-21 14:47:50,836] {logging_mixin.py:112} INFO - Púdrete Flanders
[2020-09-21 14:47:50,836] {logging_mixin.py:112} INFO - Púdrete Flanders
[2020-09-21 14:47:50,836] {logging_mixin.py:112} INFO - Púdrete Flanders
[2020-09-21 14:47:50,836] {logging_mixin.py:112} INFO - Púdrete Flanders
[2020-09-21 14:47:50,836] {logging_mixin.py:112} INFO - Púdrete Flanders
[2020-09-21 14:47:50,836] {logging_mixin.py:112} INFO - Púdrete Flanders
[2020-09-21 14:47:50,836] {logging_mixin.py:112} INFO - Púdrete Flanders
[2020-09-21 14:47:50,836] {logging_mixin.py:112} INFO - Púdrete Flanders
[2020-09-21 14:47:50,836] {logging_mixin.py:112} INFO - Púdrete Flanders
[2020-09-21 14:47:50,836] {logging_mixin.py:112} INFO - Púdrete Flanders
[2020-09-21 14:47:50,836] {logging_mixin.py:112} INFO - Púdrete Flanders
[2020-09-21 14:47:50,836] {logging_mixin.py:112} INFO - Púdrete Flanders
[2020-09-21 14:47:50,837] {logging_mixin.py:112} INFO - Púdrete Flanders
[2020-09-21 14:47:50,837] {logging_mixin.py:112} INFO - Púdrete Flanders
[2020-09-21 14:47:50,837] {logging_mixin.py:112} INFO - Púdrete Flanders
[2020-09-21 14:47:50,837] {logging_mixin.py:112} INFO - Púdrete Flanders
[2020-09-21 14:47:50,837] {logging_mixin.py:112} INFO - Púdrete Flanders
[2020-09-21 14:47:50,837] {logging_mixin.py:112} INFO - Púdrete Flanders
[2020-09-21 14:47:50,837] {logging_mixin.py:112} INFO - Púdrete Flanders
[2020-09-21 14:47:50,837] {logging_mixin.py:112} INFO - Púdrete Flanders
[2020-09-21 14:47:50,837] {logging_mixin.py:112} INFO - Púdrete Flanders
[2020-09-21 14:47:50,837] {logging_mixin.py:112} INFO - Púdrete Flanders
[2020-09-21 14:47:50,837] {logging_mixin.py:112} INFO - Púdrete Flanders
[2020-09-21 14:47:50,837] {logging_mixin.py:112} INFO - Púdrete Flanders
[2020-09-21 14:47:50,837] {logging_mixin.py:112} INFO - Púdrete Flanders
[2020-09-21 14:47:50,837] {logging_mixin.py:112} INFO - Púdrete Flanders
[2020-09-21 14:47:50,837] {logging_mixin.py:112} INFO - Púdrete Flanders
[2020-09-21 14:47:50,837] {logging_mixin.py:112} INFO - Púdrete Flanders
[2020-09-21 14:47:50,837] {logging_mixin.py:112} INFO - Púdrete Flanders
[2020-09-21 14:47:50,837] {logging_mixin.py:112} INFO - Púdrete Flanders
[2020-09-21 14:47:50,837] {logging_mixin.py:112} INFO - Púdrete Flanders
[2020-09-21 14:47:50,837] {logging_mixin.py:112} INFO - Púdrete Flanders
[2020-09-21 14:47:50,837] {logging_mixin.py:112} INFO - Púdrete Flanders
[2020-09-21 14:47:50,837] {logging_mixin.py:112} INFO - Púdrete Flanders
[2020-09-21 14:47:50,837] {logging_mixin.py:112} INFO - Púdrete Flanders
[2020-09-21 14:47:50,837] {logging_mixin.py:112} INFO - Púdrete Flanders
[2020-09-21 14:47:50,838] {logging_mixin.py:112} INFO - Púdrete Flanders
[2020-09-21 14:47:50,838] {python_operator.py:114} INFO - Done. Returned value was: None
[2020-09-21 14:47:50,845] {taskinstance.py:1065} INFO - Marking task as SUCCESS.dag_id=dag_homer_essay, task_id=wr_body, execution_date=20200612T000000, start_date=20200921T144750, end_date=20200921T144750
[2020-09-21 14:48:00,687] {logging_mixin.py:112} INFO - [2020-09-21 14:48:00,686] {local_task_job.py:103} INFO - Task exited with return code 0
