[2020-09-21 14:54:05,075] {taskinstance.py:669} INFO - Dependencies all met for <TaskInstance: dag_homer_essay.wr_body 2020-07-13T00:00:00+00:00 [queued]>
[2020-09-21 14:54:05,092] {taskinstance.py:669} INFO - Dependencies all met for <TaskInstance: dag_homer_essay.wr_body 2020-07-13T00:00:00+00:00 [queued]>
[2020-09-21 14:54:05,092] {taskinstance.py:879} INFO - 
--------------------------------------------------------------------------------
[2020-09-21 14:54:05,092] {taskinstance.py:880} INFO - Starting attempt 1 of 1
[2020-09-21 14:54:05,092] {taskinstance.py:881} INFO - 
--------------------------------------------------------------------------------
[2020-09-21 14:54:05,103] {taskinstance.py:900} INFO - Executing <Task(PythonOperator): wr_body> on 2020-07-13T00:00:00+00:00
[2020-09-21 14:54:05,106] {standard_task_runner.py:53} INFO - Started process 18575 to run task
[2020-09-21 14:54:05,229] {logging_mixin.py:112} INFO - Running %s on host %s <TaskInstance: dag_homer_essay.wr_body 2020-07-13T00:00:00+00:00 [running]> b349191ed544
[2020-09-21 14:54:05,252] {logging_mixin.py:112} INFO - Púdrete Flanders
[2020-09-21 14:54:05,253] {logging_mixin.py:112} INFO - Púdrete Flanders
[2020-09-21 14:54:05,253] {logging_mixin.py:112} INFO - Púdrete Flanders
[2020-09-21 14:54:05,253] {logging_mixin.py:112} INFO - Púdrete Flanders
[2020-09-21 14:54:05,253] {logging_mixin.py:112} INFO - Púdrete Flanders
[2020-09-21 14:54:05,253] {logging_mixin.py:112} INFO - Púdrete Flanders
[2020-09-21 14:54:05,253] {logging_mixin.py:112} INFO - Púdrete Flanders
[2020-09-21 14:54:05,253] {logging_mixin.py:112} INFO - Púdrete Flanders
[2020-09-21 14:54:05,253] {logging_mixin.py:112} INFO - Púdrete Flanders
[2020-09-21 14:54:05,253] {logging_mixin.py:112} INFO - Púdrete Flanders
[2020-09-21 14:54:05,253] {logging_mixin.py:112} INFO - Púdrete Flanders
[2020-09-21 14:54:05,253] {logging_mixin.py:112} INFO - Púdrete Flanders
[2020-09-21 14:54:05,253] {logging_mixin.py:112} INFO - Púdrete Flanders
[2020-09-21 14:54:05,253] {logging_mixin.py:112} INFO - Púdrete Flanders
[2020-09-21 14:54:05,253] {logging_mixin.py:112} INFO - Púdrete Flanders
[2020-09-21 14:54:05,253] {logging_mixin.py:112} INFO - Púdrete Flanders
[2020-09-21 14:54:05,254] {logging_mixin.py:112} INFO - Púdrete Flanders
[2020-09-21 14:54:05,254] {logging_mixin.py:112} INFO - Púdrete Flanders
[2020-09-21 14:54:05,254] {logging_mixin.py:112} INFO - Púdrete Flanders
[2020-09-21 14:54:05,254] {logging_mixin.py:112} INFO - Púdrete Flanders
[2020-09-21 14:54:05,254] {logging_mixin.py:112} INFO - Púdrete Flanders
[2020-09-21 14:54:05,254] {logging_mixin.py:112} INFO - Púdrete Flanders
[2020-09-21 14:54:05,254] {logging_mixin.py:112} INFO - Púdrete Flanders
[2020-09-21 14:54:05,254] {logging_mixin.py:112} INFO - Púdrete Flanders
[2020-09-21 14:54:05,254] {logging_mixin.py:112} INFO - Púdrete Flanders
[2020-09-21 14:54:05,254] {logging_mixin.py:112} INFO - Púdrete Flanders
[2020-09-21 14:54:05,254] {logging_mixin.py:112} INFO - Púdrete Flanders
[2020-09-21 14:54:05,254] {logging_mixin.py:112} INFO - Púdrete Flanders
[2020-09-21 14:54:05,254] {logging_mixin.py:112} INFO - Púdrete Flanders
[2020-09-21 14:54:05,254] {logging_mixin.py:112} INFO - Púdrete Flanders
[2020-09-21 14:54:05,254] {logging_mixin.py:112} INFO - Púdrete Flanders
[2020-09-21 14:54:05,254] {logging_mixin.py:112} INFO - Púdrete Flanders
[2020-09-21 14:54:05,254] {logging_mixin.py:112} INFO - Púdrete Flanders
[2020-09-21 14:54:05,255] {logging_mixin.py:112} INFO - Púdrete Flanders
[2020-09-21 14:54:05,255] {logging_mixin.py:112} INFO - Púdrete Flanders
[2020-09-21 14:54:05,255] {logging_mixin.py:112} INFO - Púdrete Flanders
[2020-09-21 14:54:05,255] {logging_mixin.py:112} INFO - Púdrete Flanders
[2020-09-21 14:54:05,255] {logging_mixin.py:112} INFO - Púdrete Flanders
[2020-09-21 14:54:05,255] {logging_mixin.py:112} INFO - Púdrete Flanders
[2020-09-21 14:54:05,255] {logging_mixin.py:112} INFO - Púdrete Flanders
[2020-09-21 14:54:05,255] {logging_mixin.py:112} INFO - Púdrete Flanders
[2020-09-21 14:54:05,255] {logging_mixin.py:112} INFO - Púdrete Flanders
[2020-09-21 14:54:05,255] {logging_mixin.py:112} INFO - Púdrete Flanders
[2020-09-21 14:54:05,255] {logging_mixin.py:112} INFO - Púdrete Flanders
[2020-09-21 14:54:05,255] {logging_mixin.py:112} INFO - Púdrete Flanders
[2020-09-21 14:54:05,255] {logging_mixin.py:112} INFO - Púdrete Flanders
[2020-09-21 14:54:05,255] {logging_mixin.py:112} INFO - Púdrete Flanders
[2020-09-21 14:54:05,255] {logging_mixin.py:112} INFO - Púdrete Flanders
[2020-09-21 14:54:05,255] {logging_mixin.py:112} INFO - Púdrete Flanders
[2020-09-21 14:54:05,256] {logging_mixin.py:112} INFO - Púdrete Flanders
[2020-09-21 14:54:05,256] {python_operator.py:114} INFO - Done. Returned value was: None
[2020-09-21 14:54:05,266] {taskinstance.py:1065} INFO - Marking task as SUCCESS.dag_id=dag_homer_essay, task_id=wr_body, execution_date=20200713T000000, start_date=20200921T145405, end_date=20200921T145405
[2020-09-21 14:54:15,063] {logging_mixin.py:112} INFO - [2020-09-21 14:54:15,063] {local_task_job.py:103} INFO - Task exited with return code 0
