[2020-09-21 15:03:57,908] {taskinstance.py:669} INFO - Dependencies all met for <TaskInstance: dag_homer_essay.wr_body 2020-08-31T00:00:00+00:00 [queued]>
[2020-09-21 15:03:57,925] {taskinstance.py:669} INFO - Dependencies all met for <TaskInstance: dag_homer_essay.wr_body 2020-08-31T00:00:00+00:00 [queued]>
[2020-09-21 15:03:57,926] {taskinstance.py:879} INFO - 
--------------------------------------------------------------------------------
[2020-09-21 15:03:57,926] {taskinstance.py:880} INFO - Starting attempt 1 of 1
[2020-09-21 15:03:57,926] {taskinstance.py:881} INFO - 
--------------------------------------------------------------------------------
[2020-09-21 15:03:57,937] {taskinstance.py:900} INFO - Executing <Task(PythonOperator): wr_body> on 2020-08-31T00:00:00+00:00
[2020-09-21 15:03:57,939] {standard_task_runner.py:53} INFO - Started process 26809 to run task
[2020-09-21 15:03:58,055] {logging_mixin.py:112} INFO - Running %s on host %s <TaskInstance: dag_homer_essay.wr_body 2020-08-31T00:00:00+00:00 [running]> b349191ed544
[2020-09-21 15:03:58,076] {logging_mixin.py:112} INFO - Púdrete Flanders
[2020-09-21 15:03:58,076] {logging_mixin.py:112} INFO - Púdrete Flanders
[2020-09-21 15:03:58,076] {logging_mixin.py:112} INFO - Púdrete Flanders
[2020-09-21 15:03:58,076] {logging_mixin.py:112} INFO - Púdrete Flanders
[2020-09-21 15:03:58,076] {logging_mixin.py:112} INFO - Púdrete Flanders
[2020-09-21 15:03:58,076] {logging_mixin.py:112} INFO - Púdrete Flanders
[2020-09-21 15:03:58,076] {logging_mixin.py:112} INFO - Púdrete Flanders
[2020-09-21 15:03:58,076] {logging_mixin.py:112} INFO - Púdrete Flanders
[2020-09-21 15:03:58,076] {logging_mixin.py:112} INFO - Púdrete Flanders
[2020-09-21 15:03:58,076] {logging_mixin.py:112} INFO - Púdrete Flanders
[2020-09-21 15:03:58,076] {logging_mixin.py:112} INFO - Púdrete Flanders
[2020-09-21 15:03:58,076] {logging_mixin.py:112} INFO - Púdrete Flanders
[2020-09-21 15:03:58,076] {logging_mixin.py:112} INFO - Púdrete Flanders
[2020-09-21 15:03:58,077] {logging_mixin.py:112} INFO - Púdrete Flanders
[2020-09-21 15:03:58,077] {logging_mixin.py:112} INFO - Púdrete Flanders
[2020-09-21 15:03:58,077] {logging_mixin.py:112} INFO - Púdrete Flanders
[2020-09-21 15:03:58,077] {logging_mixin.py:112} INFO - Púdrete Flanders
[2020-09-21 15:03:58,077] {logging_mixin.py:112} INFO - Púdrete Flanders
[2020-09-21 15:03:58,077] {logging_mixin.py:112} INFO - Púdrete Flanders
[2020-09-21 15:03:58,077] {logging_mixin.py:112} INFO - Púdrete Flanders
[2020-09-21 15:03:58,077] {logging_mixin.py:112} INFO - Púdrete Flanders
[2020-09-21 15:03:58,077] {logging_mixin.py:112} INFO - Púdrete Flanders
[2020-09-21 15:03:58,077] {logging_mixin.py:112} INFO - Púdrete Flanders
[2020-09-21 15:03:58,077] {logging_mixin.py:112} INFO - Púdrete Flanders
[2020-09-21 15:03:58,077] {logging_mixin.py:112} INFO - Púdrete Flanders
[2020-09-21 15:03:58,077] {logging_mixin.py:112} INFO - Púdrete Flanders
[2020-09-21 15:03:58,077] {logging_mixin.py:112} INFO - Púdrete Flanders
[2020-09-21 15:03:58,077] {logging_mixin.py:112} INFO - Púdrete Flanders
[2020-09-21 15:03:58,077] {logging_mixin.py:112} INFO - Púdrete Flanders
[2020-09-21 15:03:58,077] {logging_mixin.py:112} INFO - Púdrete Flanders
[2020-09-21 15:03:58,077] {logging_mixin.py:112} INFO - Púdrete Flanders
[2020-09-21 15:03:58,077] {logging_mixin.py:112} INFO - Púdrete Flanders
[2020-09-21 15:03:58,077] {logging_mixin.py:112} INFO - Púdrete Flanders
[2020-09-21 15:03:58,078] {logging_mixin.py:112} INFO - Púdrete Flanders
[2020-09-21 15:03:58,078] {logging_mixin.py:112} INFO - Púdrete Flanders
[2020-09-21 15:03:58,078] {logging_mixin.py:112} INFO - Púdrete Flanders
[2020-09-21 15:03:58,078] {logging_mixin.py:112} INFO - Púdrete Flanders
[2020-09-21 15:03:58,078] {logging_mixin.py:112} INFO - Púdrete Flanders
[2020-09-21 15:03:58,078] {logging_mixin.py:112} INFO - Púdrete Flanders
[2020-09-21 15:03:58,078] {logging_mixin.py:112} INFO - Púdrete Flanders
[2020-09-21 15:03:58,078] {logging_mixin.py:112} INFO - Púdrete Flanders
[2020-09-21 15:03:58,078] {logging_mixin.py:112} INFO - Púdrete Flanders
[2020-09-21 15:03:58,078] {logging_mixin.py:112} INFO - Púdrete Flanders
[2020-09-21 15:03:58,078] {logging_mixin.py:112} INFO - Púdrete Flanders
[2020-09-21 15:03:58,078] {logging_mixin.py:112} INFO - Púdrete Flanders
[2020-09-21 15:03:58,078] {logging_mixin.py:112} INFO - Púdrete Flanders
[2020-09-21 15:03:58,078] {logging_mixin.py:112} INFO - Púdrete Flanders
[2020-09-21 15:03:58,078] {logging_mixin.py:112} INFO - Púdrete Flanders
[2020-09-21 15:03:58,078] {logging_mixin.py:112} INFO - Púdrete Flanders
[2020-09-21 15:03:58,078] {logging_mixin.py:112} INFO - Púdrete Flanders
[2020-09-21 15:03:58,078] {python_operator.py:114} INFO - Done. Returned value was: None
[2020-09-21 15:03:58,089] {taskinstance.py:1065} INFO - Marking task as SUCCESS.dag_id=dag_homer_essay, task_id=wr_body, execution_date=20200831T000000, start_date=20200921T150357, end_date=20200921T150358
[2020-09-21 15:04:07,893] {logging_mixin.py:112} INFO - [2020-09-21 15:04:07,893] {local_task_job.py:103} INFO - Task exited with return code 0
