[2020-09-21 14:45:36,527] {taskinstance.py:669} INFO - Dependencies all met for <TaskInstance: dag_homer_essay.wr_body 2020-06-01T00:00:00+00:00 [queued]>
[2020-09-21 14:45:36,540] {taskinstance.py:669} INFO - Dependencies all met for <TaskInstance: dag_homer_essay.wr_body 2020-06-01T00:00:00+00:00 [queued]>
[2020-09-21 14:45:36,540] {taskinstance.py:879} INFO - 
--------------------------------------------------------------------------------
[2020-09-21 14:45:36,541] {taskinstance.py:880} INFO - Starting attempt 1 of 1
[2020-09-21 14:45:36,541] {taskinstance.py:881} INFO - 
--------------------------------------------------------------------------------
[2020-09-21 14:45:36,552] {taskinstance.py:900} INFO - Executing <Task(PythonOperator): wr_body> on 2020-06-01T00:00:00+00:00
[2020-09-21 14:45:36,554] {standard_task_runner.py:53} INFO - Started process 11521 to run task
[2020-09-21 14:45:36,649] {logging_mixin.py:112} INFO - Running %s on host %s <TaskInstance: dag_homer_essay.wr_body 2020-06-01T00:00:00+00:00 [running]> b349191ed544
[2020-09-21 14:45:36,666] {logging_mixin.py:112} INFO - Púdrete Flanders
[2020-09-21 14:45:36,667] {logging_mixin.py:112} INFO - Púdrete Flanders
[2020-09-21 14:45:36,667] {logging_mixin.py:112} INFO - Púdrete Flanders
[2020-09-21 14:45:36,667] {logging_mixin.py:112} INFO - Púdrete Flanders
[2020-09-21 14:45:36,667] {logging_mixin.py:112} INFO - Púdrete Flanders
[2020-09-21 14:45:36,667] {logging_mixin.py:112} INFO - Púdrete Flanders
[2020-09-21 14:45:36,667] {logging_mixin.py:112} INFO - Púdrete Flanders
[2020-09-21 14:45:36,667] {logging_mixin.py:112} INFO - Púdrete Flanders
[2020-09-21 14:45:36,667] {logging_mixin.py:112} INFO - Púdrete Flanders
[2020-09-21 14:45:36,667] {logging_mixin.py:112} INFO - Púdrete Flanders
[2020-09-21 14:45:36,667] {logging_mixin.py:112} INFO - Púdrete Flanders
[2020-09-21 14:45:36,667] {logging_mixin.py:112} INFO - Púdrete Flanders
[2020-09-21 14:45:36,667] {logging_mixin.py:112} INFO - Púdrete Flanders
[2020-09-21 14:45:36,667] {logging_mixin.py:112} INFO - Púdrete Flanders
[2020-09-21 14:45:36,667] {logging_mixin.py:112} INFO - Púdrete Flanders
[2020-09-21 14:45:36,667] {logging_mixin.py:112} INFO - Púdrete Flanders
[2020-09-21 14:45:36,667] {logging_mixin.py:112} INFO - Púdrete Flanders
[2020-09-21 14:45:36,667] {logging_mixin.py:112} INFO - Púdrete Flanders
[2020-09-21 14:45:36,668] {logging_mixin.py:112} INFO - Púdrete Flanders
[2020-09-21 14:45:36,668] {logging_mixin.py:112} INFO - Púdrete Flanders
[2020-09-21 14:45:36,668] {logging_mixin.py:112} INFO - Púdrete Flanders
[2020-09-21 14:45:36,668] {logging_mixin.py:112} INFO - Púdrete Flanders
[2020-09-21 14:45:36,668] {logging_mixin.py:112} INFO - Púdrete Flanders
[2020-09-21 14:45:36,668] {logging_mixin.py:112} INFO - Púdrete Flanders
[2020-09-21 14:45:36,668] {logging_mixin.py:112} INFO - Púdrete Flanders
[2020-09-21 14:45:36,668] {logging_mixin.py:112} INFO - Púdrete Flanders
[2020-09-21 14:45:36,668] {logging_mixin.py:112} INFO - Púdrete Flanders
[2020-09-21 14:45:36,668] {logging_mixin.py:112} INFO - Púdrete Flanders
[2020-09-21 14:45:36,668] {logging_mixin.py:112} INFO - Púdrete Flanders
[2020-09-21 14:45:36,668] {logging_mixin.py:112} INFO - Púdrete Flanders
[2020-09-21 14:45:36,668] {logging_mixin.py:112} INFO - Púdrete Flanders
[2020-09-21 14:45:36,668] {logging_mixin.py:112} INFO - Púdrete Flanders
[2020-09-21 14:45:36,668] {logging_mixin.py:112} INFO - Púdrete Flanders
[2020-09-21 14:45:36,668] {logging_mixin.py:112} INFO - Púdrete Flanders
[2020-09-21 14:45:36,668] {logging_mixin.py:112} INFO - Púdrete Flanders
[2020-09-21 14:45:36,668] {logging_mixin.py:112} INFO - Púdrete Flanders
[2020-09-21 14:45:36,668] {logging_mixin.py:112} INFO - Púdrete Flanders
[2020-09-21 14:45:36,668] {logging_mixin.py:112} INFO - Púdrete Flanders
[2020-09-21 14:45:36,668] {logging_mixin.py:112} INFO - Púdrete Flanders
[2020-09-21 14:45:36,668] {logging_mixin.py:112} INFO - Púdrete Flanders
[2020-09-21 14:45:36,668] {logging_mixin.py:112} INFO - Púdrete Flanders
[2020-09-21 14:45:36,668] {logging_mixin.py:112} INFO - Púdrete Flanders
[2020-09-21 14:45:36,668] {logging_mixin.py:112} INFO - Púdrete Flanders
[2020-09-21 14:45:36,668] {logging_mixin.py:112} INFO - Púdrete Flanders
[2020-09-21 14:45:36,669] {logging_mixin.py:112} INFO - Púdrete Flanders
[2020-09-21 14:45:36,669] {logging_mixin.py:112} INFO - Púdrete Flanders
[2020-09-21 14:45:36,669] {logging_mixin.py:112} INFO - Púdrete Flanders
[2020-09-21 14:45:36,669] {logging_mixin.py:112} INFO - Púdrete Flanders
[2020-09-21 14:45:36,669] {logging_mixin.py:112} INFO - Púdrete Flanders
[2020-09-21 14:45:36,669] {logging_mixin.py:112} INFO - Púdrete Flanders
[2020-09-21 14:45:36,669] {python_operator.py:114} INFO - Done. Returned value was: None
[2020-09-21 14:45:36,677] {taskinstance.py:1065} INFO - Marking task as SUCCESS.dag_id=dag_homer_essay, task_id=wr_body, execution_date=20200601T000000, start_date=20200921T144536, end_date=20200921T144536
[2020-09-21 14:45:46,517] {logging_mixin.py:112} INFO - [2020-09-21 14:45:46,516] {local_task_job.py:103} INFO - Task exited with return code 0
