[2020-09-22 00:00:21,535] {taskinstance.py:669} INFO - Dependencies all met for <TaskInstance: dag_leer_posgres.obtener_pandas_operator 2020-09-21T00:00:00+00:00 [queued]>
[2020-09-22 00:00:21,546] {taskinstance.py:669} INFO - Dependencies all met for <TaskInstance: dag_leer_posgres.obtener_pandas_operator 2020-09-21T00:00:00+00:00 [queued]>
[2020-09-22 00:00:21,546] {taskinstance.py:879} INFO - 
--------------------------------------------------------------------------------
[2020-09-22 00:00:21,546] {taskinstance.py:880} INFO - Starting attempt 1 of 1
[2020-09-22 00:00:21,546] {taskinstance.py:881} INFO - 
--------------------------------------------------------------------------------
[2020-09-22 00:00:21,554] {taskinstance.py:900} INFO - Executing <Task(PythonOperator): obtener_pandas_operator> on 2020-09-21T00:00:00+00:00
[2020-09-22 00:00:21,556] {standard_task_runner.py:53} INFO - Started process 346329 to run task
[2020-09-22 00:00:21,593] {logging_mixin.py:112} INFO - Running %s on host %s <TaskInstance: dag_leer_posgres.obtener_pandas_operator 2020-09-21T00:00:00+00:00 [running]> b349191ed544
[2020-09-22 00:00:21,612] {logging_mixin.py:112} INFO - [2020-09-22 00:00:21,612] {base_hook.py:87} INFO - Using connection to: id: pg_local. Host: 192.168.0.14, Port: 5432, Schema: test, Login: postgres, Password: XXXXXXXX, extra: None
[2020-09-22 00:00:21,640] {logging_mixin.py:112} INFO -      empno   ename        job     mgr    hiredate     sal    comm  deptno
0   7369.0   SMITH      CLERK  7902.0  1980-12-17   800.0     NaN    20.0
1   7499.0   ALLEN   SALESMAN  7698.0  1981-02-20  1600.0   300.0    30.0
2   7521.0    WARD   SALESMAN  7698.0  1981-02-22  1250.0   500.0    30.0
3   7566.0   JONES    MANAGER  7839.0  1981-04-02  2975.0     NaN    20.0
4   7654.0  MARTIN   SALESMAN  7698.0  1981-09-28  1250.0  1400.0    30.0
5   7698.0   BLAKE    MANAGER  7839.0  1981-05-01  2850.0     NaN    30.0
6   7782.0   CLARK    MANAGER  7839.0  1981-06-09  2450.0     NaN    10.0
7   7788.0   SCOTT    ANALYST  7566.0  1987-04-19  3000.0     NaN    20.0
8   7839.0    KING  PRESIDENT     NaN  1981-11-17  5000.0     NaN    10.0
9   7844.0  TURNER   SALESMAN  7698.0  1981-09-08  1500.0     0.0    30.0
10  7876.0   ADAMS      CLERK  7788.0  1987-05-23  1100.0     NaN    20.0
11  7900.0   JAMES      CLERK  7698.0  1981-12-03   950.0     NaN    30.0
12  7902.0    FORD    ANALYST  7566.0  1981-12-03  3000.0     NaN    20.0
13  7934.0  MILLER      CLERK  7782.0  1982-01-23  1300.0     NaN    10.0
[2020-09-22 00:00:21,640] {python_operator.py:114} INFO - Done. Returned value was: None
[2020-09-22 00:00:21,647] {taskinstance.py:1065} INFO - Marking task as SUCCESS.dag_id=dag_leer_posgres, task_id=obtener_pandas_operator, execution_date=20200921T000000, start_date=20200922T000021, end_date=20200922T000021
[2020-09-22 00:00:31,542] {logging_mixin.py:112} INFO - [2020-09-22 00:00:31,542] {local_task_job.py:103} INFO - Task exited with return code 0
