[2020-09-21 15:06:11,865] {taskinstance.py:669} INFO - Dependencies all met for <TaskInstance: dag_homer_essay.wr_body 2020-09-11T00:00:00+00:00 [queued]>
[2020-09-21 15:06:11,886] {taskinstance.py:669} INFO - Dependencies all met for <TaskInstance: dag_homer_essay.wr_body 2020-09-11T00:00:00+00:00 [queued]>
[2020-09-21 15:06:11,886] {taskinstance.py:879} INFO - 
--------------------------------------------------------------------------------
[2020-09-21 15:06:11,886] {taskinstance.py:880} INFO - Starting attempt 1 of 1
[2020-09-21 15:06:11,886] {taskinstance.py:881} INFO - 
--------------------------------------------------------------------------------
[2020-09-21 15:06:11,893] {taskinstance.py:900} INFO - Executing <Task(PythonOperator): wr_body> on 2020-09-11T00:00:00+00:00
[2020-09-21 15:06:11,895] {standard_task_runner.py:53} INFO - Started process 28666 to run task
[2020-09-21 15:06:12,022] {logging_mixin.py:112} INFO - Running %s on host %s <TaskInstance: dag_homer_essay.wr_body 2020-09-11T00:00:00+00:00 [running]> b349191ed544
[2020-09-21 15:06:12,043] {logging_mixin.py:112} INFO - Púdrete Flanders
[2020-09-21 15:06:12,043] {logging_mixin.py:112} INFO - Púdrete Flanders
[2020-09-21 15:06:12,043] {logging_mixin.py:112} INFO - Púdrete Flanders
[2020-09-21 15:06:12,043] {logging_mixin.py:112} INFO - Púdrete Flanders
[2020-09-21 15:06:12,043] {logging_mixin.py:112} INFO - Púdrete Flanders
[2020-09-21 15:06:12,043] {logging_mixin.py:112} INFO - Púdrete Flanders
[2020-09-21 15:06:12,043] {logging_mixin.py:112} INFO - Púdrete Flanders
[2020-09-21 15:06:12,043] {logging_mixin.py:112} INFO - Púdrete Flanders
[2020-09-21 15:06:12,043] {logging_mixin.py:112} INFO - Púdrete Flanders
[2020-09-21 15:06:12,043] {logging_mixin.py:112} INFO - Púdrete Flanders
[2020-09-21 15:06:12,044] {logging_mixin.py:112} INFO - Púdrete Flanders
[2020-09-21 15:06:12,044] {logging_mixin.py:112} INFO - Púdrete Flanders
[2020-09-21 15:06:12,044] {logging_mixin.py:112} INFO - Púdrete Flanders
[2020-09-21 15:06:12,044] {logging_mixin.py:112} INFO - Púdrete Flanders
[2020-09-21 15:06:12,044] {logging_mixin.py:112} INFO - Púdrete Flanders
[2020-09-21 15:06:12,044] {logging_mixin.py:112} INFO - Púdrete Flanders
[2020-09-21 15:06:12,044] {logging_mixin.py:112} INFO - Púdrete Flanders
[2020-09-21 15:06:12,044] {logging_mixin.py:112} INFO - Púdrete Flanders
[2020-09-21 15:06:12,044] {logging_mixin.py:112} INFO - Púdrete Flanders
[2020-09-21 15:06:12,044] {logging_mixin.py:112} INFO - Púdrete Flanders
[2020-09-21 15:06:12,044] {logging_mixin.py:112} INFO - Púdrete Flanders
[2020-09-21 15:06:12,044] {logging_mixin.py:112} INFO - Púdrete Flanders
[2020-09-21 15:06:12,044] {logging_mixin.py:112} INFO - Púdrete Flanders
[2020-09-21 15:06:12,044] {logging_mixin.py:112} INFO - Púdrete Flanders
[2020-09-21 15:06:12,044] {logging_mixin.py:112} INFO - Púdrete Flanders
[2020-09-21 15:06:12,045] {logging_mixin.py:112} INFO - Púdrete Flanders
[2020-09-21 15:06:12,045] {logging_mixin.py:112} INFO - Púdrete Flanders
[2020-09-21 15:06:12,045] {logging_mixin.py:112} INFO - Púdrete Flanders
[2020-09-21 15:06:12,045] {logging_mixin.py:112} INFO - Púdrete Flanders
[2020-09-21 15:06:12,045] {logging_mixin.py:112} INFO - Púdrete Flanders
[2020-09-21 15:06:12,045] {logging_mixin.py:112} INFO - Púdrete Flanders
[2020-09-21 15:06:12,045] {logging_mixin.py:112} INFO - Púdrete Flanders
[2020-09-21 15:06:12,045] {logging_mixin.py:112} INFO - Púdrete Flanders
[2020-09-21 15:06:12,045] {logging_mixin.py:112} INFO - Púdrete Flanders
[2020-09-21 15:06:12,045] {logging_mixin.py:112} INFO - Púdrete Flanders
[2020-09-21 15:06:12,045] {logging_mixin.py:112} INFO - Púdrete Flanders
[2020-09-21 15:06:12,045] {logging_mixin.py:112} INFO - Púdrete Flanders
[2020-09-21 15:06:12,045] {logging_mixin.py:112} INFO - Púdrete Flanders
[2020-09-21 15:06:12,045] {logging_mixin.py:112} INFO - Púdrete Flanders
[2020-09-21 15:06:12,045] {logging_mixin.py:112} INFO - Púdrete Flanders
[2020-09-21 15:06:12,045] {logging_mixin.py:112} INFO - Púdrete Flanders
[2020-09-21 15:06:12,046] {logging_mixin.py:112} INFO - Púdrete Flanders
[2020-09-21 15:06:12,046] {logging_mixin.py:112} INFO - Púdrete Flanders
[2020-09-21 15:06:12,046] {logging_mixin.py:112} INFO - Púdrete Flanders
[2020-09-21 15:06:12,046] {logging_mixin.py:112} INFO - Púdrete Flanders
[2020-09-21 15:06:12,046] {logging_mixin.py:112} INFO - Púdrete Flanders
[2020-09-21 15:06:12,046] {logging_mixin.py:112} INFO - Púdrete Flanders
[2020-09-21 15:06:12,046] {logging_mixin.py:112} INFO - Púdrete Flanders
[2020-09-21 15:06:12,046] {logging_mixin.py:112} INFO - Púdrete Flanders
[2020-09-21 15:06:12,046] {logging_mixin.py:112} INFO - Púdrete Flanders
[2020-09-21 15:06:12,046] {python_operator.py:114} INFO - Done. Returned value was: None
[2020-09-21 15:06:12,057] {taskinstance.py:1065} INFO - Marking task as SUCCESS.dag_id=dag_homer_essay, task_id=wr_body, execution_date=20200911T000000, start_date=20200921T150611, end_date=20200921T150612
[2020-09-21 15:06:21,853] {logging_mixin.py:112} INFO - [2020-09-21 15:06:21,853] {local_task_job.py:103} INFO - Task exited with return code 0
