[2020-09-21 14:46:24,539] {taskinstance.py:669} INFO - Dependencies all met for <TaskInstance: dag_homer_essay.wr_body 2020-06-05T00:00:00+00:00 [queued]>
[2020-09-21 14:46:24,555] {taskinstance.py:669} INFO - Dependencies all met for <TaskInstance: dag_homer_essay.wr_body 2020-06-05T00:00:00+00:00 [queued]>
[2020-09-21 14:46:24,556] {taskinstance.py:879} INFO - 
--------------------------------------------------------------------------------
[2020-09-21 14:46:24,556] {taskinstance.py:880} INFO - Starting attempt 1 of 1
[2020-09-21 14:46:24,556] {taskinstance.py:881} INFO - 
--------------------------------------------------------------------------------
[2020-09-21 14:46:24,566] {taskinstance.py:900} INFO - Executing <Task(PythonOperator): wr_body> on 2020-06-05T00:00:00+00:00
[2020-09-21 14:46:24,568] {standard_task_runner.py:53} INFO - Started process 12181 to run task
[2020-09-21 14:46:24,674] {logging_mixin.py:112} INFO - Running %s on host %s <TaskInstance: dag_homer_essay.wr_body 2020-06-05T00:00:00+00:00 [running]> b349191ed544
[2020-09-21 14:46:24,691] {logging_mixin.py:112} INFO - Púdrete Flanders
[2020-09-21 14:46:24,691] {logging_mixin.py:112} INFO - Púdrete Flanders
[2020-09-21 14:46:24,691] {logging_mixin.py:112} INFO - Púdrete Flanders
[2020-09-21 14:46:24,691] {logging_mixin.py:112} INFO - Púdrete Flanders
[2020-09-21 14:46:24,691] {logging_mixin.py:112} INFO - Púdrete Flanders
[2020-09-21 14:46:24,691] {logging_mixin.py:112} INFO - Púdrete Flanders
[2020-09-21 14:46:24,691] {logging_mixin.py:112} INFO - Púdrete Flanders
[2020-09-21 14:46:24,691] {logging_mixin.py:112} INFO - Púdrete Flanders
[2020-09-21 14:46:24,691] {logging_mixin.py:112} INFO - Púdrete Flanders
[2020-09-21 14:46:24,691] {logging_mixin.py:112} INFO - Púdrete Flanders
[2020-09-21 14:46:24,691] {logging_mixin.py:112} INFO - Púdrete Flanders
[2020-09-21 14:46:24,691] {logging_mixin.py:112} INFO - Púdrete Flanders
[2020-09-21 14:46:24,691] {logging_mixin.py:112} INFO - Púdrete Flanders
[2020-09-21 14:46:24,691] {logging_mixin.py:112} INFO - Púdrete Flanders
[2020-09-21 14:46:24,691] {logging_mixin.py:112} INFO - Púdrete Flanders
[2020-09-21 14:46:24,692] {logging_mixin.py:112} INFO - Púdrete Flanders
[2020-09-21 14:46:24,692] {logging_mixin.py:112} INFO - Púdrete Flanders
[2020-09-21 14:46:24,692] {logging_mixin.py:112} INFO - Púdrete Flanders
[2020-09-21 14:46:24,692] {logging_mixin.py:112} INFO - Púdrete Flanders
[2020-09-21 14:46:24,692] {logging_mixin.py:112} INFO - Púdrete Flanders
[2020-09-21 14:46:24,692] {logging_mixin.py:112} INFO - Púdrete Flanders
[2020-09-21 14:46:24,692] {logging_mixin.py:112} INFO - Púdrete Flanders
[2020-09-21 14:46:24,692] {logging_mixin.py:112} INFO - Púdrete Flanders
[2020-09-21 14:46:24,692] {logging_mixin.py:112} INFO - Púdrete Flanders
[2020-09-21 14:46:24,692] {logging_mixin.py:112} INFO - Púdrete Flanders
[2020-09-21 14:46:24,692] {logging_mixin.py:112} INFO - Púdrete Flanders
[2020-09-21 14:46:24,692] {logging_mixin.py:112} INFO - Púdrete Flanders
[2020-09-21 14:46:24,692] {logging_mixin.py:112} INFO - Púdrete Flanders
[2020-09-21 14:46:24,692] {logging_mixin.py:112} INFO - Púdrete Flanders
[2020-09-21 14:46:24,692] {logging_mixin.py:112} INFO - Púdrete Flanders
[2020-09-21 14:46:24,692] {logging_mixin.py:112} INFO - Púdrete Flanders
[2020-09-21 14:46:24,692] {logging_mixin.py:112} INFO - Púdrete Flanders
[2020-09-21 14:46:24,693] {logging_mixin.py:112} INFO - Púdrete Flanders
[2020-09-21 14:46:24,693] {logging_mixin.py:112} INFO - Púdrete Flanders
[2020-09-21 14:46:24,693] {logging_mixin.py:112} INFO - Púdrete Flanders
[2020-09-21 14:46:24,693] {logging_mixin.py:112} INFO - Púdrete Flanders
[2020-09-21 14:46:24,693] {logging_mixin.py:112} INFO - Púdrete Flanders
[2020-09-21 14:46:24,693] {logging_mixin.py:112} INFO - Púdrete Flanders
[2020-09-21 14:46:24,693] {logging_mixin.py:112} INFO - Púdrete Flanders
[2020-09-21 14:46:24,693] {logging_mixin.py:112} INFO - Púdrete Flanders
[2020-09-21 14:46:24,693] {logging_mixin.py:112} INFO - Púdrete Flanders
[2020-09-21 14:46:24,693] {logging_mixin.py:112} INFO - Púdrete Flanders
[2020-09-21 14:46:24,693] {logging_mixin.py:112} INFO - Púdrete Flanders
[2020-09-21 14:46:24,693] {logging_mixin.py:112} INFO - Púdrete Flanders
[2020-09-21 14:46:24,693] {logging_mixin.py:112} INFO - Púdrete Flanders
[2020-09-21 14:46:24,693] {logging_mixin.py:112} INFO - Púdrete Flanders
[2020-09-21 14:46:24,693] {logging_mixin.py:112} INFO - Púdrete Flanders
[2020-09-21 14:46:24,693] {logging_mixin.py:112} INFO - Púdrete Flanders
[2020-09-21 14:46:24,694] {logging_mixin.py:112} INFO - Púdrete Flanders
[2020-09-21 14:46:24,694] {logging_mixin.py:112} INFO - Púdrete Flanders
[2020-09-21 14:46:24,694] {python_operator.py:114} INFO - Done. Returned value was: None
[2020-09-21 14:46:24,701] {taskinstance.py:1065} INFO - Marking task as SUCCESS.dag_id=dag_homer_essay, task_id=wr_body, execution_date=20200605T000000, start_date=20200921T144624, end_date=20200921T144624
[2020-09-21 14:46:34,527] {logging_mixin.py:112} INFO - [2020-09-21 14:46:34,526] {local_task_job.py:103} INFO - Task exited with return code 0
