[2020-09-21 15:04:57,806] {taskinstance.py:669} INFO - Dependencies all met for <TaskInstance: dag_homer_essay.wr_body 2020-09-05T00:00:00+00:00 [queued]>
[2020-09-21 15:04:57,823] {taskinstance.py:669} INFO - Dependencies all met for <TaskInstance: dag_homer_essay.wr_body 2020-09-05T00:00:00+00:00 [queued]>
[2020-09-21 15:04:57,823] {taskinstance.py:879} INFO - 
--------------------------------------------------------------------------------
[2020-09-21 15:04:57,823] {taskinstance.py:880} INFO - Starting attempt 1 of 1
[2020-09-21 15:04:57,824] {taskinstance.py:881} INFO - 
--------------------------------------------------------------------------------
[2020-09-21 15:04:57,836] {taskinstance.py:900} INFO - Executing <Task(PythonOperator): wr_body> on 2020-09-05T00:00:00+00:00
[2020-09-21 15:04:57,840] {standard_task_runner.py:53} INFO - Started process 27637 to run task
[2020-09-21 15:04:57,975] {logging_mixin.py:112} INFO - Running %s on host %s <TaskInstance: dag_homer_essay.wr_body 2020-09-05T00:00:00+00:00 [running]> b349191ed544
[2020-09-21 15:04:57,997] {logging_mixin.py:112} INFO - Púdrete Flanders
[2020-09-21 15:04:57,997] {logging_mixin.py:112} INFO - Púdrete Flanders
[2020-09-21 15:04:57,997] {logging_mixin.py:112} INFO - Púdrete Flanders
[2020-09-21 15:04:57,997] {logging_mixin.py:112} INFO - Púdrete Flanders
[2020-09-21 15:04:57,997] {logging_mixin.py:112} INFO - Púdrete Flanders
[2020-09-21 15:04:57,997] {logging_mixin.py:112} INFO - Púdrete Flanders
[2020-09-21 15:04:57,997] {logging_mixin.py:112} INFO - Púdrete Flanders
[2020-09-21 15:04:57,997] {logging_mixin.py:112} INFO - Púdrete Flanders
[2020-09-21 15:04:57,997] {logging_mixin.py:112} INFO - Púdrete Flanders
[2020-09-21 15:04:57,997] {logging_mixin.py:112} INFO - Púdrete Flanders
[2020-09-21 15:04:57,997] {logging_mixin.py:112} INFO - Púdrete Flanders
[2020-09-21 15:04:57,997] {logging_mixin.py:112} INFO - Púdrete Flanders
[2020-09-21 15:04:57,997] {logging_mixin.py:112} INFO - Púdrete Flanders
[2020-09-21 15:04:57,997] {logging_mixin.py:112} INFO - Púdrete Flanders
[2020-09-21 15:04:57,998] {logging_mixin.py:112} INFO - Púdrete Flanders
[2020-09-21 15:04:57,998] {logging_mixin.py:112} INFO - Púdrete Flanders
[2020-09-21 15:04:57,998] {logging_mixin.py:112} INFO - Púdrete Flanders
[2020-09-21 15:04:57,998] {logging_mixin.py:112} INFO - Púdrete Flanders
[2020-09-21 15:04:57,998] {logging_mixin.py:112} INFO - Púdrete Flanders
[2020-09-21 15:04:57,998] {logging_mixin.py:112} INFO - Púdrete Flanders
[2020-09-21 15:04:57,998] {logging_mixin.py:112} INFO - Púdrete Flanders
[2020-09-21 15:04:57,998] {logging_mixin.py:112} INFO - Púdrete Flanders
[2020-09-21 15:04:57,998] {logging_mixin.py:112} INFO - Púdrete Flanders
[2020-09-21 15:04:57,998] {logging_mixin.py:112} INFO - Púdrete Flanders
[2020-09-21 15:04:57,998] {logging_mixin.py:112} INFO - Púdrete Flanders
[2020-09-21 15:04:57,998] {logging_mixin.py:112} INFO - Púdrete Flanders
[2020-09-21 15:04:57,998] {logging_mixin.py:112} INFO - Púdrete Flanders
[2020-09-21 15:04:57,998] {logging_mixin.py:112} INFO - Púdrete Flanders
[2020-09-21 15:04:57,998] {logging_mixin.py:112} INFO - Púdrete Flanders
[2020-09-21 15:04:57,998] {logging_mixin.py:112} INFO - Púdrete Flanders
[2020-09-21 15:04:57,998] {logging_mixin.py:112} INFO - Púdrete Flanders
[2020-09-21 15:04:57,998] {logging_mixin.py:112} INFO - Púdrete Flanders
[2020-09-21 15:04:57,998] {logging_mixin.py:112} INFO - Púdrete Flanders
[2020-09-21 15:04:57,998] {logging_mixin.py:112} INFO - Púdrete Flanders
[2020-09-21 15:04:57,998] {logging_mixin.py:112} INFO - Púdrete Flanders
[2020-09-21 15:04:57,998] {logging_mixin.py:112} INFO - Púdrete Flanders
[2020-09-21 15:04:57,999] {logging_mixin.py:112} INFO - Púdrete Flanders
[2020-09-21 15:04:57,999] {logging_mixin.py:112} INFO - Púdrete Flanders
[2020-09-21 15:04:57,999] {logging_mixin.py:112} INFO - Púdrete Flanders
[2020-09-21 15:04:57,999] {logging_mixin.py:112} INFO - Púdrete Flanders
[2020-09-21 15:04:57,999] {logging_mixin.py:112} INFO - Púdrete Flanders
[2020-09-21 15:04:57,999] {logging_mixin.py:112} INFO - Púdrete Flanders
[2020-09-21 15:04:57,999] {logging_mixin.py:112} INFO - Púdrete Flanders
[2020-09-21 15:04:57,999] {logging_mixin.py:112} INFO - Púdrete Flanders
[2020-09-21 15:04:57,999] {logging_mixin.py:112} INFO - Púdrete Flanders
[2020-09-21 15:04:57,999] {logging_mixin.py:112} INFO - Púdrete Flanders
[2020-09-21 15:04:57,999] {logging_mixin.py:112} INFO - Púdrete Flanders
[2020-09-21 15:04:57,999] {logging_mixin.py:112} INFO - Púdrete Flanders
[2020-09-21 15:04:57,999] {logging_mixin.py:112} INFO - Púdrete Flanders
[2020-09-21 15:04:57,999] {logging_mixin.py:112} INFO - Púdrete Flanders
[2020-09-21 15:04:57,999] {python_operator.py:114} INFO - Done. Returned value was: None
[2020-09-21 15:04:58,010] {taskinstance.py:1065} INFO - Marking task as SUCCESS.dag_id=dag_homer_essay, task_id=wr_body, execution_date=20200905T000000, start_date=20200921T150457, end_date=20200921T150458
[2020-09-21 15:05:07,790] {logging_mixin.py:112} INFO - [2020-09-21 15:05:07,790] {local_task_job.py:103} INFO - Task exited with return code 0
