[2020-09-21 14:54:53,204] {taskinstance.py:669} INFO - Dependencies all met for <TaskInstance: dag_homer_essay.wr_body 2020-07-17T00:00:00+00:00 [queued]>
[2020-09-21 14:54:53,227] {taskinstance.py:669} INFO - Dependencies all met for <TaskInstance: dag_homer_essay.wr_body 2020-07-17T00:00:00+00:00 [queued]>
[2020-09-21 14:54:53,227] {taskinstance.py:879} INFO - 
--------------------------------------------------------------------------------
[2020-09-21 14:54:53,227] {taskinstance.py:880} INFO - Starting attempt 1 of 1
[2020-09-21 14:54:53,227] {taskinstance.py:881} INFO - 
--------------------------------------------------------------------------------
[2020-09-21 14:54:53,235] {taskinstance.py:900} INFO - Executing <Task(PythonOperator): wr_body> on 2020-07-17T00:00:00+00:00
[2020-09-21 14:54:53,238] {standard_task_runner.py:53} INFO - Started process 19238 to run task
[2020-09-21 14:54:53,363] {logging_mixin.py:112} INFO - Running %s on host %s <TaskInstance: dag_homer_essay.wr_body 2020-07-17T00:00:00+00:00 [running]> b349191ed544
[2020-09-21 14:54:53,383] {logging_mixin.py:112} INFO - Púdrete Flanders
[2020-09-21 14:54:53,384] {logging_mixin.py:112} INFO - Púdrete Flanders
[2020-09-21 14:54:53,384] {logging_mixin.py:112} INFO - Púdrete Flanders
[2020-09-21 14:54:53,384] {logging_mixin.py:112} INFO - Púdrete Flanders
[2020-09-21 14:54:53,384] {logging_mixin.py:112} INFO - Púdrete Flanders
[2020-09-21 14:54:53,384] {logging_mixin.py:112} INFO - Púdrete Flanders
[2020-09-21 14:54:53,384] {logging_mixin.py:112} INFO - Púdrete Flanders
[2020-09-21 14:54:53,384] {logging_mixin.py:112} INFO - Púdrete Flanders
[2020-09-21 14:54:53,384] {logging_mixin.py:112} INFO - Púdrete Flanders
[2020-09-21 14:54:53,384] {logging_mixin.py:112} INFO - Púdrete Flanders
[2020-09-21 14:54:53,384] {logging_mixin.py:112} INFO - Púdrete Flanders
[2020-09-21 14:54:53,384] {logging_mixin.py:112} INFO - Púdrete Flanders
[2020-09-21 14:54:53,384] {logging_mixin.py:112} INFO - Púdrete Flanders
[2020-09-21 14:54:53,384] {logging_mixin.py:112} INFO - Púdrete Flanders
[2020-09-21 14:54:53,384] {logging_mixin.py:112} INFO - Púdrete Flanders
[2020-09-21 14:54:53,384] {logging_mixin.py:112} INFO - Púdrete Flanders
[2020-09-21 14:54:53,384] {logging_mixin.py:112} INFO - Púdrete Flanders
[2020-09-21 14:54:53,384] {logging_mixin.py:112} INFO - Púdrete Flanders
[2020-09-21 14:54:53,384] {logging_mixin.py:112} INFO - Púdrete Flanders
[2020-09-21 14:54:53,384] {logging_mixin.py:112} INFO - Púdrete Flanders
[2020-09-21 14:54:53,385] {logging_mixin.py:112} INFO - Púdrete Flanders
[2020-09-21 14:54:53,385] {logging_mixin.py:112} INFO - Púdrete Flanders
[2020-09-21 14:54:53,385] {logging_mixin.py:112} INFO - Púdrete Flanders
[2020-09-21 14:54:53,385] {logging_mixin.py:112} INFO - Púdrete Flanders
[2020-09-21 14:54:53,385] {logging_mixin.py:112} INFO - Púdrete Flanders
[2020-09-21 14:54:53,385] {logging_mixin.py:112} INFO - Púdrete Flanders
[2020-09-21 14:54:53,385] {logging_mixin.py:112} INFO - Púdrete Flanders
[2020-09-21 14:54:53,385] {logging_mixin.py:112} INFO - Púdrete Flanders
[2020-09-21 14:54:53,385] {logging_mixin.py:112} INFO - Púdrete Flanders
[2020-09-21 14:54:53,385] {logging_mixin.py:112} INFO - Púdrete Flanders
[2020-09-21 14:54:53,385] {logging_mixin.py:112} INFO - Púdrete Flanders
[2020-09-21 14:54:53,385] {logging_mixin.py:112} INFO - Púdrete Flanders
[2020-09-21 14:54:53,385] {logging_mixin.py:112} INFO - Púdrete Flanders
[2020-09-21 14:54:53,385] {logging_mixin.py:112} INFO - Púdrete Flanders
[2020-09-21 14:54:53,385] {logging_mixin.py:112} INFO - Púdrete Flanders
[2020-09-21 14:54:53,385] {logging_mixin.py:112} INFO - Púdrete Flanders
[2020-09-21 14:54:53,385] {logging_mixin.py:112} INFO - Púdrete Flanders
[2020-09-21 14:54:53,385] {logging_mixin.py:112} INFO - Púdrete Flanders
[2020-09-21 14:54:53,385] {logging_mixin.py:112} INFO - Púdrete Flanders
[2020-09-21 14:54:53,385] {logging_mixin.py:112} INFO - Púdrete Flanders
[2020-09-21 14:54:53,385] {logging_mixin.py:112} INFO - Púdrete Flanders
[2020-09-21 14:54:53,385] {logging_mixin.py:112} INFO - Púdrete Flanders
[2020-09-21 14:54:53,385] {logging_mixin.py:112} INFO - Púdrete Flanders
[2020-09-21 14:54:53,386] {logging_mixin.py:112} INFO - Púdrete Flanders
[2020-09-21 14:54:53,386] {logging_mixin.py:112} INFO - Púdrete Flanders
[2020-09-21 14:54:53,386] {logging_mixin.py:112} INFO - Púdrete Flanders
[2020-09-21 14:54:53,386] {logging_mixin.py:112} INFO - Púdrete Flanders
[2020-09-21 14:54:53,386] {logging_mixin.py:112} INFO - Púdrete Flanders
[2020-09-21 14:54:53,386] {logging_mixin.py:112} INFO - Púdrete Flanders
[2020-09-21 14:54:53,386] {logging_mixin.py:112} INFO - Púdrete Flanders
[2020-09-21 14:54:53,386] {python_operator.py:114} INFO - Done. Returned value was: None
[2020-09-21 14:54:53,394] {taskinstance.py:1065} INFO - Marking task as SUCCESS.dag_id=dag_homer_essay, task_id=wr_body, execution_date=20200717T000000, start_date=20200921T145453, end_date=20200921T145453
[2020-09-21 14:55:03,190] {logging_mixin.py:112} INFO - [2020-09-21 14:55:03,190] {local_task_job.py:103} INFO - Task exited with return code 0
