[2020-09-21 14:51:05,086] {taskinstance.py:669} INFO - Dependencies all met for <TaskInstance: dag_homer_essay.wr_body 2020-06-28T00:00:00+00:00 [queued]>
[2020-09-21 14:51:05,106] {taskinstance.py:669} INFO - Dependencies all met for <TaskInstance: dag_homer_essay.wr_body 2020-06-28T00:00:00+00:00 [queued]>
[2020-09-21 14:51:05,106] {taskinstance.py:879} INFO - 
--------------------------------------------------------------------------------
[2020-09-21 14:51:05,106] {taskinstance.py:880} INFO - Starting attempt 1 of 1
[2020-09-21 14:51:05,106] {taskinstance.py:881} INFO - 
--------------------------------------------------------------------------------
[2020-09-21 14:51:05,120] {taskinstance.py:900} INFO - Executing <Task(PythonOperator): wr_body> on 2020-06-28T00:00:00+00:00
[2020-09-21 14:51:05,124] {standard_task_runner.py:53} INFO - Started process 16065 to run task
[2020-09-21 14:51:05,276] {logging_mixin.py:112} INFO - Running %s on host %s <TaskInstance: dag_homer_essay.wr_body 2020-06-28T00:00:00+00:00 [running]> b349191ed544
[2020-09-21 14:51:05,305] {logging_mixin.py:112} INFO - Púdrete Flanders
[2020-09-21 14:51:05,305] {logging_mixin.py:112} INFO - Púdrete Flanders
[2020-09-21 14:51:05,305] {logging_mixin.py:112} INFO - Púdrete Flanders
[2020-09-21 14:51:05,305] {logging_mixin.py:112} INFO - Púdrete Flanders
[2020-09-21 14:51:05,305] {logging_mixin.py:112} INFO - Púdrete Flanders
[2020-09-21 14:51:05,305] {logging_mixin.py:112} INFO - Púdrete Flanders
[2020-09-21 14:51:05,305] {logging_mixin.py:112} INFO - Púdrete Flanders
[2020-09-21 14:51:05,305] {logging_mixin.py:112} INFO - Púdrete Flanders
[2020-09-21 14:51:05,305] {logging_mixin.py:112} INFO - Púdrete Flanders
[2020-09-21 14:51:05,305] {logging_mixin.py:112} INFO - Púdrete Flanders
[2020-09-21 14:51:05,306] {logging_mixin.py:112} INFO - Púdrete Flanders
[2020-09-21 14:51:05,306] {logging_mixin.py:112} INFO - Púdrete Flanders
[2020-09-21 14:51:05,306] {logging_mixin.py:112} INFO - Púdrete Flanders
[2020-09-21 14:51:05,306] {logging_mixin.py:112} INFO - Púdrete Flanders
[2020-09-21 14:51:05,306] {logging_mixin.py:112} INFO - Púdrete Flanders
[2020-09-21 14:51:05,306] {logging_mixin.py:112} INFO - Púdrete Flanders
[2020-09-21 14:51:05,306] {logging_mixin.py:112} INFO - Púdrete Flanders
[2020-09-21 14:51:05,306] {logging_mixin.py:112} INFO - Púdrete Flanders
[2020-09-21 14:51:05,306] {logging_mixin.py:112} INFO - Púdrete Flanders
[2020-09-21 14:51:05,306] {logging_mixin.py:112} INFO - Púdrete Flanders
[2020-09-21 14:51:05,306] {logging_mixin.py:112} INFO - Púdrete Flanders
[2020-09-21 14:51:05,306] {logging_mixin.py:112} INFO - Púdrete Flanders
[2020-09-21 14:51:05,306] {logging_mixin.py:112} INFO - Púdrete Flanders
[2020-09-21 14:51:05,306] {logging_mixin.py:112} INFO - Púdrete Flanders
[2020-09-21 14:51:05,307] {logging_mixin.py:112} INFO - Púdrete Flanders
[2020-09-21 14:51:05,307] {logging_mixin.py:112} INFO - Púdrete Flanders
[2020-09-21 14:51:05,307] {logging_mixin.py:112} INFO - Púdrete Flanders
[2020-09-21 14:51:05,307] {logging_mixin.py:112} INFO - Púdrete Flanders
[2020-09-21 14:51:05,307] {logging_mixin.py:112} INFO - Púdrete Flanders
[2020-09-21 14:51:05,307] {logging_mixin.py:112} INFO - Púdrete Flanders
[2020-09-21 14:51:05,307] {logging_mixin.py:112} INFO - Púdrete Flanders
[2020-09-21 14:51:05,307] {logging_mixin.py:112} INFO - Púdrete Flanders
[2020-09-21 14:51:05,307] {logging_mixin.py:112} INFO - Púdrete Flanders
[2020-09-21 14:51:05,307] {logging_mixin.py:112} INFO - Púdrete Flanders
[2020-09-21 14:51:05,307] {logging_mixin.py:112} INFO - Púdrete Flanders
[2020-09-21 14:51:05,307] {logging_mixin.py:112} INFO - Púdrete Flanders
[2020-09-21 14:51:05,307] {logging_mixin.py:112} INFO - Púdrete Flanders
[2020-09-21 14:51:05,308] {logging_mixin.py:112} INFO - Púdrete Flanders
[2020-09-21 14:51:05,308] {logging_mixin.py:112} INFO - Púdrete Flanders
[2020-09-21 14:51:05,308] {logging_mixin.py:112} INFO - Púdrete Flanders
[2020-09-21 14:51:05,308] {logging_mixin.py:112} INFO - Púdrete Flanders
[2020-09-21 14:51:05,308] {logging_mixin.py:112} INFO - Púdrete Flanders
[2020-09-21 14:51:05,308] {logging_mixin.py:112} INFO - Púdrete Flanders
[2020-09-21 14:51:05,308] {logging_mixin.py:112} INFO - Púdrete Flanders
[2020-09-21 14:51:05,308] {logging_mixin.py:112} INFO - Púdrete Flanders
[2020-09-21 14:51:05,308] {logging_mixin.py:112} INFO - Púdrete Flanders
[2020-09-21 14:51:05,308] {logging_mixin.py:112} INFO - Púdrete Flanders
[2020-09-21 14:51:05,308] {logging_mixin.py:112} INFO - Púdrete Flanders
[2020-09-21 14:51:05,308] {logging_mixin.py:112} INFO - Púdrete Flanders
[2020-09-21 14:51:05,308] {logging_mixin.py:112} INFO - Púdrete Flanders
[2020-09-21 14:51:05,309] {python_operator.py:114} INFO - Done. Returned value was: None
[2020-09-21 14:51:05,320] {taskinstance.py:1065} INFO - Marking task as SUCCESS.dag_id=dag_homer_essay, task_id=wr_body, execution_date=20200628T000000, start_date=20200921T145105, end_date=20200921T145105
[2020-09-21 14:51:15,071] {logging_mixin.py:112} INFO - [2020-09-21 14:51:15,071] {local_task_job.py:103} INFO - Task exited with return code 0
