[2020-09-21 15:03:45,922] {taskinstance.py:669} INFO - Dependencies all met for <TaskInstance: dag_homer_essay.wr_body 2020-08-30T00:00:00+00:00 [queued]>
[2020-09-21 15:03:45,941] {taskinstance.py:669} INFO - Dependencies all met for <TaskInstance: dag_homer_essay.wr_body 2020-08-30T00:00:00+00:00 [queued]>
[2020-09-21 15:03:45,941] {taskinstance.py:879} INFO - 
--------------------------------------------------------------------------------
[2020-09-21 15:03:45,941] {taskinstance.py:880} INFO - Starting attempt 1 of 1
[2020-09-21 15:03:45,942] {taskinstance.py:881} INFO - 
--------------------------------------------------------------------------------
[2020-09-21 15:03:45,956] {taskinstance.py:900} INFO - Executing <Task(PythonOperator): wr_body> on 2020-08-30T00:00:00+00:00
[2020-09-21 15:03:45,960] {standard_task_runner.py:53} INFO - Started process 26639 to run task
[2020-09-21 15:03:46,146] {logging_mixin.py:112} INFO - Running %s on host %s <TaskInstance: dag_homer_essay.wr_body 2020-08-30T00:00:00+00:00 [running]> b349191ed544
[2020-09-21 15:03:46,166] {logging_mixin.py:112} INFO - Púdrete Flanders
[2020-09-21 15:03:46,167] {logging_mixin.py:112} INFO - Púdrete Flanders
[2020-09-21 15:03:46,167] {logging_mixin.py:112} INFO - Púdrete Flanders
[2020-09-21 15:03:46,167] {logging_mixin.py:112} INFO - Púdrete Flanders
[2020-09-21 15:03:46,167] {logging_mixin.py:112} INFO - Púdrete Flanders
[2020-09-21 15:03:46,167] {logging_mixin.py:112} INFO - Púdrete Flanders
[2020-09-21 15:03:46,167] {logging_mixin.py:112} INFO - Púdrete Flanders
[2020-09-21 15:03:46,167] {logging_mixin.py:112} INFO - Púdrete Flanders
[2020-09-21 15:03:46,167] {logging_mixin.py:112} INFO - Púdrete Flanders
[2020-09-21 15:03:46,167] {logging_mixin.py:112} INFO - Púdrete Flanders
[2020-09-21 15:03:46,167] {logging_mixin.py:112} INFO - Púdrete Flanders
[2020-09-21 15:03:46,167] {logging_mixin.py:112} INFO - Púdrete Flanders
[2020-09-21 15:03:46,167] {logging_mixin.py:112} INFO - Púdrete Flanders
[2020-09-21 15:03:46,167] {logging_mixin.py:112} INFO - Púdrete Flanders
[2020-09-21 15:03:46,168] {logging_mixin.py:112} INFO - Púdrete Flanders
[2020-09-21 15:03:46,168] {logging_mixin.py:112} INFO - Púdrete Flanders
[2020-09-21 15:03:46,168] {logging_mixin.py:112} INFO - Púdrete Flanders
[2020-09-21 15:03:46,168] {logging_mixin.py:112} INFO - Púdrete Flanders
[2020-09-21 15:03:46,168] {logging_mixin.py:112} INFO - Púdrete Flanders
[2020-09-21 15:03:46,168] {logging_mixin.py:112} INFO - Púdrete Flanders
[2020-09-21 15:03:46,168] {logging_mixin.py:112} INFO - Púdrete Flanders
[2020-09-21 15:03:46,168] {logging_mixin.py:112} INFO - Púdrete Flanders
[2020-09-21 15:03:46,168] {logging_mixin.py:112} INFO - Púdrete Flanders
[2020-09-21 15:03:46,168] {logging_mixin.py:112} INFO - Púdrete Flanders
[2020-09-21 15:03:46,168] {logging_mixin.py:112} INFO - Púdrete Flanders
[2020-09-21 15:03:46,168] {logging_mixin.py:112} INFO - Púdrete Flanders
[2020-09-21 15:03:46,168] {logging_mixin.py:112} INFO - Púdrete Flanders
[2020-09-21 15:03:46,168] {logging_mixin.py:112} INFO - Púdrete Flanders
[2020-09-21 15:03:46,168] {logging_mixin.py:112} INFO - Púdrete Flanders
[2020-09-21 15:03:46,168] {logging_mixin.py:112} INFO - Púdrete Flanders
[2020-09-21 15:03:46,168] {logging_mixin.py:112} INFO - Púdrete Flanders
[2020-09-21 15:03:46,168] {logging_mixin.py:112} INFO - Púdrete Flanders
[2020-09-21 15:03:46,169] {logging_mixin.py:112} INFO - Púdrete Flanders
[2020-09-21 15:03:46,169] {logging_mixin.py:112} INFO - Púdrete Flanders
[2020-09-21 15:03:46,169] {logging_mixin.py:112} INFO - Púdrete Flanders
[2020-09-21 15:03:46,169] {logging_mixin.py:112} INFO - Púdrete Flanders
[2020-09-21 15:03:46,169] {logging_mixin.py:112} INFO - Púdrete Flanders
[2020-09-21 15:03:46,169] {logging_mixin.py:112} INFO - Púdrete Flanders
[2020-09-21 15:03:46,169] {logging_mixin.py:112} INFO - Púdrete Flanders
[2020-09-21 15:03:46,169] {logging_mixin.py:112} INFO - Púdrete Flanders
[2020-09-21 15:03:46,169] {logging_mixin.py:112} INFO - Púdrete Flanders
[2020-09-21 15:03:46,169] {logging_mixin.py:112} INFO - Púdrete Flanders
[2020-09-21 15:03:46,169] {logging_mixin.py:112} INFO - Púdrete Flanders
[2020-09-21 15:03:46,169] {logging_mixin.py:112} INFO - Púdrete Flanders
[2020-09-21 15:03:46,169] {logging_mixin.py:112} INFO - Púdrete Flanders
[2020-09-21 15:03:46,169] {logging_mixin.py:112} INFO - Púdrete Flanders
[2020-09-21 15:03:46,169] {logging_mixin.py:112} INFO - Púdrete Flanders
[2020-09-21 15:03:46,169] {logging_mixin.py:112} INFO - Púdrete Flanders
[2020-09-21 15:03:46,169] {logging_mixin.py:112} INFO - Púdrete Flanders
[2020-09-21 15:03:46,169] {logging_mixin.py:112} INFO - Púdrete Flanders
[2020-09-21 15:03:46,170] {python_operator.py:114} INFO - Done. Returned value was: None
[2020-09-21 15:03:46,181] {taskinstance.py:1065} INFO - Marking task as SUCCESS.dag_id=dag_homer_essay, task_id=wr_body, execution_date=20200830T000000, start_date=20200921T150345, end_date=20200921T150346
[2020-09-21 15:03:55,906] {logging_mixin.py:112} INFO - [2020-09-21 15:03:55,906] {local_task_job.py:103} INFO - Task exited with return code 0
