[2020-09-21 14:49:02,929] {taskinstance.py:669} INFO - Dependencies all met for <TaskInstance: dag_homer_essay.wr_body 2020-06-18T00:00:00+00:00 [queued]>
[2020-09-21 14:49:02,946] {taskinstance.py:669} INFO - Dependencies all met for <TaskInstance: dag_homer_essay.wr_body 2020-06-18T00:00:00+00:00 [queued]>
[2020-09-21 14:49:02,947] {taskinstance.py:879} INFO - 
--------------------------------------------------------------------------------
[2020-09-21 14:49:02,947] {taskinstance.py:880} INFO - Starting attempt 1 of 1
[2020-09-21 14:49:02,947] {taskinstance.py:881} INFO - 
--------------------------------------------------------------------------------
[2020-09-21 14:49:02,958] {taskinstance.py:900} INFO - Executing <Task(PythonOperator): wr_body> on 2020-06-18T00:00:00+00:00
[2020-09-21 14:49:02,960] {standard_task_runner.py:53} INFO - Started process 14375 to run task
[2020-09-21 14:49:03,080] {logging_mixin.py:112} INFO - Running %s on host %s <TaskInstance: dag_homer_essay.wr_body 2020-06-18T00:00:00+00:00 [running]> b349191ed544
[2020-09-21 14:49:03,119] {logging_mixin.py:112} INFO - Púdrete Flanders
[2020-09-21 14:49:03,120] {logging_mixin.py:112} INFO - Púdrete Flanders
[2020-09-21 14:49:03,120] {logging_mixin.py:112} INFO - Púdrete Flanders
[2020-09-21 14:49:03,120] {logging_mixin.py:112} INFO - Púdrete Flanders
[2020-09-21 14:49:03,120] {logging_mixin.py:112} INFO - Púdrete Flanders
[2020-09-21 14:49:03,120] {logging_mixin.py:112} INFO - Púdrete Flanders
[2020-09-21 14:49:03,120] {logging_mixin.py:112} INFO - Púdrete Flanders
[2020-09-21 14:49:03,120] {logging_mixin.py:112} INFO - Púdrete Flanders
[2020-09-21 14:49:03,120] {logging_mixin.py:112} INFO - Púdrete Flanders
[2020-09-21 14:49:03,120] {logging_mixin.py:112} INFO - Púdrete Flanders
[2020-09-21 14:49:03,120] {logging_mixin.py:112} INFO - Púdrete Flanders
[2020-09-21 14:49:03,121] {logging_mixin.py:112} INFO - Púdrete Flanders
[2020-09-21 14:49:03,121] {logging_mixin.py:112} INFO - Púdrete Flanders
[2020-09-21 14:49:03,121] {logging_mixin.py:112} INFO - Púdrete Flanders
[2020-09-21 14:49:03,121] {logging_mixin.py:112} INFO - Púdrete Flanders
[2020-09-21 14:49:03,121] {logging_mixin.py:112} INFO - Púdrete Flanders
[2020-09-21 14:49:03,121] {logging_mixin.py:112} INFO - Púdrete Flanders
[2020-09-21 14:49:03,121] {logging_mixin.py:112} INFO - Púdrete Flanders
[2020-09-21 14:49:03,121] {logging_mixin.py:112} INFO - Púdrete Flanders
[2020-09-21 14:49:03,121] {logging_mixin.py:112} INFO - Púdrete Flanders
[2020-09-21 14:49:03,121] {logging_mixin.py:112} INFO - Púdrete Flanders
[2020-09-21 14:49:03,121] {logging_mixin.py:112} INFO - Púdrete Flanders
[2020-09-21 14:49:03,121] {logging_mixin.py:112} INFO - Púdrete Flanders
[2020-09-21 14:49:03,121] {logging_mixin.py:112} INFO - Púdrete Flanders
[2020-09-21 14:49:03,121] {logging_mixin.py:112} INFO - Púdrete Flanders
[2020-09-21 14:49:03,121] {logging_mixin.py:112} INFO - Púdrete Flanders
[2020-09-21 14:49:03,121] {logging_mixin.py:112} INFO - Púdrete Flanders
[2020-09-21 14:49:03,121] {logging_mixin.py:112} INFO - Púdrete Flanders
[2020-09-21 14:49:03,122] {logging_mixin.py:112} INFO - Púdrete Flanders
[2020-09-21 14:49:03,122] {logging_mixin.py:112} INFO - Púdrete Flanders
[2020-09-21 14:49:03,122] {logging_mixin.py:112} INFO - Púdrete Flanders
[2020-09-21 14:49:03,122] {logging_mixin.py:112} INFO - Púdrete Flanders
[2020-09-21 14:49:03,122] {logging_mixin.py:112} INFO - Púdrete Flanders
[2020-09-21 14:49:03,122] {logging_mixin.py:112} INFO - Púdrete Flanders
[2020-09-21 14:49:03,122] {logging_mixin.py:112} INFO - Púdrete Flanders
[2020-09-21 14:49:03,122] {logging_mixin.py:112} INFO - Púdrete Flanders
[2020-09-21 14:49:03,122] {logging_mixin.py:112} INFO - Púdrete Flanders
[2020-09-21 14:49:03,122] {logging_mixin.py:112} INFO - Púdrete Flanders
[2020-09-21 14:49:03,122] {logging_mixin.py:112} INFO - Púdrete Flanders
[2020-09-21 14:49:03,122] {logging_mixin.py:112} INFO - Púdrete Flanders
[2020-09-21 14:49:03,122] {logging_mixin.py:112} INFO - Púdrete Flanders
[2020-09-21 14:49:03,122] {logging_mixin.py:112} INFO - Púdrete Flanders
[2020-09-21 14:49:03,122] {logging_mixin.py:112} INFO - Púdrete Flanders
[2020-09-21 14:49:03,122] {logging_mixin.py:112} INFO - Púdrete Flanders
[2020-09-21 14:49:03,122] {logging_mixin.py:112} INFO - Púdrete Flanders
[2020-09-21 14:49:03,123] {logging_mixin.py:112} INFO - Púdrete Flanders
[2020-09-21 14:49:03,123] {logging_mixin.py:112} INFO - Púdrete Flanders
[2020-09-21 14:49:03,123] {logging_mixin.py:112} INFO - Púdrete Flanders
[2020-09-21 14:49:03,123] {logging_mixin.py:112} INFO - Púdrete Flanders
[2020-09-21 14:49:03,123] {logging_mixin.py:112} INFO - Púdrete Flanders
[2020-09-21 14:49:03,123] {python_operator.py:114} INFO - Done. Returned value was: None
[2020-09-21 14:49:03,143] {taskinstance.py:1065} INFO - Marking task as SUCCESS.dag_id=dag_homer_essay, task_id=wr_body, execution_date=20200618T000000, start_date=20200921T144902, end_date=20200921T144903
[2020-09-21 14:49:12,917] {logging_mixin.py:112} INFO - [2020-09-21 14:49:12,916] {local_task_job.py:103} INFO - Task exited with return code 0
