[2020-09-21 14:57:07,235] {taskinstance.py:669} INFO - Dependencies all met for <TaskInstance: dag_homer_essay.wr_body 2020-07-28T00:00:00+00:00 [queued]>
[2020-09-21 14:57:07,250] {taskinstance.py:669} INFO - Dependencies all met for <TaskInstance: dag_homer_essay.wr_body 2020-07-28T00:00:00+00:00 [queued]>
[2020-09-21 14:57:07,250] {taskinstance.py:879} INFO - 
--------------------------------------------------------------------------------
[2020-09-21 14:57:07,250] {taskinstance.py:880} INFO - Starting attempt 1 of 1
[2020-09-21 14:57:07,250] {taskinstance.py:881} INFO - 
--------------------------------------------------------------------------------
[2020-09-21 14:57:07,260] {taskinstance.py:900} INFO - Executing <Task(PythonOperator): wr_body> on 2020-07-28T00:00:00+00:00
[2020-09-21 14:57:07,263] {standard_task_runner.py:53} INFO - Started process 21096 to run task
[2020-09-21 14:57:07,396] {logging_mixin.py:112} INFO - Running %s on host %s <TaskInstance: dag_homer_essay.wr_body 2020-07-28T00:00:00+00:00 [running]> b349191ed544
[2020-09-21 14:57:07,418] {logging_mixin.py:112} INFO - Púdrete Flanders
[2020-09-21 14:57:07,418] {logging_mixin.py:112} INFO - Púdrete Flanders
[2020-09-21 14:57:07,418] {logging_mixin.py:112} INFO - Púdrete Flanders
[2020-09-21 14:57:07,418] {logging_mixin.py:112} INFO - Púdrete Flanders
[2020-09-21 14:57:07,418] {logging_mixin.py:112} INFO - Púdrete Flanders
[2020-09-21 14:57:07,418] {logging_mixin.py:112} INFO - Púdrete Flanders
[2020-09-21 14:57:07,419] {logging_mixin.py:112} INFO - Púdrete Flanders
[2020-09-21 14:57:07,419] {logging_mixin.py:112} INFO - Púdrete Flanders
[2020-09-21 14:57:07,419] {logging_mixin.py:112} INFO - Púdrete Flanders
[2020-09-21 14:57:07,419] {logging_mixin.py:112} INFO - Púdrete Flanders
[2020-09-21 14:57:07,419] {logging_mixin.py:112} INFO - Púdrete Flanders
[2020-09-21 14:57:07,419] {logging_mixin.py:112} INFO - Púdrete Flanders
[2020-09-21 14:57:07,419] {logging_mixin.py:112} INFO - Púdrete Flanders
[2020-09-21 14:57:07,419] {logging_mixin.py:112} INFO - Púdrete Flanders
[2020-09-21 14:57:07,419] {logging_mixin.py:112} INFO - Púdrete Flanders
[2020-09-21 14:57:07,419] {logging_mixin.py:112} INFO - Púdrete Flanders
[2020-09-21 14:57:07,419] {logging_mixin.py:112} INFO - Púdrete Flanders
[2020-09-21 14:57:07,419] {logging_mixin.py:112} INFO - Púdrete Flanders
[2020-09-21 14:57:07,419] {logging_mixin.py:112} INFO - Púdrete Flanders
[2020-09-21 14:57:07,419] {logging_mixin.py:112} INFO - Púdrete Flanders
[2020-09-21 14:57:07,419] {logging_mixin.py:112} INFO - Púdrete Flanders
[2020-09-21 14:57:07,419] {logging_mixin.py:112} INFO - Púdrete Flanders
[2020-09-21 14:57:07,420] {logging_mixin.py:112} INFO - Púdrete Flanders
[2020-09-21 14:57:07,420] {logging_mixin.py:112} INFO - Púdrete Flanders
[2020-09-21 14:57:07,420] {logging_mixin.py:112} INFO - Púdrete Flanders
[2020-09-21 14:57:07,420] {logging_mixin.py:112} INFO - Púdrete Flanders
[2020-09-21 14:57:07,420] {logging_mixin.py:112} INFO - Púdrete Flanders
[2020-09-21 14:57:07,420] {logging_mixin.py:112} INFO - Púdrete Flanders
[2020-09-21 14:57:07,420] {logging_mixin.py:112} INFO - Púdrete Flanders
[2020-09-21 14:57:07,420] {logging_mixin.py:112} INFO - Púdrete Flanders
[2020-09-21 14:57:07,420] {logging_mixin.py:112} INFO - Púdrete Flanders
[2020-09-21 14:57:07,420] {logging_mixin.py:112} INFO - Púdrete Flanders
[2020-09-21 14:57:07,420] {logging_mixin.py:112} INFO - Púdrete Flanders
[2020-09-21 14:57:07,420] {logging_mixin.py:112} INFO - Púdrete Flanders
[2020-09-21 14:57:07,420] {logging_mixin.py:112} INFO - Púdrete Flanders
[2020-09-21 14:57:07,420] {logging_mixin.py:112} INFO - Púdrete Flanders
[2020-09-21 14:57:07,420] {logging_mixin.py:112} INFO - Púdrete Flanders
[2020-09-21 14:57:07,421] {logging_mixin.py:112} INFO - Púdrete Flanders
[2020-09-21 14:57:07,421] {logging_mixin.py:112} INFO - Púdrete Flanders
[2020-09-21 14:57:07,421] {logging_mixin.py:112} INFO - Púdrete Flanders
[2020-09-21 14:57:07,421] {logging_mixin.py:112} INFO - Púdrete Flanders
[2020-09-21 14:57:07,421] {logging_mixin.py:112} INFO - Púdrete Flanders
[2020-09-21 14:57:07,421] {logging_mixin.py:112} INFO - Púdrete Flanders
[2020-09-21 14:57:07,421] {logging_mixin.py:112} INFO - Púdrete Flanders
[2020-09-21 14:57:07,421] {logging_mixin.py:112} INFO - Púdrete Flanders
[2020-09-21 14:57:07,421] {logging_mixin.py:112} INFO - Púdrete Flanders
[2020-09-21 14:57:07,421] {logging_mixin.py:112} INFO - Púdrete Flanders
[2020-09-21 14:57:07,421] {logging_mixin.py:112} INFO - Púdrete Flanders
[2020-09-21 14:57:07,421] {logging_mixin.py:112} INFO - Púdrete Flanders
[2020-09-21 14:57:07,421] {logging_mixin.py:112} INFO - Púdrete Flanders
[2020-09-21 14:57:07,421] {python_operator.py:114} INFO - Done. Returned value was: None
[2020-09-21 14:57:07,430] {taskinstance.py:1065} INFO - Marking task as SUCCESS.dag_id=dag_homer_essay, task_id=wr_body, execution_date=20200728T000000, start_date=20200921T145707, end_date=20200921T145707
[2020-09-21 14:57:17,227] {logging_mixin.py:112} INFO - [2020-09-21 14:57:17,227] {local_task_job.py:103} INFO - Task exited with return code 0
