[2020-09-21 14:51:16,965] {taskinstance.py:669} INFO - Dependencies all met for <TaskInstance: dag_homer_essay.wr_body 2020-06-29T00:00:00+00:00 [queued]>
[2020-09-21 14:51:16,985] {taskinstance.py:669} INFO - Dependencies all met for <TaskInstance: dag_homer_essay.wr_body 2020-06-29T00:00:00+00:00 [queued]>
[2020-09-21 14:51:16,985] {taskinstance.py:879} INFO - 
--------------------------------------------------------------------------------
[2020-09-21 14:51:16,985] {taskinstance.py:880} INFO - Starting attempt 1 of 1
[2020-09-21 14:51:16,985] {taskinstance.py:881} INFO - 
--------------------------------------------------------------------------------
[2020-09-21 14:51:16,991] {taskinstance.py:900} INFO - Executing <Task(PythonOperator): wr_body> on 2020-06-29T00:00:00+00:00
[2020-09-21 14:51:16,994] {standard_task_runner.py:53} INFO - Started process 16233 to run task
[2020-09-21 14:51:17,115] {logging_mixin.py:112} INFO - Running %s on host %s <TaskInstance: dag_homer_essay.wr_body 2020-06-29T00:00:00+00:00 [running]> b349191ed544
[2020-09-21 14:51:17,134] {logging_mixin.py:112} INFO - Púdrete Flanders
[2020-09-21 14:51:17,135] {logging_mixin.py:112} INFO - Púdrete Flanders
[2020-09-21 14:51:17,135] {logging_mixin.py:112} INFO - Púdrete Flanders
[2020-09-21 14:51:17,135] {logging_mixin.py:112} INFO - Púdrete Flanders
[2020-09-21 14:51:17,135] {logging_mixin.py:112} INFO - Púdrete Flanders
[2020-09-21 14:51:17,135] {logging_mixin.py:112} INFO - Púdrete Flanders
[2020-09-21 14:51:17,135] {logging_mixin.py:112} INFO - Púdrete Flanders
[2020-09-21 14:51:17,135] {logging_mixin.py:112} INFO - Púdrete Flanders
[2020-09-21 14:51:17,135] {logging_mixin.py:112} INFO - Púdrete Flanders
[2020-09-21 14:51:17,135] {logging_mixin.py:112} INFO - Púdrete Flanders
[2020-09-21 14:51:17,135] {logging_mixin.py:112} INFO - Púdrete Flanders
[2020-09-21 14:51:17,135] {logging_mixin.py:112} INFO - Púdrete Flanders
[2020-09-21 14:51:17,135] {logging_mixin.py:112} INFO - Púdrete Flanders
[2020-09-21 14:51:17,135] {logging_mixin.py:112} INFO - Púdrete Flanders
[2020-09-21 14:51:17,136] {logging_mixin.py:112} INFO - Púdrete Flanders
[2020-09-21 14:51:17,136] {logging_mixin.py:112} INFO - Púdrete Flanders
[2020-09-21 14:51:17,136] {logging_mixin.py:112} INFO - Púdrete Flanders
[2020-09-21 14:51:17,136] {logging_mixin.py:112} INFO - Púdrete Flanders
[2020-09-21 14:51:17,136] {logging_mixin.py:112} INFO - Púdrete Flanders
[2020-09-21 14:51:17,136] {logging_mixin.py:112} INFO - Púdrete Flanders
[2020-09-21 14:51:17,136] {logging_mixin.py:112} INFO - Púdrete Flanders
[2020-09-21 14:51:17,136] {logging_mixin.py:112} INFO - Púdrete Flanders
[2020-09-21 14:51:17,136] {logging_mixin.py:112} INFO - Púdrete Flanders
[2020-09-21 14:51:17,136] {logging_mixin.py:112} INFO - Púdrete Flanders
[2020-09-21 14:51:17,136] {logging_mixin.py:112} INFO - Púdrete Flanders
[2020-09-21 14:51:17,136] {logging_mixin.py:112} INFO - Púdrete Flanders
[2020-09-21 14:51:17,136] {logging_mixin.py:112} INFO - Púdrete Flanders
[2020-09-21 14:51:17,136] {logging_mixin.py:112} INFO - Púdrete Flanders
[2020-09-21 14:51:17,136] {logging_mixin.py:112} INFO - Púdrete Flanders
[2020-09-21 14:51:17,137] {logging_mixin.py:112} INFO - Púdrete Flanders
[2020-09-21 14:51:17,137] {logging_mixin.py:112} INFO - Púdrete Flanders
[2020-09-21 14:51:17,137] {logging_mixin.py:112} INFO - Púdrete Flanders
[2020-09-21 14:51:17,137] {logging_mixin.py:112} INFO - Púdrete Flanders
[2020-09-21 14:51:17,137] {logging_mixin.py:112} INFO - Púdrete Flanders
[2020-09-21 14:51:17,137] {logging_mixin.py:112} INFO - Púdrete Flanders
[2020-09-21 14:51:17,137] {logging_mixin.py:112} INFO - Púdrete Flanders
[2020-09-21 14:51:17,137] {logging_mixin.py:112} INFO - Púdrete Flanders
[2020-09-21 14:51:17,137] {logging_mixin.py:112} INFO - Púdrete Flanders
[2020-09-21 14:51:17,137] {logging_mixin.py:112} INFO - Púdrete Flanders
[2020-09-21 14:51:17,137] {logging_mixin.py:112} INFO - Púdrete Flanders
[2020-09-21 14:51:17,137] {logging_mixin.py:112} INFO - Púdrete Flanders
[2020-09-21 14:51:17,137] {logging_mixin.py:112} INFO - Púdrete Flanders
[2020-09-21 14:51:17,137] {logging_mixin.py:112} INFO - Púdrete Flanders
[2020-09-21 14:51:17,137] {logging_mixin.py:112} INFO - Púdrete Flanders
[2020-09-21 14:51:17,137] {logging_mixin.py:112} INFO - Púdrete Flanders
[2020-09-21 14:51:17,137] {logging_mixin.py:112} INFO - Púdrete Flanders
[2020-09-21 14:51:17,137] {logging_mixin.py:112} INFO - Púdrete Flanders
[2020-09-21 14:51:17,137] {logging_mixin.py:112} INFO - Púdrete Flanders
[2020-09-21 14:51:17,137] {logging_mixin.py:112} INFO - Púdrete Flanders
[2020-09-21 14:51:17,137] {logging_mixin.py:112} INFO - Púdrete Flanders
[2020-09-21 14:51:17,137] {python_operator.py:114} INFO - Done. Returned value was: None
[2020-09-21 14:51:17,148] {taskinstance.py:1065} INFO - Marking task as SUCCESS.dag_id=dag_homer_essay, task_id=wr_body, execution_date=20200629T000000, start_date=20200921T145116, end_date=20200921T145117
[2020-09-21 14:51:26,952] {logging_mixin.py:112} INFO - [2020-09-21 14:51:26,952] {local_task_job.py:103} INFO - Task exited with return code 0
