[2020-09-21 14:45:00,468] {taskinstance.py:669} INFO - Dependencies all met for <TaskInstance: dag_homer_essay.wr_body 2020-05-29T00:00:00+00:00 [queued]>
[2020-09-21 14:45:00,482] {taskinstance.py:669} INFO - Dependencies all met for <TaskInstance: dag_homer_essay.wr_body 2020-05-29T00:00:00+00:00 [queued]>
[2020-09-21 14:45:00,483] {taskinstance.py:879} INFO - 
--------------------------------------------------------------------------------
[2020-09-21 14:45:00,483] {taskinstance.py:880} INFO - Starting attempt 1 of 1
[2020-09-21 14:45:00,483] {taskinstance.py:881} INFO - 
--------------------------------------------------------------------------------
[2020-09-21 14:45:00,492] {taskinstance.py:900} INFO - Executing <Task(PythonOperator): wr_body> on 2020-05-29T00:00:00+00:00
[2020-09-21 14:45:00,494] {standard_task_runner.py:53} INFO - Started process 11016 to run task
[2020-09-21 14:45:00,605] {logging_mixin.py:112} INFO - Running %s on host %s <TaskInstance: dag_homer_essay.wr_body 2020-05-29T00:00:00+00:00 [running]> b349191ed544
[2020-09-21 14:45:00,621] {logging_mixin.py:112} INFO - Púdrete Flanders
[2020-09-21 14:45:00,621] {logging_mixin.py:112} INFO - Púdrete Flanders
[2020-09-21 14:45:00,621] {logging_mixin.py:112} INFO - Púdrete Flanders
[2020-09-21 14:45:00,621] {logging_mixin.py:112} INFO - Púdrete Flanders
[2020-09-21 14:45:00,621] {logging_mixin.py:112} INFO - Púdrete Flanders
[2020-09-21 14:45:00,621] {logging_mixin.py:112} INFO - Púdrete Flanders
[2020-09-21 14:45:00,621] {logging_mixin.py:112} INFO - Púdrete Flanders
[2020-09-21 14:45:00,621] {logging_mixin.py:112} INFO - Púdrete Flanders
[2020-09-21 14:45:00,621] {logging_mixin.py:112} INFO - Púdrete Flanders
[2020-09-21 14:45:00,622] {logging_mixin.py:112} INFO - Púdrete Flanders
[2020-09-21 14:45:00,622] {logging_mixin.py:112} INFO - Púdrete Flanders
[2020-09-21 14:45:00,622] {logging_mixin.py:112} INFO - Púdrete Flanders
[2020-09-21 14:45:00,622] {logging_mixin.py:112} INFO - Púdrete Flanders
[2020-09-21 14:45:00,622] {logging_mixin.py:112} INFO - Púdrete Flanders
[2020-09-21 14:45:00,622] {logging_mixin.py:112} INFO - Púdrete Flanders
[2020-09-21 14:45:00,622] {logging_mixin.py:112} INFO - Púdrete Flanders
[2020-09-21 14:45:00,622] {logging_mixin.py:112} INFO - Púdrete Flanders
[2020-09-21 14:45:00,622] {logging_mixin.py:112} INFO - Púdrete Flanders
[2020-09-21 14:45:00,622] {logging_mixin.py:112} INFO - Púdrete Flanders
[2020-09-21 14:45:00,622] {logging_mixin.py:112} INFO - Púdrete Flanders
[2020-09-21 14:45:00,622] {logging_mixin.py:112} INFO - Púdrete Flanders
[2020-09-21 14:45:00,622] {logging_mixin.py:112} INFO - Púdrete Flanders
[2020-09-21 14:45:00,622] {logging_mixin.py:112} INFO - Púdrete Flanders
[2020-09-21 14:45:00,622] {logging_mixin.py:112} INFO - Púdrete Flanders
[2020-09-21 14:45:00,622] {logging_mixin.py:112} INFO - Púdrete Flanders
[2020-09-21 14:45:00,622] {logging_mixin.py:112} INFO - Púdrete Flanders
[2020-09-21 14:45:00,622] {logging_mixin.py:112} INFO - Púdrete Flanders
[2020-09-21 14:45:00,622] {logging_mixin.py:112} INFO - Púdrete Flanders
[2020-09-21 14:45:00,622] {logging_mixin.py:112} INFO - Púdrete Flanders
[2020-09-21 14:45:00,622] {logging_mixin.py:112} INFO - Púdrete Flanders
[2020-09-21 14:45:00,622] {logging_mixin.py:112} INFO - Púdrete Flanders
[2020-09-21 14:45:00,623] {logging_mixin.py:112} INFO - Púdrete Flanders
[2020-09-21 14:45:00,623] {logging_mixin.py:112} INFO - Púdrete Flanders
[2020-09-21 14:45:00,623] {logging_mixin.py:112} INFO - Púdrete Flanders
[2020-09-21 14:45:00,623] {logging_mixin.py:112} INFO - Púdrete Flanders
[2020-09-21 14:45:00,623] {logging_mixin.py:112} INFO - Púdrete Flanders
[2020-09-21 14:45:00,623] {logging_mixin.py:112} INFO - Púdrete Flanders
[2020-09-21 14:45:00,623] {logging_mixin.py:112} INFO - Púdrete Flanders
[2020-09-21 14:45:00,623] {logging_mixin.py:112} INFO - Púdrete Flanders
[2020-09-21 14:45:00,623] {logging_mixin.py:112} INFO - Púdrete Flanders
[2020-09-21 14:45:00,623] {logging_mixin.py:112} INFO - Púdrete Flanders
[2020-09-21 14:45:00,623] {logging_mixin.py:112} INFO - Púdrete Flanders
[2020-09-21 14:45:00,623] {logging_mixin.py:112} INFO - Púdrete Flanders
[2020-09-21 14:45:00,623] {logging_mixin.py:112} INFO - Púdrete Flanders
[2020-09-21 14:45:00,623] {logging_mixin.py:112} INFO - Púdrete Flanders
[2020-09-21 14:45:00,623] {logging_mixin.py:112} INFO - Púdrete Flanders
[2020-09-21 14:45:00,623] {logging_mixin.py:112} INFO - Púdrete Flanders
[2020-09-21 14:45:00,623] {logging_mixin.py:112} INFO - Púdrete Flanders
[2020-09-21 14:45:00,623] {logging_mixin.py:112} INFO - Púdrete Flanders
[2020-09-21 14:45:00,623] {logging_mixin.py:112} INFO - Púdrete Flanders
[2020-09-21 14:45:00,623] {python_operator.py:114} INFO - Done. Returned value was: None
[2020-09-21 14:45:00,630] {taskinstance.py:1065} INFO - Marking task as SUCCESS.dag_id=dag_homer_essay, task_id=wr_body, execution_date=20200529T000000, start_date=20200921T144500, end_date=20200921T144500
[2020-09-21 14:45:10,470] {logging_mixin.py:112} INFO - [2020-09-21 14:45:10,470] {local_task_job.py:103} INFO - Task exited with return code 0
