[2020-09-21 15:00:07,592] {taskinstance.py:669} INFO - Dependencies all met for <TaskInstance: dag_homer_essay.wr_body 2020-08-12T00:00:00+00:00 [queued]>
[2020-09-21 15:00:07,609] {taskinstance.py:669} INFO - Dependencies all met for <TaskInstance: dag_homer_essay.wr_body 2020-08-12T00:00:00+00:00 [queued]>
[2020-09-21 15:00:07,609] {taskinstance.py:879} INFO - 
--------------------------------------------------------------------------------
[2020-09-21 15:00:07,609] {taskinstance.py:880} INFO - Starting attempt 1 of 1
[2020-09-21 15:00:07,609] {taskinstance.py:881} INFO - 
--------------------------------------------------------------------------------
[2020-09-21 15:00:07,620] {taskinstance.py:900} INFO - Executing <Task(PythonOperator): wr_body> on 2020-08-12T00:00:00+00:00
[2020-09-21 15:00:07,623] {standard_task_runner.py:53} INFO - Started process 23605 to run task
[2020-09-21 15:00:07,746] {logging_mixin.py:112} INFO - Running %s on host %s <TaskInstance: dag_homer_essay.wr_body 2020-08-12T00:00:00+00:00 [running]> b349191ed544
[2020-09-21 15:00:07,767] {logging_mixin.py:112} INFO - Púdrete Flanders
[2020-09-21 15:00:07,767] {logging_mixin.py:112} INFO - Púdrete Flanders
[2020-09-21 15:00:07,767] {logging_mixin.py:112} INFO - Púdrete Flanders
[2020-09-21 15:00:07,767] {logging_mixin.py:112} INFO - Púdrete Flanders
[2020-09-21 15:00:07,768] {logging_mixin.py:112} INFO - Púdrete Flanders
[2020-09-21 15:00:07,768] {logging_mixin.py:112} INFO - Púdrete Flanders
[2020-09-21 15:00:07,768] {logging_mixin.py:112} INFO - Púdrete Flanders
[2020-09-21 15:00:07,768] {logging_mixin.py:112} INFO - Púdrete Flanders
[2020-09-21 15:00:07,768] {logging_mixin.py:112} INFO - Púdrete Flanders
[2020-09-21 15:00:07,768] {logging_mixin.py:112} INFO - Púdrete Flanders
[2020-09-21 15:00:07,768] {logging_mixin.py:112} INFO - Púdrete Flanders
[2020-09-21 15:00:07,768] {logging_mixin.py:112} INFO - Púdrete Flanders
[2020-09-21 15:00:07,768] {logging_mixin.py:112} INFO - Púdrete Flanders
[2020-09-21 15:00:07,768] {logging_mixin.py:112} INFO - Púdrete Flanders
[2020-09-21 15:00:07,768] {logging_mixin.py:112} INFO - Púdrete Flanders
[2020-09-21 15:00:07,768] {logging_mixin.py:112} INFO - Púdrete Flanders
[2020-09-21 15:00:07,768] {logging_mixin.py:112} INFO - Púdrete Flanders
[2020-09-21 15:00:07,768] {logging_mixin.py:112} INFO - Púdrete Flanders
[2020-09-21 15:00:07,769] {logging_mixin.py:112} INFO - Púdrete Flanders
[2020-09-21 15:00:07,769] {logging_mixin.py:112} INFO - Púdrete Flanders
[2020-09-21 15:00:07,769] {logging_mixin.py:112} INFO - Púdrete Flanders
[2020-09-21 15:00:07,769] {logging_mixin.py:112} INFO - Púdrete Flanders
[2020-09-21 15:00:07,769] {logging_mixin.py:112} INFO - Púdrete Flanders
[2020-09-21 15:00:07,769] {logging_mixin.py:112} INFO - Púdrete Flanders
[2020-09-21 15:00:07,769] {logging_mixin.py:112} INFO - Púdrete Flanders
[2020-09-21 15:00:07,769] {logging_mixin.py:112} INFO - Púdrete Flanders
[2020-09-21 15:00:07,769] {logging_mixin.py:112} INFO - Púdrete Flanders
[2020-09-21 15:00:07,769] {logging_mixin.py:112} INFO - Púdrete Flanders
[2020-09-21 15:00:07,769] {logging_mixin.py:112} INFO - Púdrete Flanders
[2020-09-21 15:00:07,769] {logging_mixin.py:112} INFO - Púdrete Flanders
[2020-09-21 15:00:07,769] {logging_mixin.py:112} INFO - Púdrete Flanders
[2020-09-21 15:00:07,770] {logging_mixin.py:112} INFO - Púdrete Flanders
[2020-09-21 15:00:07,770] {logging_mixin.py:112} INFO - Púdrete Flanders
[2020-09-21 15:00:07,770] {logging_mixin.py:112} INFO - Púdrete Flanders
[2020-09-21 15:00:07,770] {logging_mixin.py:112} INFO - Púdrete Flanders
[2020-09-21 15:00:07,770] {logging_mixin.py:112} INFO - Púdrete Flanders
[2020-09-21 15:00:07,770] {logging_mixin.py:112} INFO - Púdrete Flanders
[2020-09-21 15:00:07,770] {logging_mixin.py:112} INFO - Púdrete Flanders
[2020-09-21 15:00:07,770] {logging_mixin.py:112} INFO - Púdrete Flanders
[2020-09-21 15:00:07,770] {logging_mixin.py:112} INFO - Púdrete Flanders
[2020-09-21 15:00:07,770] {logging_mixin.py:112} INFO - Púdrete Flanders
[2020-09-21 15:00:07,770] {logging_mixin.py:112} INFO - Púdrete Flanders
[2020-09-21 15:00:07,770] {logging_mixin.py:112} INFO - Púdrete Flanders
[2020-09-21 15:00:07,770] {logging_mixin.py:112} INFO - Púdrete Flanders
[2020-09-21 15:00:07,771] {logging_mixin.py:112} INFO - Púdrete Flanders
[2020-09-21 15:00:07,771] {logging_mixin.py:112} INFO - Púdrete Flanders
[2020-09-21 15:00:07,771] {logging_mixin.py:112} INFO - Púdrete Flanders
[2020-09-21 15:00:07,771] {logging_mixin.py:112} INFO - Púdrete Flanders
[2020-09-21 15:00:07,771] {logging_mixin.py:112} INFO - Púdrete Flanders
[2020-09-21 15:00:07,771] {logging_mixin.py:112} INFO - Púdrete Flanders
[2020-09-21 15:00:07,771] {python_operator.py:114} INFO - Done. Returned value was: None
[2020-09-21 15:00:07,782] {taskinstance.py:1065} INFO - Marking task as SUCCESS.dag_id=dag_homer_essay, task_id=wr_body, execution_date=20200812T000000, start_date=20200921T150007, end_date=20200921T150007
[2020-09-21 15:00:17,579] {logging_mixin.py:112} INFO - [2020-09-21 15:00:17,578] {local_task_job.py:103} INFO - Task exited with return code 0
